{"C:\\laragon\\www\\e-raport-v4\\app\\api\\rapot\\generate\\identitas\\route.ts": {"path":"C:\\laragon\\www\\e-raport-v4\\app\\api\\rapot\\generate\\identitas\\route.ts","all":false,"statementMap":{"0":{"start":{"line":1,"column":0},"end":{"line":1,"column":60}},"1":{"start":{"line":2,"column":0},"end":{"line":2,"column":37}},"2":{"start":{"line":3,"column":0},"end":{"line":3,"column":41}},"3":{"start":{"line":4,"column":0},"end":{"line":4,"column":27}},"4":{"start":{"line":5,"column":0},"end":{"line":5,"column":33}},"5":{"start":{"line":6,"column":0},"end":{"line":6,"column":36}},"6":{"start":{"line":7,"column":0},"end":{"line":7,"column":19}},"7":{"start":{"line":8,"column":0},"end":{"line":8,"column":23}},"8":{"start":{"line":9,"column":0},"end":{"line":9,"column":0}},"9":{"start":{"line":10,"column":0},"end":{"line":10,"column":50}},"10":{"start":{"line":11,"column":0},"end":{"line":11,"column":7}},"11":{"start":{"line":12,"column":0},"end":{"line":12,"column":92}},"12":{"start":{"line":13,"column":0},"end":{"line":13,"column":0}},"13":{"start":{"line":14,"column":0},"end":{"line":14,"column":39}},"14":{"start":{"line":15,"column":0},"end":{"line":15,"column":31}},"15":{"start":{"line":16,"column":0},"end":{"line":16,"column":77}},"16":{"start":{"line":17,"column":0},"end":{"line":17,"column":23}},"17":{"start":{"line":18,"column":0},"end":{"line":18,"column":7}},"18":{"start":{"line":19,"column":0},"end":{"line":19,"column":5}},"19":{"start":{"line":20,"column":0},"end":{"line":20,"column":0}},"20":{"start":{"line":21,"column":0},"end":{"line":21,"column":38}},"21":{"start":{"line":22,"column":0},"end":{"line":22,"column":61}},"22":{"start":{"line":23,"column":0},"end":{"line":23,"column":14}},"23":{"start":{"line":24,"column":0},"end":{"line":24,"column":36}},"24":{"start":{"line":25,"column":0},"end":{"line":25,"column":24}},"25":{"start":{"line":26,"column":0},"end":{"line":26,"column":8}},"26":{"start":{"line":27,"column":0},"end":{"line":27,"column":6}},"27":{"start":{"line":28,"column":0},"end":{"line":28,"column":0}},"28":{"start":{"line":29,"column":0},"end":{"line":29,"column":20}},"29":{"start":{"line":30,"column":0},"end":{"line":30,"column":31}},"30":{"start":{"line":31,"column":0},"end":{"line":31,"column":114}},"31":{"start":{"line":32,"column":0},"end":{"line":32,"column":23}},"32":{"start":{"line":33,"column":0},"end":{"line":33,"column":7}},"33":{"start":{"line":34,"column":0},"end":{"line":34,"column":5}},"34":{"start":{"line":35,"column":0},"end":{"line":35,"column":0}},"35":{"start":{"line":36,"column":0},"end":{"line":36,"column":25}},"36":{"start":{"line":37,"column":0},"end":{"line":37,"column":49}},"37":{"start":{"line":38,"column":0},"end":{"line":38,"column":39}},"38":{"start":{"line":39,"column":0},"end":{"line":39,"column":15}},"39":{"start":{"line":40,"column":0},"end":{"line":40,"column":19}},"40":{"start":{"line":41,"column":0},"end":{"line":41,"column":18}},"41":{"start":{"line":42,"column":0},"end":{"line":42,"column":27}},"42":{"start":{"line":43,"column":0},"end":{"line":43,"column":28}},"43":{"start":{"line":44,"column":0},"end":{"line":44,"column":28}},"44":{"start":{"line":45,"column":0},"end":{"line":45,"column":20}},"45":{"start":{"line":46,"column":0},"end":{"line":46,"column":21}},"46":{"start":{"line":47,"column":0},"end":{"line":47,"column":24}},"47":{"start":{"line":48,"column":0},"end":{"line":48,"column":29}},"48":{"start":{"line":49,"column":0},"end":{"line":49,"column":26}},"49":{"start":{"line":50,"column":0},"end":{"line":50,"column":23}},"50":{"start":{"line":51,"column":0},"end":{"line":51,"column":28}},"51":{"start":{"line":52,"column":0},"end":{"line":52,"column":25}},"52":{"start":{"line":53,"column":0},"end":{"line":53,"column":24}},"53":{"start":{"line":54,"column":0},"end":{"line":54,"column":29}},"54":{"start":{"line":55,"column":0},"end":{"line":55,"column":26}},"55":{"start":{"line":56,"column":0},"end":{"line":56,"column":24}},"56":{"start":{"line":57,"column":0},"end":{"line":57,"column":16}},"57":{"start":{"line":58,"column":0},"end":{"line":58,"column":20}},"58":{"start":{"line":59,"column":0},"end":{"line":59,"column":29}},"59":{"start":{"line":60,"column":0},"end":{"line":60,"column":28}},"60":{"start":{"line":61,"column":0},"end":{"line":61,"column":12}},"61":{"start":{"line":62,"column":0},"end":{"line":62,"column":10}},"62":{"start":{"line":63,"column":0},"end":{"line":63,"column":20}},"63":{"start":{"line":64,"column":0},"end":{"line":64,"column":8}},"64":{"start":{"line":65,"column":0},"end":{"line":65,"column":6}},"65":{"start":{"line":66,"column":0},"end":{"line":66,"column":0}},"66":{"start":{"line":67,"column":0},"end":{"line":67,"column":72}},"67":{"start":{"line":68,"column":0},"end":{"line":68,"column":57}},"68":{"start":{"line":69,"column":0},"end":{"line":69,"column":14}},"69":{"start":{"line":70,"column":0},"end":{"line":70,"column":60}},"70":{"start":{"line":71,"column":0},"end":{"line":71,"column":63}},"71":{"start":{"line":72,"column":0},"end":{"line":72,"column":8}},"72":{"start":{"line":73,"column":0},"end":{"line":73,"column":6}},"73":{"start":{"line":74,"column":0},"end":{"line":74,"column":0}},"74":{"start":{"line":75,"column":0},"end":{"line":75,"column":17}},"75":{"start":{"line":76,"column":0},"end":{"line":76,"column":31}},"76":{"start":{"line":77,"column":0},"end":{"line":77,"column":59}},"77":{"start":{"line":78,"column":0},"end":{"line":78,"column":23}},"78":{"start":{"line":79,"column":0},"end":{"line":79,"column":7}},"79":{"start":{"line":80,"column":0},"end":{"line":80,"column":5}},"80":{"start":{"line":81,"column":0},"end":{"line":81,"column":0}},"81":{"start":{"line":82,"column":0},"end":{"line":82,"column":27}},"82":{"start":{"line":83,"column":0},"end":{"line":83,"column":65}},"83":{"start":{"line":84,"column":0},"end":{"line":84,"column":47}},"84":{"start":{"line":85,"column":0},"end":{"line":85,"column":15}},"85":{"start":{"line":86,"column":0},"end":{"line":86,"column":26}},"86":{"start":{"line":87,"column":0},"end":{"line":87,"column":23}},"87":{"start":{"line":88,"column":0},"end":{"line":88,"column":8}},"88":{"start":{"line":89,"column":0},"end":{"line":89,"column":6}},"89":{"start":{"line":90,"column":0},"end":{"line":90,"column":0}},"90":{"start":{"line":91,"column":0},"end":{"line":91,"column":25}},"91":{"start":{"line":92,"column":0},"end":{"line":92,"column":31}},"92":{"start":{"line":93,"column":0},"end":{"line":93,"column":68}},"93":{"start":{"line":94,"column":0},"end":{"line":94,"column":23}},"94":{"start":{"line":95,"column":0},"end":{"line":95,"column":7}},"95":{"start":{"line":96,"column":0},"end":{"line":96,"column":5}},"96":{"start":{"line":97,"column":0},"end":{"line":97,"column":0}},"97":{"start":{"line":98,"column":0},"end":{"line":98,"column":60}},"98":{"start":{"line":99,"column":0},"end":{"line":99,"column":31}},"99":{"start":{"line":100,"column":0},"end":{"line":100,"column":0}},"100":{"start":{"line":101,"column":0},"end":{"line":101,"column":52}},"101":{"start":{"line":102,"column":0},"end":{"line":102,"column":67}},"102":{"start":{"line":103,"column":0},"end":{"line":103,"column":54}},"103":{"start":{"line":104,"column":0},"end":{"line":104,"column":25}},"104":{"start":{"line":105,"column":0},"end":{"line":105,"column":64}},"105":{"start":{"line":106,"column":0},"end":{"line":106,"column":7}},"106":{"start":{"line":107,"column":0},"end":{"line":107,"column":54}},"107":{"start":{"line":108,"column":0},"end":{"line":108,"column":42}},"108":{"start":{"line":109,"column":0},"end":{"line":109,"column":12}},"109":{"start":{"line":110,"column":0},"end":{"line":110,"column":52}},"110":{"start":{"line":111,"column":0},"end":{"line":111,"column":100}},"111":{"start":{"line":112,"column":0},"end":{"line":112,"column":63}},"112":{"start":{"line":113,"column":0},"end":{"line":113,"column":5}},"113":{"start":{"line":114,"column":0},"end":{"line":114,"column":0}},"114":{"start":{"line":115,"column":0},"end":{"line":115,"column":20}},"115":{"start":{"line":116,"column":0},"end":{"line":116,"column":43}},"116":{"start":{"line":117,"column":0},"end":{"line":117,"column":40}},"117":{"start":{"line":118,"column":0},"end":{"line":118,"column":26}},"118":{"start":{"line":119,"column":0},"end":{"line":119,"column":23}},"119":{"start":{"line":120,"column":0},"end":{"line":120,"column":6}},"120":{"start":{"line":121,"column":0},"end":{"line":121,"column":0}},"121":{"start":{"line":122,"column":0},"end":{"line":122,"column":37}},"122":{"start":{"line":123,"column":0},"end":{"line":123,"column":59}},"123":{"start":{"line":124,"column":0},"end":{"line":124,"column":27}},"124":{"start":{"line":125,"column":0},"end":{"line":125,"column":67}},"125":{"start":{"line":126,"column":0},"end":{"line":126,"column":5}},"126":{"start":{"line":127,"column":0},"end":{"line":127,"column":0}},"127":{"start":{"line":128,"column":0},"end":{"line":128,"column":32}},"128":{"start":{"line":129,"column":0},"end":{"line":129,"column":18}},"129":{"start":{"line":130,"column":0},"end":{"line":130,"column":30}},"130":{"start":{"line":131,"column":0},"end":{"line":131,"column":33}},"131":{"start":{"line":132,"column":0},"end":{"line":132,"column":80}},"132":{"start":{"line":133,"column":0},"end":{"line":133,"column":118}},"133":{"start":{"line":134,"column":0},"end":{"line":134,"column":32}},"134":{"start":{"line":135,"column":0},"end":{"line":135,"column":34}},"135":{"start":{"line":136,"column":0},"end":{"line":136,"column":40}},"136":{"start":{"line":137,"column":0},"end":{"line":137,"column":46}},"137":{"start":{"line":138,"column":0},"end":{"line":138,"column":44}},"138":{"start":{"line":139,"column":0},"end":{"line":139,"column":38}},"139":{"start":{"line":140,"column":0},"end":{"line":140,"column":44}},"140":{"start":{"line":141,"column":0},"end":{"line":141,"column":42}},"141":{"start":{"line":142,"column":0},"end":{"line":142,"column":40}},"142":{"start":{"line":143,"column":0},"end":{"line":143,"column":46}},"143":{"start":{"line":144,"column":0},"end":{"line":144,"column":44}},"144":{"start":{"line":145,"column":0},"end":{"line":145,"column":44}},"145":{"start":{"line":146,"column":0},"end":{"line":146,"column":55}},"146":{"start":{"line":147,"column":0},"end":{"line":147,"column":0}},"147":{"start":{"line":148,"column":0},"end":{"line":148,"column":57}},"148":{"start":{"line":149,"column":0},"end":{"line":149,"column":53}},"149":{"start":{"line":150,"column":0},"end":{"line":150,"column":56}},"150":{"start":{"line":151,"column":0},"end":{"line":151,"column":0}},"151":{"start":{"line":152,"column":0},"end":{"line":152,"column":59}},"152":{"start":{"line":153,"column":0},"end":{"line":153,"column":44}},"153":{"start":{"line":154,"column":0},"end":{"line":154,"column":39}},"154":{"start":{"line":155,"column":0},"end":{"line":155,"column":5}},"155":{"start":{"line":156,"column":0},"end":{"line":156,"column":0}},"156":{"start":{"line":157,"column":0},"end":{"line":157,"column":27}},"157":{"start":{"line":158,"column":0},"end":{"line":158,"column":21}},"158":{"start":{"line":159,"column":0},"end":{"line":159,"column":0}},"159":{"start":{"line":160,"column":0},"end":{"line":160,"column":9}},"160":{"start":{"line":161,"column":0},"end":{"line":161,"column":28}},"161":{"start":{"line":162,"column":0},"end":{"line":162,"column":18}},"162":{"start":{"line":163,"column":0},"end":{"line":163,"column":21}},"163":{"start":{"line":164,"column":0},"end":{"line":164,"column":55}},"164":{"start":{"line":165,"column":0},"end":{"line":165,"column":31}},"165":{"start":{"line":166,"column":0},"end":{"line":166,"column":96}},"166":{"start":{"line":167,"column":0},"end":{"line":167,"column":23}},"167":{"start":{"line":168,"column":0},"end":{"line":168,"column":7}},"168":{"start":{"line":169,"column":0},"end":{"line":169,"column":5}},"169":{"start":{"line":170,"column":0},"end":{"line":170,"column":0}},"170":{"start":{"line":171,"column":0},"end":{"line":171,"column":22}},"171":{"start":{"line":172,"column":0},"end":{"line":172,"column":48}},"172":{"start":{"line":173,"column":0},"end":{"line":173,"column":25}},"173":{"start":{"line":174,"column":0},"end":{"line":174,"column":29}},"174":{"start":{"line":175,"column":0},"end":{"line":175,"column":6}},"175":{"start":{"line":176,"column":0},"end":{"line":176,"column":0}},"176":{"start":{"line":177,"column":0},"end":{"line":177,"column":36}},"177":{"start":{"line":178,"column":0},"end":{"line":178,"column":33}},"178":{"start":{"line":179,"column":0},"end":{"line":179,"column":106}},"179":{"start":{"line":180,"column":0},"end":{"line":180,"column":155}},"180":{"start":{"line":181,"column":0},"end":{"line":181,"column":0}},"181":{"start":{"line":182,"column":0},"end":{"line":182,"column":50}},"182":{"start":{"line":183,"column":0},"end":{"line":183,"column":18}},"183":{"start":{"line":184,"column":0},"end":{"line":184,"column":14}},"184":{"start":{"line":185,"column":0},"end":{"line":185,"column":6}},"185":{"start":{"line":186,"column":0},"end":{"line":186,"column":0}},"186":{"start":{"line":187,"column":0},"end":{"line":187,"column":19}},"187":{"start":{"line":188,"column":0},"end":{"line":188,"column":62}},"188":{"start":{"line":189,"column":0},"end":{"line":189,"column":29}},"189":{"start":{"line":190,"column":0},"end":{"line":190,"column":68}},"190":{"start":{"line":191,"column":0},"end":{"line":191,"column":21}},"191":{"start":{"line":192,"column":0},"end":{"line":192,"column":5}},"192":{"start":{"line":193,"column":0},"end":{"line":193,"column":3}},"193":{"start":{"line":194,"column":0},"end":{"line":194,"column":1}}},"s":{"0":1,"1":1,"2":1,"3":1,"4":1,"5":1,"6":1,"7":1,"8":1,"9":1,"10":2,"11":2,"12":2,"13":2,"14":0,"15":0,"16":0,"17":0,"18":0,"19":2,"20":2,"21":2,"22":2,"23":2,"24":2,"25":2,"26":2,"27":2,"28":2,"29":1,"30":1,"31":1,"32":1,"33":1,"34":1,"35":1,"36":1,"37":1,"38":1,"39":1,"40":1,"41":1,"42":1,"43":1,"44":1,"45":1,"46":1,"47":1,"48":1,"49":1,"50":1,"51":1,"52":1,"53":1,"54":1,"55":1,"56":1,"57":1,"58":1,"59":1,"60":1,"61":1,"62":1,"63":1,"64":1,"65":1,"66":1,"67":1,"68":1,"69":1,"70":1,"71":1,"72":1,"73":1,"74":2,"75":0,"76":0,"77":0,"78":0,"79":0,"80":1,"81":1,"82":1,"83":1,"84":1,"85":1,"86":1,"87":1,"88":1,"89":1,"90":2,"91":0,"92":0,"93":0,"94":0,"95":0,"96":1,"97":1,"98":1,"99":1,"100":2,"101":0,"102":0,"103":0,"104":0,"105":0,"106":0,"107":0,"108":2,"109":1,"110":1,"111":1,"112":1,"113":1,"114":1,"115":1,"116":1,"117":1,"118":1,"119":1,"120":1,"121":1,"122":1,"123":2,"124":1,"125":1,"126":1,"127":1,"128":1,"129":2,"130":2,"131":2,"132":2,"133":2,"134":2,"135":2,"136":2,"137":2,"138":2,"139":2,"140":2,"141":2,"142":2,"143":2,"144":2,"145":2,"146":2,"147":2,"148":2,"149":2,"150":2,"151":2,"152":2,"153":2,"154":2,"155":2,"156":2,"157":2,"158":2,"159":2,"160":2,"161":2,"162":2,"163":0,"164":0,"165":0,"166":0,"167":0,"168":0,"169":1,"170":1,"171":1,"172":1,"173":1,"174":1,"175":1,"176":1,"177":1,"178":1,"179":2,"180":2,"181":2,"182":2,"183":2,"184":2,"185":2,"186":2,"187":0,"188":0,"189":0,"190":0,"191":0,"192":0,"193":2},"branchMap":{"0":{"type":"branch","line":10,"loc":{"start":{"line":10,"column":7},"end":{"line":194,"column":1}},"locations":[{"start":{"line":10,"column":7},"end":{"line":194,"column":1}}]},"1":{"type":"branch","line":14,"loc":{"start":{"line":14,"column":38},"end":{"line":19,"column":5}},"locations":[{"start":{"line":14,"column":38},"end":{"line":19,"column":5}}]},"2":{"type":"branch","line":29,"loc":{"start":{"line":29,"column":19},"end":{"line":75,"column":16}},"locations":[{"start":{"line":29,"column":19},"end":{"line":75,"column":16}}]},"3":{"type":"branch","line":75,"loc":{"start":{"line":75,"column":16},"end":{"line":80,"column":5}},"locations":[{"start":{"line":75,"column":16},"end":{"line":80,"column":5}}]},"4":{"type":"branch","line":80,"loc":{"start":{"line":80,"column":4},"end":{"line":91,"column":24}},"locations":[{"start":{"line":80,"column":4},"end":{"line":91,"column":24}}]},"5":{"type":"branch","line":91,"loc":{"start":{"line":91,"column":24},"end":{"line":96,"column":5}},"locations":[{"start":{"line":91,"column":24},"end":{"line":96,"column":5}}]},"6":{"type":"branch","line":96,"loc":{"start":{"line":96,"column":4},"end":{"line":101,"column":51}},"locations":[{"start":{"line":96,"column":4},"end":{"line":101,"column":51}}]},"7":{"type":"branch","line":101,"loc":{"start":{"line":101,"column":51},"end":{"line":109,"column":11}},"locations":[{"start":{"line":101,"column":51},"end":{"line":109,"column":11}}]},"8":{"type":"branch","line":109,"loc":{"start":{"line":109,"column":4},"end":{"line":130,"column":26}},"locations":[{"start":{"line":109,"column":4},"end":{"line":130,"column":26}}]},"9":{"type":"branch","line":130,"loc":{"start":{"line":130,"column":22},"end":{"line":130,"column":30}},"locations":[{"start":{"line":130,"column":22},"end":{"line":130,"column":30}}]},"10":{"type":"branch","line":131,"loc":{"start":{"line":131,"column":25},"end":{"line":131,"column":33}},"locations":[{"start":{"line":131,"column":25},"end":{"line":131,"column":33}}]},"11":{"type":"branch","line":132,"loc":{"start":{"line":132,"column":32},"end":{"line":132,"column":39}},"locations":[{"start":{"line":132,"column":32},"end":{"line":132,"column":39}}]},"12":{"type":"branch","line":133,"loc":{"start":{"line":133,"column":34},"end":{"line":133,"column":62}},"locations":[{"start":{"line":133,"column":34},"end":{"line":133,"column":62}}]},"13":{"type":"branch","line":133,"loc":{"start":{"line":133,"column":48},"end":{"line":133,"column":118}},"locations":[{"start":{"line":133,"column":48},"end":{"line":133,"column":118}}]},"14":{"type":"branch","line":133,"loc":{"start":{"line":133,"column":86},"end":{"line":133,"column":114}},"locations":[{"start":{"line":133,"column":86},"end":{"line":133,"column":114}}]},"15":{"type":"branch","line":134,"loc":{"start":{"line":134,"column":24},"end":{"line":134,"column":32}},"locations":[{"start":{"line":134,"column":24},"end":{"line":134,"column":32}}]},"16":{"type":"branch","line":135,"loc":{"start":{"line":135,"column":26},"end":{"line":135,"column":34}},"locations":[{"start":{"line":135,"column":26},"end":{"line":135,"column":34}}]},"17":{"type":"branch","line":136,"loc":{"start":{"line":136,"column":32},"end":{"line":136,"column":40}},"locations":[{"start":{"line":136,"column":32},"end":{"line":136,"column":40}}]},"18":{"type":"branch","line":137,"loc":{"start":{"line":137,"column":38},"end":{"line":137,"column":46}},"locations":[{"start":{"line":137,"column":38},"end":{"line":137,"column":46}}]},"19":{"type":"branch","line":138,"loc":{"start":{"line":138,"column":36},"end":{"line":138,"column":44}},"locations":[{"start":{"line":138,"column":36},"end":{"line":138,"column":44}}]},"20":{"type":"branch","line":139,"loc":{"start":{"line":139,"column":30},"end":{"line":139,"column":38}},"locations":[{"start":{"line":139,"column":30},"end":{"line":139,"column":38}}]},"21":{"type":"branch","line":140,"loc":{"start":{"line":140,"column":36},"end":{"line":140,"column":44}},"locations":[{"start":{"line":140,"column":36},"end":{"line":140,"column":44}}]},"22":{"type":"branch","line":141,"loc":{"start":{"line":141,"column":34},"end":{"line":141,"column":42}},"locations":[{"start":{"line":141,"column":34},"end":{"line":141,"column":42}}]},"23":{"type":"branch","line":142,"loc":{"start":{"line":142,"column":32},"end":{"line":142,"column":40}},"locations":[{"start":{"line":142,"column":32},"end":{"line":142,"column":40}}]},"24":{"type":"branch","line":143,"loc":{"start":{"line":143,"column":38},"end":{"line":143,"column":46}},"locations":[{"start":{"line":143,"column":38},"end":{"line":143,"column":46}}]},"25":{"type":"branch","line":144,"loc":{"start":{"line":144,"column":36},"end":{"line":144,"column":44}},"locations":[{"start":{"line":144,"column":36},"end":{"line":144,"column":44}}]},"26":{"type":"branch","line":145,"loc":{"start":{"line":145,"column":24},"end":{"line":145,"column":40}},"locations":[{"start":{"line":145,"column":24},"end":{"line":145,"column":40}}]},"27":{"type":"branch","line":145,"loc":{"start":{"line":145,"column":26},"end":{"line":145,"column":44}},"locations":[{"start":{"line":145,"column":26},"end":{"line":145,"column":44}}]},"28":{"type":"branch","line":146,"loc":{"start":{"line":146,"column":29},"end":{"line":146,"column":51}},"locations":[{"start":{"line":146,"column":29},"end":{"line":146,"column":51}}]},"29":{"type":"branch","line":146,"loc":{"start":{"line":146,"column":43},"end":{"line":146,"column":55}},"locations":[{"start":{"line":146,"column":43},"end":{"line":146,"column":55}}]},"30":{"type":"branch","line":149,"loc":{"start":{"line":149,"column":24},"end":{"line":149,"column":49}},"locations":[{"start":{"line":149,"column":24},"end":{"line":149,"column":49}}]},"31":{"type":"branch","line":149,"loc":{"start":{"line":149,"column":41},"end":{"line":149,"column":53}},"locations":[{"start":{"line":149,"column":41},"end":{"line":149,"column":53}}]},"32":{"type":"branch","line":150,"loc":{"start":{"line":150,"column":28},"end":{"line":150,"column":52}},"locations":[{"start":{"line":150,"column":28},"end":{"line":150,"column":52}}]},"33":{"type":"branch","line":150,"loc":{"start":{"line":150,"column":45},"end":{"line":150,"column":56}},"locations":[{"start":{"line":150,"column":45},"end":{"line":150,"column":56}}]},"34":{"type":"branch","line":153,"loc":{"start":{"line":153,"column":24},"end":{"line":153,"column":40}},"locations":[{"start":{"line":153,"column":24},"end":{"line":153,"column":40}}]},"35":{"type":"branch","line":153,"loc":{"start":{"line":153,"column":26},"end":{"line":153,"column":44}},"locations":[{"start":{"line":153,"column":26},"end":{"line":153,"column":44}}]},"36":{"type":"branch","line":154,"loc":{"start":{"line":154,"column":32},"end":{"line":154,"column":39}},"locations":[{"start":{"line":154,"column":32},"end":{"line":154,"column":39}}]},"37":{"type":"branch","line":163,"loc":{"start":{"line":163,"column":6},"end":{"line":169,"column":5}},"locations":[{"start":{"line":163,"column":6},"end":{"line":169,"column":5}}]},"38":{"type":"branch","line":169,"loc":{"start":{"line":169,"column":4},"end":{"line":180,"column":94}},"locations":[{"start":{"line":169,"column":4},"end":{"line":180,"column":94}}]},"39":{"type":"branch","line":180,"loc":{"start":{"line":180,"column":102},"end":{"line":180,"column":118}},"locations":[{"start":{"line":180,"column":102},"end":{"line":180,"column":118}}]},"40":{"type":"branch","line":187,"loc":{"start":{"line":187,"column":4},"end":{"line":193,"column":3}},"locations":[{"start":{"line":187,"column":4},"end":{"line":193,"column":3}}]},"41":{"type":"branch","line":123,"loc":{"start":{"line":123,"column":26},"end":{"line":126,"column":5}},"locations":[{"start":{"line":123,"column":26},"end":{"line":126,"column":5}}]},"42":{"type":"branch","line":124,"loc":{"start":{"line":124,"column":17},"end":{"line":126,"column":5}},"locations":[{"start":{"line":124,"column":17},"end":{"line":126,"column":5}}]}},"b":{"0":[2],"1":[0],"2":[1],"3":[0],"4":[1],"5":[0],"6":[1],"7":[0],"8":[1],"9":[0],"10":[0],"11":[1],"12":[0],"13":[1],"14":[0],"15":[1],"16":[1],"17":[1],"18":[1],"19":[1],"20":[1],"21":[1],"22":[1],"23":[1],"24":[1],"25":[1],"26":[0],"27":[1],"28":[0],"29":[1],"30":[1],"31":[0],"32":[1],"33":[1],"34":[0],"35":[1],"36":[1],"37":[0],"38":[1],"39":[0],"40":[0],"41":[2],"42":[1]},"fnMap":{"0":{"name":"POST","decl":{"start":{"line":10,"column":7},"end":{"line":194,"column":1}},"loc":{"start":{"line":10,"column":7},"end":{"line":194,"column":1}},"line":10},"1":{"name":"formatTanggal","decl":{"start":{"line":123,"column":26},"end":{"line":126,"column":5}},"loc":{"start":{"line":123,"column":26},"end":{"line":126,"column":5}},"line":123}},"f":{"0":2,"1":2}}
,"C:\\laragon\\www\\e-raport-v4\\app\\api\\rapot\\generate\\nilai\\route.ts": {"path":"C:\\laragon\\www\\e-raport-v4\\app\\api\\rapot\\generate\\nilai\\route.ts","all":false,"statementMap":{"0":{"start":{"line":1,"column":0},"end":{"line":1,"column":60}},"1":{"start":{"line":2,"column":0},"end":{"line":2,"column":37}},"2":{"start":{"line":3,"column":0},"end":{"line":3,"column":41}},"3":{"start":{"line":4,"column":0},"end":{"line":4,"column":27}},"4":{"start":{"line":5,"column":0},"end":{"line":5,"column":57}},"5":{"start":{"line":6,"column":0},"end":{"line":6,"column":33}},"6":{"start":{"line":7,"column":0},"end":{"line":7,"column":36}},"7":{"start":{"line":8,"column":0},"end":{"line":8,"column":57}},"8":{"start":{"line":9,"column":0},"end":{"line":9,"column":19}},"9":{"start":{"line":10,"column":0},"end":{"line":10,"column":23}},"10":{"start":{"line":11,"column":0},"end":{"line":11,"column":31}},"11":{"start":{"line":12,"column":0},"end":{"line":12,"column":0}},"12":{"start":{"line":13,"column":0},"end":{"line":13,"column":50}},"13":{"start":{"line":14,"column":0},"end":{"line":14,"column":7}},"14":{"start":{"line":15,"column":0},"end":{"line":15,"column":92}},"15":{"start":{"line":16,"column":0},"end":{"line":16,"column":0}},"16":{"start":{"line":17,"column":0},"end":{"line":17,"column":39}},"17":{"start":{"line":18,"column":0},"end":{"line":18,"column":31}},"18":{"start":{"line":19,"column":0},"end":{"line":19,"column":77}},"19":{"start":{"line":20,"column":0},"end":{"line":20,"column":23}},"20":{"start":{"line":21,"column":0},"end":{"line":21,"column":7}},"21":{"start":{"line":22,"column":0},"end":{"line":22,"column":5}},"22":{"start":{"line":23,"column":0},"end":{"line":23,"column":0}},"23":{"start":{"line":24,"column":0},"end":{"line":24,"column":90}},"24":{"start":{"line":25,"column":0},"end":{"line":25,"column":0}},"25":{"start":{"line":26,"column":0},"end":{"line":26,"column":30}},"26":{"start":{"line":27,"column":0},"end":{"line":27,"column":31}},"27":{"start":{"line":28,"column":0},"end":{"line":28,"column":75}},"28":{"start":{"line":29,"column":0},"end":{"line":29,"column":23}},"29":{"start":{"line":30,"column":0},"end":{"line":30,"column":7}},"30":{"start":{"line":31,"column":0},"end":{"line":31,"column":5}},"31":{"start":{"line":32,"column":0},"end":{"line":32,"column":0}},"32":{"start":{"line":33,"column":0},"end":{"line":33,"column":35}},"33":{"start":{"line":34,"column":0},"end":{"line":34,"column":0}},"34":{"start":{"line":35,"column":0},"end":{"line":35,"column":49}},"35":{"start":{"line":36,"column":0},"end":{"line":36,"column":39}},"36":{"start":{"line":37,"column":0},"end":{"line":37,"column":16}},"37":{"start":{"line":38,"column":0},"end":{"line":38,"column":16}},"38":{"start":{"line":39,"column":0},"end":{"line":39,"column":20}},"39":{"start":{"line":40,"column":0},"end":{"line":40,"column":29}},"40":{"start":{"line":41,"column":0},"end":{"line":41,"column":28}},"41":{"start":{"line":42,"column":0},"end":{"line":42,"column":12}},"42":{"start":{"line":43,"column":0},"end":{"line":43,"column":10}},"43":{"start":{"line":44,"column":0},"end":{"line":44,"column":8}},"44":{"start":{"line":45,"column":0},"end":{"line":45,"column":6}},"45":{"start":{"line":46,"column":0},"end":{"line":46,"column":0}},"46":{"start":{"line":47,"column":0},"end":{"line":47,"column":17}},"47":{"start":{"line":48,"column":0},"end":{"line":48,"column":31}},"48":{"start":{"line":49,"column":0},"end":{"line":49,"column":59}},"49":{"start":{"line":50,"column":0},"end":{"line":50,"column":23}},"50":{"start":{"line":51,"column":0},"end":{"line":51,"column":7}},"51":{"start":{"line":52,"column":0},"end":{"line":52,"column":5}},"52":{"start":{"line":53,"column":0},"end":{"line":53,"column":0}},"53":{"start":{"line":54,"column":0},"end":{"line":54,"column":58}},"54":{"start":{"line":55,"column":0},"end":{"line":55,"column":59}},"55":{"start":{"line":56,"column":0},"end":{"line":56,"column":20}},"56":{"start":{"line":57,"column":0},"end":{"line":57,"column":45}},"57":{"start":{"line":58,"column":0},"end":{"line":58,"column":13}},"58":{"start":{"line":59,"column":0},"end":{"line":59,"column":49}},"59":{"start":{"line":60,"column":0},"end":{"line":60,"column":28}},"60":{"start":{"line":61,"column":0},"end":{"line":61,"column":60}},"61":{"start":{"line":62,"column":0},"end":{"line":62,"column":63}},"62":{"start":{"line":63,"column":0},"end":{"line":63,"column":11}},"63":{"start":{"line":64,"column":0},"end":{"line":64,"column":25}},"64":{"start":{"line":65,"column":0},"end":{"line":65,"column":69}},"65":{"start":{"line":66,"column":0},"end":{"line":66,"column":9}},"66":{"start":{"line":67,"column":0},"end":{"line":67,"column":14}},"67":{"start":{"line":68,"column":0},"end":{"line":68,"column":13}},"68":{"start":{"line":69,"column":0},"end":{"line":69,"column":92}},"69":{"start":{"line":70,"column":0},"end":{"line":70,"column":63}},"70":{"start":{"line":71,"column":0},"end":{"line":71,"column":25}},"71":{"start":{"line":72,"column":0},"end":{"line":72,"column":64}},"72":{"start":{"line":73,"column":0},"end":{"line":73,"column":9}},"73":{"start":{"line":74,"column":0},"end":{"line":74,"column":7}},"74":{"start":{"line":75,"column":0},"end":{"line":75,"column":5}},"75":{"start":{"line":76,"column":0},"end":{"line":76,"column":0}},"76":{"start":{"line":77,"column":0},"end":{"line":77,"column":61}},"77":{"start":{"line":78,"column":0},"end":{"line":78,"column":14}},"78":{"start":{"line":79,"column":0},"end":{"line":79,"column":32}},"79":{"start":{"line":80,"column":0},"end":{"line":80,"column":24}},"80":{"start":{"line":81,"column":0},"end":{"line":81,"column":8}},"81":{"start":{"line":82,"column":0},"end":{"line":82,"column":6}},"82":{"start":{"line":83,"column":0},"end":{"line":83,"column":0}},"83":{"start":{"line":84,"column":0},"end":{"line":84,"column":20}},"84":{"start":{"line":85,"column":0},"end":{"line":85,"column":31}},"85":{"start":{"line":86,"column":0},"end":{"line":86,"column":110}},"86":{"start":{"line":87,"column":0},"end":{"line":87,"column":23}},"87":{"start":{"line":88,"column":0},"end":{"line":88,"column":7}},"88":{"start":{"line":89,"column":0},"end":{"line":89,"column":5}},"89":{"start":{"line":90,"column":0},"end":{"line":90,"column":0}},"90":{"start":{"line":91,"column":0},"end":{"line":91,"column":23}},"91":{"start":{"line":92,"column":0},"end":{"line":92,"column":39}},"92":{"start":{"line":93,"column":0},"end":{"line":93,"column":50}},"93":{"start":{"line":94,"column":0},"end":{"line":94,"column":41}},"94":{"start":{"line":95,"column":0},"end":{"line":95,"column":9}},"95":{"start":{"line":96,"column":0},"end":{"line":96,"column":30}},"96":{"start":{"line":97,"column":0},"end":{"line":97,"column":8}},"97":{"start":{"line":98,"column":0},"end":{"line":98,"column":39}},"98":{"start":{"line":99,"column":0},"end":{"line":99,"column":51}},"99":{"start":{"line":100,"column":0},"end":{"line":100,"column":60}},"100":{"start":{"line":101,"column":0},"end":{"line":101,"column":9}},"101":{"start":{"line":102,"column":0},"end":{"line":102,"column":13}},"102":{"start":{"line":103,"column":0},"end":{"line":103,"column":47}},"103":{"start":{"line":104,"column":0},"end":{"line":104,"column":32}},"104":{"start":{"line":105,"column":0},"end":{"line":105,"column":0}},"105":{"start":{"line":106,"column":0},"end":{"line":106,"column":54}},"106":{"start":{"line":107,"column":0},"end":{"line":107,"column":63}},"107":{"start":{"line":108,"column":0},"end":{"line":108,"column":59}},"108":{"start":{"line":109,"column":0},"end":{"line":109,"column":41}},"109":{"start":{"line":110,"column":0},"end":{"line":110,"column":11}},"110":{"start":{"line":111,"column":0},"end":{"line":111,"column":21}},"111":{"start":{"line":112,"column":0},"end":{"line":112,"column":60}},"112":{"start":{"line":113,"column":0},"end":{"line":113,"column":9}},"113":{"start":{"line":114,"column":0},"end":{"line":114,"column":56}},"114":{"start":{"line":115,"column":0},"end":{"line":115,"column":8}},"115":{"start":{"line":116,"column":0},"end":{"line":116,"column":5}},"116":{"start":{"line":117,"column":0},"end":{"line":117,"column":0}},"117":{"start":{"line":118,"column":0},"end":{"line":118,"column":32}},"118":{"start":{"line":119,"column":0},"end":{"line":119,"column":52}},"119":{"start":{"line":120,"column":0},"end":{"line":120,"column":57}},"120":{"start":{"line":121,"column":0},"end":{"line":121,"column":27}},"121":{"start":{"line":122,"column":0},"end":{"line":122,"column":69}},"122":{"start":{"line":123,"column":0},"end":{"line":123,"column":9}},"123":{"start":{"line":124,"column":0},"end":{"line":124,"column":57}},"124":{"start":{"line":125,"column":0},"end":{"line":125,"column":51}},"125":{"start":{"line":126,"column":0},"end":{"line":126,"column":12}},"126":{"start":{"line":127,"column":0},"end":{"line":127,"column":103}},"127":{"start":{"line":128,"column":0},"end":{"line":128,"column":56}},"128":{"start":{"line":129,"column":0},"end":{"line":129,"column":5}},"129":{"start":{"line":130,"column":0},"end":{"line":130,"column":0}},"130":{"start":{"line":131,"column":0},"end":{"line":131,"column":43}},"131":{"start":{"line":132,"column":0},"end":{"line":132,"column":40}},"132":{"start":{"line":133,"column":0},"end":{"line":133,"column":26}},"133":{"start":{"line":134,"column":0},"end":{"line":134,"column":23}},"134":{"start":{"line":135,"column":0},"end":{"line":135,"column":44}},"135":{"start":{"line":136,"column":0},"end":{"line":136,"column":6}},"136":{"start":{"line":137,"column":0},"end":{"line":137,"column":0}},"137":{"start":{"line":138,"column":0},"end":{"line":138,"column":59}},"138":{"start":{"line":139,"column":0},"end":{"line":139,"column":27}},"139":{"start":{"line":140,"column":0},"end":{"line":140,"column":67}},"140":{"start":{"line":141,"column":0},"end":{"line":141,"column":5}},"141":{"start":{"line":142,"column":0},"end":{"line":142,"column":0}},"142":{"start":{"line":143,"column":0},"end":{"line":143,"column":18}},"143":{"start":{"line":144,"column":0},"end":{"line":144,"column":35}},"144":{"start":{"line":145,"column":0},"end":{"line":145,"column":38}},"145":{"start":{"line":146,"column":0},"end":{"line":146,"column":44}},"146":{"start":{"line":147,"column":0},"end":{"line":147,"column":46}},"147":{"start":{"line":148,"column":0},"end":{"line":148,"column":48}},"148":{"start":{"line":149,"column":0},"end":{"line":149,"column":48}},"149":{"start":{"line":150,"column":0},"end":{"line":150,"column":63}},"150":{"start":{"line":151,"column":0},"end":{"line":151,"column":43}},"151":{"start":{"line":152,"column":0},"end":{"line":152,"column":50}},"152":{"start":{"line":153,"column":0},"end":{"line":153,"column":65}},"153":{"start":{"line":154,"column":0},"end":{"line":154,"column":52}},"154":{"start":{"line":155,"column":0},"end":{"line":155,"column":48}},"155":{"start":{"line":156,"column":0},"end":{"line":156,"column":56}},"156":{"start":{"line":157,"column":0},"end":{"line":157,"column":45}},"157":{"start":{"line":158,"column":0},"end":{"line":158,"column":48}},"158":{"start":{"line":159,"column":0},"end":{"line":159,"column":47}},"159":{"start":{"line":160,"column":0},"end":{"line":160,"column":51}},"160":{"start":{"line":161,"column":0},"end":{"line":161,"column":77}},"161":{"start":{"line":162,"column":0},"end":{"line":162,"column":22}},"162":{"start":{"line":163,"column":0},"end":{"line":163,"column":43}},"163":{"start":{"line":164,"column":0},"end":{"line":164,"column":26}},"164":{"start":{"line":165,"column":0},"end":{"line":165,"column":26}},"165":{"start":{"line":166,"column":0},"end":{"line":166,"column":31}},"166":{"start":{"line":167,"column":0},"end":{"line":167,"column":10}},"167":{"start":{"line":168,"column":0},"end":{"line":168,"column":81}},"168":{"start":{"line":169,"column":0},"end":{"line":169,"column":22}},"169":{"start":{"line":170,"column":0},"end":{"line":170,"column":43}},"170":{"start":{"line":171,"column":0},"end":{"line":171,"column":26}},"171":{"start":{"line":172,"column":0},"end":{"line":172,"column":41}},"172":{"start":{"line":173,"column":0},"end":{"line":173,"column":43}},"173":{"start":{"line":174,"column":0},"end":{"line":174,"column":31}},"174":{"start":{"line":175,"column":0},"end":{"line":175,"column":10}},"175":{"start":{"line":176,"column":0},"end":{"line":176,"column":74}},"176":{"start":{"line":177,"column":0},"end":{"line":177,"column":22}},"177":{"start":{"line":178,"column":0},"end":{"line":178,"column":53}},"178":{"start":{"line":179,"column":0},"end":{"line":179,"column":26}},"179":{"start":{"line":180,"column":0},"end":{"line":180,"column":24}},"180":{"start":{"line":181,"column":0},"end":{"line":181,"column":26}},"181":{"start":{"line":182,"column":0},"end":{"line":182,"column":50}},"182":{"start":{"line":183,"column":0},"end":{"line":183,"column":10}},"183":{"start":{"line":184,"column":0},"end":{"line":184,"column":59}},"184":{"start":{"line":185,"column":0},"end":{"line":185,"column":57}},"185":{"start":{"line":186,"column":0},"end":{"line":186,"column":54}},"186":{"start":{"line":187,"column":0},"end":{"line":187,"column":59}},"187":{"start":{"line":188,"column":0},"end":{"line":188,"column":5}},"188":{"start":{"line":189,"column":0},"end":{"line":189,"column":0}},"189":{"start":{"line":190,"column":0},"end":{"line":190,"column":20}},"190":{"start":{"line":191,"column":0},"end":{"line":191,"column":0}},"191":{"start":{"line":192,"column":0},"end":{"line":192,"column":48}},"192":{"start":{"line":193,"column":0},"end":{"line":193,"column":25}},"193":{"start":{"line":194,"column":0},"end":{"line":194,"column":29}},"194":{"start":{"line":195,"column":0},"end":{"line":195,"column":6}},"195":{"start":{"line":196,"column":0},"end":{"line":196,"column":0}},"196":{"start":{"line":197,"column":0},"end":{"line":197,"column":33}},"197":{"start":{"line":198,"column":0},"end":{"line":198,"column":106}},"198":{"start":{"line":199,"column":0},"end":{"line":199,"column":167}},"199":{"start":{"line":200,"column":0},"end":{"line":200,"column":0}},"200":{"start":{"line":201,"column":0},"end":{"line":201,"column":83}},"201":{"start":{"line":202,"column":0},"end":{"line":202,"column":53}},"202":{"start":{"line":203,"column":0},"end":{"line":203,"column":40}},"203":{"start":{"line":204,"column":0},"end":{"line":204,"column":0}},"204":{"start":{"line":205,"column":0},"end":{"line":205,"column":35}},"205":{"start":{"line":206,"column":0},"end":{"line":206,"column":18}},"206":{"start":{"line":207,"column":0},"end":{"line":207,"column":14}},"207":{"start":{"line":208,"column":0},"end":{"line":208,"column":6}},"208":{"start":{"line":209,"column":0},"end":{"line":209,"column":0}},"209":{"start":{"line":210,"column":0},"end":{"line":210,"column":19}},"210":{"start":{"line":211,"column":0},"end":{"line":211,"column":58}},"211":{"start":{"line":212,"column":0},"end":{"line":212,"column":29}},"212":{"start":{"line":213,"column":0},"end":{"line":213,"column":64}},"213":{"start":{"line":214,"column":0},"end":{"line":214,"column":21}},"214":{"start":{"line":215,"column":0},"end":{"line":215,"column":5}},"215":{"start":{"line":216,"column":0},"end":{"line":216,"column":3}},"216":{"start":{"line":217,"column":0},"end":{"line":217,"column":1}}},"s":{"0":1,"1":1,"2":1,"3":1,"4":1,"5":1,"6":1,"7":1,"8":1,"9":1,"10":1,"11":1,"12":1,"13":3,"14":3,"15":3,"16":3,"17":0,"18":0,"19":0,"20":0,"21":0,"22":3,"23":3,"24":3,"25":3,"26":1,"27":1,"28":1,"29":1,"30":1,"31":2,"32":2,"33":2,"34":2,"35":2,"36":2,"37":2,"38":2,"39":2,"40":2,"41":2,"42":2,"43":2,"44":2,"45":2,"46":3,"47":0,"48":0,"49":0,"50":0,"51":0,"52":2,"53":2,"54":2,"55":3,"56":2,"57":0,"58":0,"59":0,"60":0,"61":0,"62":0,"63":0,"64":0,"65":0,"66":2,"67":2,"68":2,"69":2,"70":2,"71":0,"72":0,"73":2,"74":2,"75":2,"76":2,"77":2,"78":2,"79":2,"80":2,"81":2,"82":2,"83":3,"84":1,"85":1,"86":1,"87":1,"88":1,"89":1,"90":1,"91":1,"92":0,"93":0,"94":0,"95":0,"96":0,"97":1,"98":0,"99":0,"100":0,"101":0,"102":0,"103":0,"104":0,"105":0,"106":0,"107":0,"108":0,"109":0,"110":0,"111":0,"112":0,"113":0,"114":0,"115":1,"116":1,"117":1,"118":3,"119":0,"120":0,"121":0,"122":0,"123":0,"124":0,"125":3,"126":1,"127":1,"128":1,"129":1,"130":1,"131":1,"132":1,"133":1,"134":1,"135":1,"136":1,"137":1,"138":1,"139":1,"140":1,"141":1,"142":1,"143":1,"144":1,"145":1,"146":3,"147":3,"148":3,"149":3,"150":3,"151":3,"152":3,"153":3,"154":3,"155":3,"156":3,"157":3,"158":3,"159":3,"160":3,"161":0,"162":0,"163":0,"164":0,"165":0,"166":0,"167":3,"168":0,"169":0,"170":0,"171":0,"172":0,"173":0,"174":0,"175":3,"176":0,"177":0,"178":0,"179":0,"180":0,"181":0,"182":0,"183":3,"184":3,"185":3,"186":3,"187":3,"188":3,"189":3,"190":3,"191":3,"192":3,"193":3,"194":3,"195":3,"196":3,"197":3,"198":3,"199":3,"200":3,"201":3,"202":3,"203":3,"204":3,"205":3,"206":3,"207":3,"208":3,"209":3,"210":0,"211":0,"212":0,"213":0,"214":0,"215":0,"216":3},"branchMap":{"0":{"type":"branch","line":13,"loc":{"start":{"line":13,"column":7},"end":{"line":217,"column":1}},"locations":[{"start":{"line":13,"column":7},"end":{"line":217,"column":1}}]},"1":{"type":"branch","line":17,"loc":{"start":{"line":17,"column":38},"end":{"line":22,"column":5}},"locations":[{"start":{"line":17,"column":38},"end":{"line":22,"column":5}}]},"2":{"type":"branch","line":26,"loc":{"start":{"line":26,"column":29},"end":{"line":31,"column":5}},"locations":[{"start":{"line":26,"column":29},"end":{"line":31,"column":5}}]},"3":{"type":"branch","line":31,"loc":{"start":{"line":31,"column":4},"end":{"line":47,"column":16}},"locations":[{"start":{"line":31,"column":4},"end":{"line":47,"column":16}}]},"4":{"type":"branch","line":47,"loc":{"start":{"line":47,"column":16},"end":{"line":52,"column":5}},"locations":[{"start":{"line":47,"column":16},"end":{"line":52,"column":5}}]},"5":{"type":"branch","line":52,"loc":{"start":{"line":52,"column":4},"end":{"line":55,"column":59}},"locations":[{"start":{"line":52,"column":4},"end":{"line":55,"column":59}}]},"6":{"type":"branch","line":56,"loc":{"start":{"line":56,"column":19},"end":{"line":84,"column":19}},"locations":[{"start":{"line":56,"column":19},"end":{"line":84,"column":19}}]},"7":{"type":"branch","line":57,"loc":{"start":{"line":57,"column":44},"end":{"line":67,"column":13}},"locations":[{"start":{"line":57,"column":44},"end":{"line":67,"column":13}}]},"8":{"type":"branch","line":71,"loc":{"start":{"line":71,"column":10},"end":{"line":73,"column":9}},"locations":[{"start":{"line":71,"column":10},"end":{"line":73,"column":9}}]},"9":{"type":"branch","line":84,"loc":{"start":{"line":84,"column":19},"end":{"line":119,"column":51}},"locations":[{"start":{"line":84,"column":19},"end":{"line":119,"column":51}}]},"10":{"type":"branch","line":119,"loc":{"start":{"line":119,"column":51},"end":{"line":126,"column":11}},"locations":[{"start":{"line":119,"column":51},"end":{"line":126,"column":11}}]},"11":{"type":"branch","line":126,"loc":{"start":{"line":126,"column":4},"end":{"line":147,"column":40}},"locations":[{"start":{"line":126,"column":4},"end":{"line":147,"column":40}}]},"12":{"type":"branch","line":147,"loc":{"start":{"line":147,"column":26},"end":{"line":147,"column":46}},"locations":[{"start":{"line":147,"column":26},"end":{"line":147,"column":46}}]},"13":{"type":"branch","line":157,"loc":{"start":{"line":157,"column":37},"end":{"line":157,"column":45}},"locations":[{"start":{"line":157,"column":37},"end":{"line":157,"column":45}}]},"14":{"type":"branch","line":158,"loc":{"start":{"line":158,"column":40},"end":{"line":158,"column":48}},"locations":[{"start":{"line":158,"column":40},"end":{"line":158,"column":48}}]},"15":{"type":"branch","line":184,"loc":{"start":{"line":184,"column":34},"end":{"line":184,"column":56}},"locations":[{"start":{"line":184,"column":34},"end":{"line":184,"column":56}}]},"16":{"type":"branch","line":184,"loc":{"start":{"line":184,"column":48},"end":{"line":184,"column":59}},"locations":[{"start":{"line":184,"column":48},"end":{"line":184,"column":59}}]},"17":{"type":"branch","line":185,"loc":{"start":{"line":185,"column":33},"end":{"line":185,"column":54}},"locations":[{"start":{"line":185,"column":33},"end":{"line":185,"column":54}}]},"18":{"type":"branch","line":185,"loc":{"start":{"line":185,"column":47},"end":{"line":185,"column":57}},"locations":[{"start":{"line":185,"column":47},"end":{"line":185,"column":57}}]},"19":{"type":"branch","line":199,"loc":{"start":{"line":199,"column":92},"end":{"line":199,"column":102}},"locations":[{"start":{"line":199,"column":92},"end":{"line":199,"column":102}}]},"20":{"type":"branch","line":199,"loc":{"start":{"line":199,"column":110},"end":{"line":199,"column":126}},"locations":[{"start":{"line":199,"column":110},"end":{"line":199,"column":126}}]},"21":{"type":"branch","line":210,"loc":{"start":{"line":210,"column":4},"end":{"line":216,"column":3}},"locations":[{"start":{"line":210,"column":4},"end":{"line":216,"column":3}}]},"22":{"type":"branch","line":138,"loc":{"start":{"line":138,"column":26},"end":{"line":141,"column":5}},"locations":[{"start":{"line":138,"column":26},"end":{"line":141,"column":5}}]},"23":{"type":"branch","line":139,"loc":{"start":{"line":139,"column":17},"end":{"line":139,"column":27}},"locations":[{"start":{"line":139,"column":17},"end":{"line":139,"column":27}}]}},"b":{"0":[3],"1":[0],"2":[1],"3":[2],"4":[0],"5":[2],"6":[2],"7":[0],"8":[0],"9":[1],"10":[0],"11":[1],"12":[1],"13":[1],"14":[1],"15":[1],"16":[0],"17":[1],"18":[0],"19":[1],"20":[0],"21":[0],"22":[1],"23":[0]},"fnMap":{"0":{"name":"POST","decl":{"start":{"line":13,"column":7},"end":{"line":217,"column":1}},"loc":{"start":{"line":13,"column":7},"end":{"line":217,"column":1}},"line":13},"1":{"name":"getImage","decl":{"start":{"line":92,"column":16},"end":{"line":97,"column":8}},"loc":{"start":{"line":92,"column":16},"end":{"line":97,"column":8}},"line":92},"2":{"name":"getSize","decl":{"start":{"line":98,"column":15},"end":{"line":115,"column":8}},"loc":{"start":{"line":98,"column":15},"end":{"line":115,"column":8}},"line":98},"3":{"name":"formatTanggal","decl":{"start":{"line":138,"column":26},"end":{"line":141,"column":5}},"loc":{"start":{"line":138,"column":26},"end":{"line":141,"column":5}},"line":138}},"f":{"0":3,"1":0,"2":0,"3":1}}
,"C:\\laragon\\www\\e-raport-v4\\app\\api\\rapot\\generate\\sikap\\route.ts": {"path":"C:\\laragon\\www\\e-raport-v4\\app\\api\\rapot\\generate\\sikap\\route.ts","all":false,"statementMap":{"0":{"start":{"line":1,"column":0},"end":{"line":1,"column":60}},"1":{"start":{"line":2,"column":0},"end":{"line":2,"column":37}},"2":{"start":{"line":3,"column":0},"end":{"line":3,"column":41}},"3":{"start":{"line":4,"column":0},"end":{"line":4,"column":27}},"4":{"start":{"line":5,"column":0},"end":{"line":5,"column":57}},"5":{"start":{"line":6,"column":0},"end":{"line":6,"column":19}},"6":{"start":{"line":7,"column":0},"end":{"line":7,"column":23}},"7":{"start":{"line":8,"column":0},"end":{"line":8,"column":31}},"8":{"start":{"line":9,"column":0},"end":{"line":9,"column":83}},"9":{"start":{"line":10,"column":0},"end":{"line":10,"column":0}},"10":{"start":{"line":11,"column":0},"end":{"line":11,"column":50}},"11":{"start":{"line":12,"column":0},"end":{"line":12,"column":7}},"12":{"start":{"line":13,"column":0},"end":{"line":13,"column":78}},"13":{"start":{"line":14,"column":0},"end":{"line":14,"column":0}},"14":{"start":{"line":15,"column":0},"end":{"line":15,"column":39}},"15":{"start":{"line":16,"column":0},"end":{"line":16,"column":31}},"16":{"start":{"line":17,"column":0},"end":{"line":17,"column":77}},"17":{"start":{"line":18,"column":0},"end":{"line":18,"column":23}},"18":{"start":{"line":19,"column":0},"end":{"line":19,"column":7}},"19":{"start":{"line":20,"column":0},"end":{"line":20,"column":5}},"20":{"start":{"line":21,"column":0},"end":{"line":21,"column":0}},"21":{"start":{"line":22,"column":0},"end":{"line":22,"column":25}},"22":{"start":{"line":23,"column":0},"end":{"line":23,"column":49}},"23":{"start":{"line":24,"column":0},"end":{"line":24,"column":39}},"24":{"start":{"line":25,"column":0},"end":{"line":25,"column":16}},"25":{"start":{"line":26,"column":0},"end":{"line":26,"column":16}},"26":{"start":{"line":27,"column":0},"end":{"line":27,"column":20}},"27":{"start":{"line":28,"column":0},"end":{"line":28,"column":29}},"28":{"start":{"line":29,"column":0},"end":{"line":29,"column":28}},"29":{"start":{"line":30,"column":0},"end":{"line":30,"column":12}},"30":{"start":{"line":31,"column":0},"end":{"line":31,"column":10}},"31":{"start":{"line":32,"column":0},"end":{"line":32,"column":20}},"32":{"start":{"line":33,"column":0},"end":{"line":33,"column":8}},"33":{"start":{"line":34,"column":0},"end":{"line":34,"column":6}},"34":{"start":{"line":35,"column":0},"end":{"line":35,"column":0}},"35":{"start":{"line":36,"column":0},"end":{"line":36,"column":17}},"36":{"start":{"line":37,"column":0},"end":{"line":37,"column":31}},"37":{"start":{"line":38,"column":0},"end":{"line":38,"column":59}},"38":{"start":{"line":39,"column":0},"end":{"line":39,"column":23}},"39":{"start":{"line":40,"column":0},"end":{"line":40,"column":7}},"40":{"start":{"line":41,"column":0},"end":{"line":41,"column":5}},"41":{"start":{"line":42,"column":0},"end":{"line":42,"column":0}},"42":{"start":{"line":43,"column":0},"end":{"line":43,"column":27}},"43":{"start":{"line":44,"column":0},"end":{"line":44,"column":65}},"44":{"start":{"line":45,"column":0},"end":{"line":45,"column":47}},"45":{"start":{"line":46,"column":0},"end":{"line":46,"column":15}},"46":{"start":{"line":47,"column":0},"end":{"line":47,"column":26}},"47":{"start":{"line":48,"column":0},"end":{"line":48,"column":23}},"48":{"start":{"line":49,"column":0},"end":{"line":49,"column":8}},"49":{"start":{"line":50,"column":0},"end":{"line":50,"column":6}},"50":{"start":{"line":51,"column":0},"end":{"line":51,"column":0}},"51":{"start":{"line":52,"column":0},"end":{"line":52,"column":25}},"52":{"start":{"line":53,"column":0},"end":{"line":53,"column":31}},"53":{"start":{"line":54,"column":0},"end":{"line":54,"column":68}},"54":{"start":{"line":55,"column":0},"end":{"line":55,"column":23}},"55":{"start":{"line":56,"column":0},"end":{"line":56,"column":7}},"56":{"start":{"line":57,"column":0},"end":{"line":57,"column":5}},"57":{"start":{"line":58,"column":0},"end":{"line":58,"column":0}},"58":{"start":{"line":59,"column":0},"end":{"line":59,"column":28}},"59":{"start":{"line":60,"column":0},"end":{"line":60,"column":65}},"60":{"start":{"line":61,"column":0},"end":{"line":61,"column":14}},"61":{"start":{"line":62,"column":0},"end":{"line":62,"column":36}},"62":{"start":{"line":63,"column":0},"end":{"line":63,"column":53}},"63":{"start":{"line":64,"column":0},"end":{"line":64,"column":8}},"64":{"start":{"line":65,"column":0},"end":{"line":65,"column":16}},"65":{"start":{"line":66,"column":0},"end":{"line":66,"column":30}},"66":{"start":{"line":67,"column":0},"end":{"line":67,"column":8}},"67":{"start":{"line":68,"column":0},"end":{"line":68,"column":16}},"68":{"start":{"line":69,"column":0},"end":{"line":69,"column":9}},"69":{"start":{"line":70,"column":0},"end":{"line":70,"column":28}},"70":{"start":{"line":71,"column":0},"end":{"line":71,"column":30}},"71":{"start":{"line":72,"column":0},"end":{"line":72,"column":11}},"72":{"start":{"line":73,"column":0},"end":{"line":73,"column":10}},"73":{"start":{"line":74,"column":0},"end":{"line":74,"column":9}},"74":{"start":{"line":75,"column":0},"end":{"line":75,"column":28}},"75":{"start":{"line":76,"column":0},"end":{"line":76,"column":28}},"76":{"start":{"line":77,"column":0},"end":{"line":77,"column":11}},"77":{"start":{"line":78,"column":0},"end":{"line":78,"column":9}},"78":{"start":{"line":79,"column":0},"end":{"line":79,"column":7}},"79":{"start":{"line":80,"column":0},"end":{"line":80,"column":6}},"80":{"start":{"line":81,"column":0},"end":{"line":81,"column":0}},"81":{"start":{"line":82,"column":0},"end":{"line":82,"column":26}},"82":{"start":{"line":83,"column":0},"end":{"line":83,"column":63}},"83":{"start":{"line":84,"column":0},"end":{"line":84,"column":14}},"84":{"start":{"line":85,"column":0},"end":{"line":85,"column":37}},"85":{"start":{"line":86,"column":0},"end":{"line":86,"column":38}},"86":{"start":{"line":87,"column":0},"end":{"line":87,"column":54}},"87":{"start":{"line":88,"column":0},"end":{"line":88,"column":9}},"88":{"start":{"line":89,"column":0},"end":{"line":89,"column":7}},"89":{"start":{"line":90,"column":0},"end":{"line":90,"column":6}},"90":{"start":{"line":91,"column":0},"end":{"line":91,"column":0}},"91":{"start":{"line":92,"column":0},"end":{"line":92,"column":53}},"92":{"start":{"line":93,"column":0},"end":{"line":93,"column":73}},"93":{"start":{"line":94,"column":0},"end":{"line":94,"column":14}},"94":{"start":{"line":95,"column":0},"end":{"line":95,"column":94}},"95":{"start":{"line":96,"column":0},"end":{"line":96,"column":23}},"96":{"start":{"line":97,"column":0},"end":{"line":97,"column":7}},"97":{"start":{"line":98,"column":0},"end":{"line":98,"column":6}},"98":{"start":{"line":99,"column":0},"end":{"line":99,"column":0}},"99":{"start":{"line":100,"column":0},"end":{"line":100,"column":27}},"100":{"start":{"line":101,"column":0},"end":{"line":101,"column":86}},"101":{"start":{"line":102,"column":0},"end":{"line":102,"column":5}},"102":{"start":{"line":103,"column":0},"end":{"line":103,"column":0}},"103":{"start":{"line":104,"column":0},"end":{"line":104,"column":43}},"104":{"start":{"line":105,"column":0},"end":{"line":105,"column":63}},"105":{"start":{"line":106,"column":0},"end":{"line":106,"column":67}},"106":{"start":{"line":107,"column":0},"end":{"line":107,"column":24}},"107":{"start":{"line":108,"column":0},"end":{"line":108,"column":23}},"108":{"start":{"line":109,"column":0},"end":{"line":109,"column":7}},"109":{"start":{"line":110,"column":0},"end":{"line":110,"column":27}},"110":{"start":{"line":111,"column":0},"end":{"line":111,"column":16}},"111":{"start":{"line":112,"column":0},"end":{"line":112,"column":51}},"112":{"start":{"line":113,"column":0},"end":{"line":113,"column":0}},"113":{"start":{"line":114,"column":0},"end":{"line":114,"column":25}},"114":{"start":{"line":115,"column":0},"end":{"line":115,"column":58}},"115":{"start":{"line":116,"column":0},"end":{"line":116,"column":52}},"116":{"start":{"line":117,"column":0},"end":{"line":117,"column":0}},"117":{"start":{"line":118,"column":0},"end":{"line":118,"column":44}},"118":{"start":{"line":119,"column":0},"end":{"line":119,"column":89}},"119":{"start":{"line":120,"column":0},"end":{"line":120,"column":9}},"120":{"start":{"line":121,"column":0},"end":{"line":121,"column":0}},"121":{"start":{"line":122,"column":0},"end":{"line":122,"column":41}},"122":{"start":{"line":123,"column":0},"end":{"line":123,"column":83}},"123":{"start":{"line":124,"column":0},"end":{"line":124,"column":9}},"124":{"start":{"line":125,"column":0},"end":{"line":125,"column":0}},"125":{"start":{"line":126,"column":0},"end":{"line":126,"column":68}},"126":{"start":{"line":127,"column":0},"end":{"line":127,"column":49}},"127":{"start":{"line":128,"column":0},"end":{"line":128,"column":0}},"128":{"start":{"line":129,"column":0},"end":{"line":129,"column":28}},"129":{"start":{"line":130,"column":0},"end":{"line":130,"column":26}},"130":{"start":{"line":131,"column":0},"end":{"line":131,"column":19}},"131":{"start":{"line":132,"column":0},"end":{"line":132,"column":29}},"132":{"start":{"line":133,"column":0},"end":{"line":133,"column":32}},"133":{"start":{"line":134,"column":0},"end":{"line":134,"column":52}},"134":{"start":{"line":135,"column":0},"end":{"line":135,"column":72}},"135":{"start":{"line":136,"column":0},"end":{"line":136,"column":73}},"136":{"start":{"line":137,"column":0},"end":{"line":137,"column":43}},"137":{"start":{"line":138,"column":0},"end":{"line":138,"column":0}},"138":{"start":{"line":139,"column":0},"end":{"line":139,"column":22}},"139":{"start":{"line":140,"column":0},"end":{"line":140,"column":62}},"140":{"start":{"line":141,"column":0},"end":{"line":141,"column":44}},"141":{"start":{"line":142,"column":0},"end":{"line":142,"column":0}},"142":{"start":{"line":143,"column":0},"end":{"line":143,"column":47}},"143":{"start":{"line":144,"column":0},"end":{"line":144,"column":53}},"144":{"start":{"line":145,"column":0},"end":{"line":145,"column":22}},"145":{"start":{"line":146,"column":0},"end":{"line":146,"column":56}},"146":{"start":{"line":147,"column":0},"end":{"line":147,"column":26}},"147":{"start":{"line":148,"column":0},"end":{"line":148,"column":47}},"148":{"start":{"line":149,"column":0},"end":{"line":149,"column":10}},"149":{"start":{"line":150,"column":0},"end":{"line":150,"column":0}},"150":{"start":{"line":151,"column":0},"end":{"line":151,"column":44}},"151":{"start":{"line":152,"column":0},"end":{"line":152,"column":50}},"152":{"start":{"line":153,"column":0},"end":{"line":153,"column":22}},"153":{"start":{"line":154,"column":0},"end":{"line":154,"column":56}},"154":{"start":{"line":155,"column":0},"end":{"line":155,"column":26}},"155":{"start":{"line":156,"column":0},"end":{"line":156,"column":47}},"156":{"start":{"line":157,"column":0},"end":{"line":157,"column":10}},"157":{"start":{"line":158,"column":0},"end":{"line":158,"column":0}},"158":{"start":{"line":159,"column":0},"end":{"line":159,"column":34}},"159":{"start":{"line":160,"column":0},"end":{"line":160,"column":46}},"160":{"start":{"line":161,"column":0},"end":{"line":161,"column":41}},"161":{"start":{"line":162,"column":0},"end":{"line":162,"column":46}},"162":{"start":{"line":163,"column":0},"end":{"line":163,"column":41}},"163":{"start":{"line":164,"column":0},"end":{"line":164,"column":65}},"164":{"start":{"line":165,"column":0},"end":{"line":165,"column":59}},"165":{"start":{"line":166,"column":0},"end":{"line":166,"column":0}},"166":{"start":{"line":167,"column":0},"end":{"line":167,"column":22}},"167":{"start":{"line":168,"column":0},"end":{"line":168,"column":55}},"168":{"start":{"line":169,"column":0},"end":{"line":169,"column":0}},"169":{"start":{"line":170,"column":0},"end":{"line":170,"column":25}},"170":{"start":{"line":171,"column":0},"end":{"line":171,"column":56}},"171":{"start":{"line":172,"column":0},"end":{"line":172,"column":58}},"172":{"start":{"line":173,"column":0},"end":{"line":173,"column":54}},"173":{"start":{"line":174,"column":0},"end":{"line":174,"column":26}},"174":{"start":{"line":175,"column":0},"end":{"line":175,"column":69}},"175":{"start":{"line":176,"column":0},"end":{"line":176,"column":0}},"176":{"start":{"line":177,"column":0},"end":{"line":177,"column":17}},"177":{"start":{"line":178,"column":0},"end":{"line":178,"column":58}},"178":{"start":{"line":179,"column":0},"end":{"line":179,"column":5}},"179":{"start":{"line":180,"column":0},"end":{"line":180,"column":0}},"180":{"start":{"line":181,"column":0},"end":{"line":181,"column":39}},"181":{"start":{"line":182,"column":0},"end":{"line":182,"column":64}},"182":{"start":{"line":183,"column":0},"end":{"line":183,"column":50}},"183":{"start":{"line":184,"column":0},"end":{"line":184,"column":20}},"184":{"start":{"line":185,"column":0},"end":{"line":185,"column":45}},"185":{"start":{"line":186,"column":0},"end":{"line":186,"column":13}},"186":{"start":{"line":187,"column":0},"end":{"line":187,"column":49}},"187":{"start":{"line":188,"column":0},"end":{"line":188,"column":28}},"188":{"start":{"line":189,"column":0},"end":{"line":189,"column":60}},"189":{"start":{"line":190,"column":0},"end":{"line":190,"column":69}},"190":{"start":{"line":191,"column":0},"end":{"line":191,"column":11}},"191":{"start":{"line":192,"column":0},"end":{"line":192,"column":25}},"192":{"start":{"line":193,"column":0},"end":{"line":193,"column":69}},"193":{"start":{"line":194,"column":0},"end":{"line":194,"column":9}},"194":{"start":{"line":195,"column":0},"end":{"line":195,"column":14}},"195":{"start":{"line":196,"column":0},"end":{"line":196,"column":13}},"196":{"start":{"line":197,"column":0},"end":{"line":197,"column":92}},"197":{"start":{"line":198,"column":0},"end":{"line":198,"column":69}},"198":{"start":{"line":199,"column":0},"end":{"line":199,"column":25}},"199":{"start":{"line":200,"column":0},"end":{"line":200,"column":64}},"200":{"start":{"line":201,"column":0},"end":{"line":201,"column":9}},"201":{"start":{"line":202,"column":0},"end":{"line":202,"column":7}},"202":{"start":{"line":203,"column":0},"end":{"line":203,"column":5}},"203":{"start":{"line":204,"column":0},"end":{"line":204,"column":0}},"204":{"start":{"line":205,"column":0},"end":{"line":205,"column":23}},"205":{"start":{"line":206,"column":0},"end":{"line":206,"column":39}},"206":{"start":{"line":207,"column":0},"end":{"line":207,"column":59}},"207":{"start":{"line":208,"column":0},"end":{"line":208,"column":47}},"208":{"start":{"line":209,"column":0},"end":{"line":209,"column":9}},"209":{"start":{"line":210,"column":0},"end":{"line":210,"column":30}},"210":{"start":{"line":211,"column":0},"end":{"line":211,"column":8}},"211":{"start":{"line":212,"column":0},"end":{"line":212,"column":39}},"212":{"start":{"line":213,"column":0},"end":{"line":213,"column":51}},"213":{"start":{"line":214,"column":0},"end":{"line":214,"column":60}},"214":{"start":{"line":215,"column":0},"end":{"line":215,"column":9}},"215":{"start":{"line":216,"column":0},"end":{"line":216,"column":13}},"216":{"start":{"line":217,"column":0},"end":{"line":217,"column":47}},"217":{"start":{"line":218,"column":0},"end":{"line":218,"column":31}},"218":{"start":{"line":219,"column":0},"end":{"line":219,"column":0}},"219":{"start":{"line":220,"column":0},"end":{"line":220,"column":54}},"220":{"start":{"line":221,"column":0},"end":{"line":221,"column":63}},"221":{"start":{"line":222,"column":0},"end":{"line":222,"column":59}},"222":{"start":{"line":223,"column":0},"end":{"line":223,"column":41}},"223":{"start":{"line":224,"column":0},"end":{"line":224,"column":11}},"224":{"start":{"line":225,"column":0},"end":{"line":225,"column":21}},"225":{"start":{"line":226,"column":0},"end":{"line":226,"column":60}},"226":{"start":{"line":227,"column":0},"end":{"line":227,"column":9}},"227":{"start":{"line":228,"column":0},"end":{"line":228,"column":56}},"228":{"start":{"line":229,"column":0},"end":{"line":229,"column":8}},"229":{"start":{"line":230,"column":0},"end":{"line":230,"column":5}},"230":{"start":{"line":231,"column":0},"end":{"line":231,"column":0}},"231":{"start":{"line":232,"column":0},"end":{"line":232,"column":20}},"232":{"start":{"line":233,"column":0},"end":{"line":233,"column":111}},"233":{"start":{"line":234,"column":0},"end":{"line":234,"column":67}},"234":{"start":{"line":235,"column":0},"end":{"line":235,"column":0}},"235":{"start":{"line":236,"column":0},"end":{"line":236,"column":43}},"236":{"start":{"line":237,"column":0},"end":{"line":237,"column":58}},"237":{"start":{"line":238,"column":0},"end":{"line":238,"column":40}},"238":{"start":{"line":239,"column":0},"end":{"line":239,"column":26}},"239":{"start":{"line":240,"column":0},"end":{"line":240,"column":23}},"240":{"start":{"line":241,"column":0},"end":{"line":241,"column":44}},"241":{"start":{"line":242,"column":0},"end":{"line":242,"column":6}},"242":{"start":{"line":243,"column":0},"end":{"line":243,"column":0}},"243":{"start":{"line":244,"column":0},"end":{"line":244,"column":24}},"244":{"start":{"line":245,"column":0},"end":{"line":245,"column":28}},"245":{"start":{"line":246,"column":0},"end":{"line":246,"column":0}},"246":{"start":{"line":247,"column":0},"end":{"line":247,"column":22}},"247":{"start":{"line":248,"column":0},"end":{"line":248,"column":42}},"248":{"start":{"line":249,"column":0},"end":{"line":249,"column":25}},"249":{"start":{"line":250,"column":0},"end":{"line":250,"column":29}},"250":{"start":{"line":251,"column":0},"end":{"line":251,"column":6}},"251":{"start":{"line":252,"column":0},"end":{"line":252,"column":0}},"252":{"start":{"line":253,"column":0},"end":{"line":253,"column":36}},"253":{"start":{"line":254,"column":0},"end":{"line":254,"column":33}},"254":{"start":{"line":255,"column":0},"end":{"line":255,"column":106}},"255":{"start":{"line":256,"column":0},"end":{"line":256,"column":151}},"256":{"start":{"line":257,"column":0},"end":{"line":257,"column":0}},"257":{"start":{"line":258,"column":0},"end":{"line":258,"column":50}},"258":{"start":{"line":259,"column":0},"end":{"line":259,"column":18}},"259":{"start":{"line":260,"column":0},"end":{"line":260,"column":14}},"260":{"start":{"line":261,"column":0},"end":{"line":261,"column":6}},"261":{"start":{"line":262,"column":0},"end":{"line":262,"column":0}},"262":{"start":{"line":263,"column":0},"end":{"line":263,"column":19}},"263":{"start":{"line":264,"column":0},"end":{"line":264,"column":58}},"264":{"start":{"line":265,"column":0},"end":{"line":265,"column":29}},"265":{"start":{"line":266,"column":0},"end":{"line":266,"column":64}},"266":{"start":{"line":267,"column":0},"end":{"line":267,"column":21}},"267":{"start":{"line":268,"column":0},"end":{"line":268,"column":5}},"268":{"start":{"line":269,"column":0},"end":{"line":269,"column":3}},"269":{"start":{"line":270,"column":0},"end":{"line":270,"column":1}}},"s":{"0":1,"1":1,"2":1,"3":1,"4":1,"5":1,"6":1,"7":1,"8":1,"9":1,"10":1,"11":2,"12":2,"13":2,"14":2,"15":0,"16":0,"17":0,"18":0,"19":0,"20":2,"21":2,"22":2,"23":2,"24":2,"25":2,"26":2,"27":2,"28":2,"29":2,"30":2,"31":2,"32":2,"33":2,"34":2,"35":2,"36":0,"37":0,"38":0,"39":0,"40":0,"41":2,"42":2,"43":2,"44":2,"45":2,"46":2,"47":2,"48":2,"49":2,"50":2,"51":2,"52":0,"53":0,"54":0,"55":0,"56":0,"57":2,"58":2,"59":2,"60":2,"61":2,"62":2,"63":2,"64":2,"65":2,"66":2,"67":2,"68":2,"69":2,"70":2,"71":2,"72":2,"73":2,"74":2,"75":2,"76":2,"77":2,"78":2,"79":2,"80":2,"81":2,"82":2,"83":2,"84":2,"85":2,"86":2,"87":2,"88":2,"89":2,"90":2,"91":2,"92":2,"93":2,"94":2,"95":2,"96":2,"97":2,"98":2,"99":2,"100":1,"101":1,"102":1,"103":1,"104":1,"105":2,"106":2,"107":2,"108":2,"109":2,"110":2,"111":1,"112":1,"113":1,"114":2,"115":2,"116":2,"117":2,"118":1,"119":0,"120":2,"121":2,"122":1,"123":0,"124":2,"125":2,"126":2,"127":2,"128":2,"129":2,"130":2,"131":2,"132":2,"133":2,"134":0,"135":1,"136":2,"137":2,"138":2,"139":2,"140":2,"141":2,"142":2,"143":2,"144":1,"145":1,"146":1,"147":1,"148":1,"149":2,"150":2,"151":2,"152":1,"153":1,"154":1,"155":1,"156":1,"157":2,"158":2,"159":2,"160":2,"161":2,"162":2,"163":2,"164":2,"165":2,"166":2,"167":2,"168":2,"169":2,"170":2,"171":2,"172":2,"173":2,"174":2,"175":2,"176":2,"177":2,"178":2,"179":2,"180":2,"181":2,"182":2,"183":2,"184":1,"185":0,"186":0,"187":0,"188":0,"189":0,"190":0,"191":0,"192":0,"193":0,"194":1,"195":1,"196":1,"197":1,"198":1,"199":0,"200":0,"201":1,"202":1,"203":1,"204":1,"205":1,"206":0,"207":0,"208":0,"209":0,"210":0,"211":1,"212":0,"213":0,"214":0,"215":0,"216":0,"217":0,"218":0,"219":0,"220":0,"221":0,"222":0,"223":0,"224":0,"225":0,"226":0,"227":0,"228":0,"229":1,"230":1,"231":1,"232":1,"233":1,"234":1,"235":1,"236":1,"237":1,"238":1,"239":1,"240":1,"241":1,"242":1,"243":1,"244":1,"245":1,"246":1,"247":1,"248":1,"249":1,"250":1,"251":1,"252":1,"253":1,"254":1,"255":2,"256":2,"257":2,"258":2,"259":2,"260":2,"261":2,"262":2,"263":1,"264":1,"265":1,"266":1,"267":1,"268":1,"269":2},"branchMap":{"0":{"type":"branch","line":11,"loc":{"start":{"line":11,"column":7},"end":{"line":270,"column":1}},"locations":[{"start":{"line":11,"column":7},"end":{"line":270,"column":1}}]},"1":{"type":"branch","line":15,"loc":{"start":{"line":15,"column":38},"end":{"line":20,"column":5}},"locations":[{"start":{"line":15,"column":38},"end":{"line":20,"column":5}}]},"2":{"type":"branch","line":36,"loc":{"start":{"line":36,"column":16},"end":{"line":41,"column":5}},"locations":[{"start":{"line":36,"column":16},"end":{"line":41,"column":5}}]},"3":{"type":"branch","line":52,"loc":{"start":{"line":52,"column":24},"end":{"line":57,"column":5}},"locations":[{"start":{"line":52,"column":24},"end":{"line":57,"column":5}}]},"4":{"type":"branch","line":95,"loc":{"start":{"line":95,"column":68},"end":{"line":95,"column":94}},"locations":[{"start":{"line":95,"column":68},"end":{"line":95,"column":94}}]},"5":{"type":"branch","line":100,"loc":{"start":{"line":100,"column":26},"end":{"line":115,"column":56}},"locations":[{"start":{"line":100,"column":26},"end":{"line":115,"column":56}}]},"6":{"type":"branch","line":115,"loc":{"start":{"line":115,"column":52},"end":{"line":115,"column":58}},"locations":[{"start":{"line":115,"column":52},"end":{"line":115,"column":58}}]},"7":{"type":"branch","line":116,"loc":{"start":{"line":116,"column":46},"end":{"line":116,"column":52}},"locations":[{"start":{"line":116,"column":46},"end":{"line":116,"column":52}}]},"8":{"type":"branch","line":118,"loc":{"start":{"line":118,"column":43},"end":{"line":119,"column":89}},"locations":[{"start":{"line":118,"column":43},"end":{"line":119,"column":89}}]},"9":{"type":"branch","line":120,"loc":{"start":{"line":120,"column":-2},"end":{"line":120,"column":9}},"locations":[{"start":{"line":120,"column":-2},"end":{"line":120,"column":9}}]},"10":{"type":"branch","line":122,"loc":{"start":{"line":122,"column":40},"end":{"line":123,"column":83}},"locations":[{"start":{"line":122,"column":40},"end":{"line":123,"column":83}}]},"11":{"type":"branch","line":124,"loc":{"start":{"line":124,"column":-2},"end":{"line":124,"column":9}},"locations":[{"start":{"line":124,"column":-2},"end":{"line":124,"column":9}}]},"12":{"type":"branch","line":132,"loc":{"start":{"line":132,"column":22},"end":{"line":132,"column":29}},"locations":[{"start":{"line":132,"column":22},"end":{"line":132,"column":29}}]},"13":{"type":"branch","line":133,"loc":{"start":{"line":133,"column":25},"end":{"line":133,"column":32}},"locations":[{"start":{"line":133,"column":25},"end":{"line":133,"column":32}}]},"14":{"type":"branch","line":134,"loc":{"start":{"line":134,"column":29},"end":{"line":134,"column":52}},"locations":[{"start":{"line":134,"column":29},"end":{"line":134,"column":52}}]},"15":{"type":"branch","line":135,"loc":{"start":{"line":135,"column":-2},"end":{"line":135,"column":72}},"locations":[{"start":{"line":135,"column":-2},"end":{"line":135,"column":72}}]},"16":{"type":"branch","line":136,"loc":{"start":{"line":136,"column":-2},"end":{"line":136,"column":73}},"locations":[{"start":{"line":136,"column":-2},"end":{"line":136,"column":73}}]},"17":{"type":"branch","line":136,"loc":{"start":{"line":136,"column":65},"end":{"line":136,"column":73}},"locations":[{"start":{"line":136,"column":65},"end":{"line":136,"column":73}}]},"18":{"type":"branch","line":137,"loc":{"start":{"line":137,"column":24},"end":{"line":137,"column":40}},"locations":[{"start":{"line":137,"column":24},"end":{"line":137,"column":40}}]},"19":{"type":"branch","line":137,"loc":{"start":{"line":137,"column":26},"end":{"line":137,"column":43}},"locations":[{"start":{"line":137,"column":26},"end":{"line":137,"column":43}}]},"20":{"type":"branch","line":140,"loc":{"start":{"line":140,"column":43},"end":{"line":140,"column":58}},"locations":[{"start":{"line":140,"column":43},"end":{"line":140,"column":58}}]},"21":{"type":"branch","line":140,"loc":{"start":{"line":140,"column":52},"end":{"line":140,"column":62}},"locations":[{"start":{"line":140,"column":52},"end":{"line":140,"column":62}}]},"22":{"type":"branch","line":168,"loc":{"start":{"line":168,"column":21},"end":{"line":168,"column":52}},"locations":[{"start":{"line":168,"column":21},"end":{"line":168,"column":52}}]},"23":{"type":"branch","line":168,"loc":{"start":{"line":168,"column":35},"end":{"line":168,"column":55}},"locations":[{"start":{"line":168,"column":35},"end":{"line":168,"column":55}}]},"24":{"type":"branch","line":173,"loc":{"start":{"line":173,"column":47},"end":{"line":173,"column":54}},"locations":[{"start":{"line":173,"column":47},"end":{"line":173,"column":54}}]},"25":{"type":"branch","line":184,"loc":{"start":{"line":184,"column":19},"end":{"line":256,"column":90}},"locations":[{"start":{"line":184,"column":19},"end":{"line":256,"column":90}}]},"26":{"type":"branch","line":185,"loc":{"start":{"line":185,"column":44},"end":{"line":195,"column":13}},"locations":[{"start":{"line":185,"column":44},"end":{"line":195,"column":13}}]},"27":{"type":"branch","line":199,"loc":{"start":{"line":199,"column":10},"end":{"line":201,"column":9}},"locations":[{"start":{"line":199,"column":10},"end":{"line":201,"column":9}}]},"28":{"type":"branch","line":256,"loc":{"start":{"line":256,"column":98},"end":{"line":256,"column":114}},"locations":[{"start":{"line":256,"column":98},"end":{"line":256,"column":114}}]},"29":{"type":"branch","line":263,"loc":{"start":{"line":263,"column":4},"end":{"line":269,"column":3}},"locations":[{"start":{"line":263,"column":4},"end":{"line":269,"column":3}}]},"30":{"type":"branch","line":105,"loc":{"start":{"line":105,"column":47},"end":{"line":112,"column":7}},"locations":[{"start":{"line":105,"column":47},"end":{"line":112,"column":7}}]},"31":{"type":"branch","line":106,"loc":{"start":{"line":106,"column":52},"end":{"line":106,"column":67}},"locations":[{"start":{"line":106,"column":52},"end":{"line":106,"column":67}}]},"32":{"type":"branch","line":119,"loc":{"start":{"line":119,"column":30},"end":{"line":119,"column":61}},"locations":[{"start":{"line":119,"column":30},"end":{"line":119,"column":61}}]},"33":{"type":"branch","line":123,"loc":{"start":{"line":123,"column":27},"end":{"line":123,"column":58}},"locations":[{"start":{"line":123,"column":27},"end":{"line":123,"column":58}}]},"34":{"type":"branch","line":144,"loc":{"start":{"line":144,"column":34},"end":{"line":149,"column":10}},"locations":[{"start":{"line":144,"column":34},"end":{"line":149,"column":10}}]},"35":{"type":"branch","line":146,"loc":{"start":{"line":146,"column":49},"end":{"line":146,"column":56}},"locations":[{"start":{"line":146,"column":49},"end":{"line":146,"column":56}}]},"36":{"type":"branch","line":152,"loc":{"start":{"line":152,"column":31},"end":{"line":157,"column":10}},"locations":[{"start":{"line":152,"column":31},"end":{"line":157,"column":10}}]},"37":{"type":"branch","line":154,"loc":{"start":{"line":154,"column":49},"end":{"line":154,"column":56}},"locations":[{"start":{"line":154,"column":49},"end":{"line":154,"column":56}}]}},"b":{"0":[2],"1":[0],"2":[0],"3":[0],"4":[0],"5":[1],"6":[0],"7":[0],"8":[1],"9":[0],"10":[1],"11":[0],"12":[0],"13":[0],"14":[0],"15":[0],"16":[1],"17":[0],"18":[1],"19":[0],"20":[1],"21":[0],"22":[1],"23":[0],"24":[0],"25":[1],"26":[0],"27":[0],"28":[0],"29":[1],"30":[2],"31":[0],"32":[1],"33":[1],"34":[1],"35":[0],"36":[1],"37":[0]},"fnMap":{"0":{"name":"POST","decl":{"start":{"line":11,"column":7},"end":{"line":270,"column":1}},"loc":{"start":{"line":11,"column":7},"end":{"line":270,"column":1}},"line":11},"1":{"name":"getImage","decl":{"start":{"line":206,"column":16},"end":{"line":211,"column":8}},"loc":{"start":{"line":206,"column":16},"end":{"line":211,"column":8}},"line":206},"2":{"name":"getSize","decl":{"start":{"line":212,"column":15},"end":{"line":229,"column":8}},"loc":{"start":{"line":212,"column":15},"end":{"line":229,"column":8}},"line":212}},"f":{"0":2,"1":0,"2":0}}
,"C:\\laragon\\www\\e-raport-v4\\app\\api\\upload\\excel\\combined-template\\route.ts": {"path":"C:\\laragon\\www\\e-raport-v4\\app\\api\\upload\\excel\\combined-template\\route.ts","all":false,"statementMap":{"0":{"start":{"line":1,"column":0},"end":{"line":1,"column":55}},"1":{"start":{"line":2,"column":0},"end":{"line":2,"column":29}},"2":{"start":{"line":3,"column":0},"end":{"line":3,"column":37}},"3":{"start":{"line":4,"column":0},"end":{"line":4,"column":46}},"4":{"start":{"line":5,"column":0},"end":{"line":5,"column":39}},"5":{"start":{"line":6,"column":0},"end":{"line":6,"column":68}},"6":{"start":{"line":7,"column":0},"end":{"line":7,"column":48}},"7":{"start":{"line":8,"column":0},"end":{"line":8,"column":0}},"8":{"start":{"line":9,"column":0},"end":{"line":9,"column":28}},"9":{"start":{"line":10,"column":0},"end":{"line":10,"column":15}},"10":{"start":{"line":11,"column":0},"end":{"line":11,"column":41}},"11":{"start":{"line":12,"column":0},"end":{"line":12,"column":17}},"12":{"start":{"line":13,"column":0},"end":{"line":13,"column":20}},"13":{"start":{"line":14,"column":0},"end":{"line":14,"column":14}},"14":{"start":{"line":15,"column":0},"end":{"line":15,"column":1}},"15":{"start":{"line":16,"column":0},"end":{"line":16,"column":0}},"16":{"start":{"line":17,"column":0},"end":{"line":17,"column":50}},"17":{"start":{"line":18,"column":0},"end":{"line":18,"column":39}},"18":{"start":{"line":19,"column":0},"end":{"line":19,"column":7}},"19":{"start":{"line":20,"column":0},"end":{"line":20,"column":45}},"20":{"start":{"line":21,"column":0},"end":{"line":21,"column":45}},"21":{"start":{"line":22,"column":0},"end":{"line":22,"column":54}},"22":{"start":{"line":23,"column":0},"end":{"line":23,"column":71}},"23":{"start":{"line":24,"column":0},"end":{"line":24,"column":58}},"24":{"start":{"line":25,"column":0},"end":{"line":25,"column":0}},"25":{"start":{"line":26,"column":0},"end":{"line":26,"column":16}},"26":{"start":{"line":27,"column":0},"end":{"line":27,"column":98}},"27":{"start":{"line":28,"column":0},"end":{"line":28,"column":5}},"28":{"start":{"line":29,"column":0},"end":{"line":29,"column":0}},"29":{"start":{"line":30,"column":0},"end":{"line":30,"column":39}},"30":{"start":{"line":31,"column":0},"end":{"line":31,"column":119}},"31":{"start":{"line":32,"column":0},"end":{"line":32,"column":5}},"32":{"start":{"line":33,"column":0},"end":{"line":33,"column":0}},"33":{"start":{"line":34,"column":0},"end":{"line":34,"column":25}},"34":{"start":{"line":35,"column":0},"end":{"line":35,"column":70}},"35":{"start":{"line":36,"column":0},"end":{"line":36,"column":122}},"36":{"start":{"line":37,"column":0},"end":{"line":37,"column":5}},"37":{"start":{"line":38,"column":0},"end":{"line":38,"column":0}},"38":{"start":{"line":39,"column":0},"end":{"line":39,"column":22}},"39":{"start":{"line":40,"column":0},"end":{"line":40,"column":38}},"40":{"start":{"line":41,"column":0},"end":{"line":41,"column":43}},"41":{"start":{"line":42,"column":0},"end":{"line":42,"column":43}},"42":{"start":{"line":43,"column":0},"end":{"line":43,"column":36}},"43":{"start":{"line":44,"column":0},"end":{"line":44,"column":41}},"44":{"start":{"line":45,"column":0},"end":{"line":45,"column":0}},"45":{"start":{"line":46,"column":0},"end":{"line":46,"column":31}},"46":{"start":{"line":47,"column":0},"end":{"line":47,"column":108}},"47":{"start":{"line":48,"column":0},"end":{"line":48,"column":65}},"48":{"start":{"line":49,"column":0},"end":{"line":49,"column":0}},"49":{"start":{"line":50,"column":0},"end":{"line":50,"column":52}},"50":{"start":{"line":51,"column":0},"end":{"line":51,"column":0}},"51":{"start":{"line":52,"column":0},"end":{"line":52,"column":41}},"52":{"start":{"line":53,"column":0},"end":{"line":53,"column":45}},"53":{"start":{"line":54,"column":0},"end":{"line":54,"column":48}},"54":{"start":{"line":55,"column":0},"end":{"line":55,"column":32}},"55":{"start":{"line":56,"column":0},"end":{"line":56,"column":27}},"56":{"start":{"line":57,"column":0},"end":{"line":57,"column":26}},"57":{"start":{"line":58,"column":0},"end":{"line":58,"column":75}},"58":{"start":{"line":59,"column":0},"end":{"line":59,"column":10}},"59":{"start":{"line":60,"column":0},"end":{"line":60,"column":7}},"60":{"start":{"line":61,"column":0},"end":{"line":61,"column":76}},"61":{"start":{"line":62,"column":0},"end":{"line":62,"column":5}},"62":{"start":{"line":63,"column":0},"end":{"line":63,"column":0}},"63":{"start":{"line":64,"column":0},"end":{"line":64,"column":55}},"64":{"start":{"line":65,"column":0},"end":{"line":65,"column":60}},"65":{"start":{"line":66,"column":0},"end":{"line":66,"column":32}},"66":{"start":{"line":67,"column":0},"end":{"line":67,"column":57}},"67":{"start":{"line":68,"column":0},"end":{"line":68,"column":38}},"68":{"start":{"line":69,"column":0},"end":{"line":69,"column":66}},"69":{"start":{"line":70,"column":0},"end":{"line":70,"column":26}},"70":{"start":{"line":71,"column":0},"end":{"line":71,"column":23}},"71":{"start":{"line":72,"column":0},"end":{"line":72,"column":8}},"72":{"start":{"line":73
[...]
:1}},"locations":[{"start":{"line":30,"column":22},"end":{"line":41,"column":1}}]},"14":{"type":"branch","line":31,"loc":{"start":{"line":31,"column":16},"end":{"line":34,"column":31}},"locations":[{"start":{"line":31,"column":16},"end":{"line":34,"column":31}}]},"15":{"type":"branch","line":34,"loc":{"start":{"line":34,"column":31},"end":{"line":34,"column":41}},"locations":[{"start":{"line":34,"column":31},"end":{"line":34,"column":41}}]},"16":{"type":"branch","line":34,"loc":{"start":{"line":34,"column":38},"end":{"line":37,"column":4}},"locations":[{"start":{"line":34,"column":38},"end":{"line":37,"column":4}}]},"17":{"type":"branch","line":37,"loc":{"start":{"line":37,"column":4},"end":{"line":40,"column":3}},"locations":[{"start":{"line":37,"column":4},"end":{"line":40,"column":3}}]},"18":{"type":"branch","line":140,"loc":{"start":{"line":140,"column":7},"end":{"line":344,"column":1}},"locations":[{"start":{"line":140,"column":7},"end":{"line":344,"column":1}}]},"19":{"type":"branch","line":165,"loc":{"start":{"line":165,"column":16},"end":{"line":167,"column":5}},"locations":[{"start":{"line":165,"column":16},"end":{"line":167,"column":5}}]},"20":{"type":"branch","line":167,"loc":{"start":{"line":167,"column":4},"end":{"line":169,"column":34}},"locations":[{"start":{"line":167,"column":4},"end":{"line":169,"column":34}}]},"21":{"type":"branch","line":169,"loc":{"start":{"line":169,"column":34},"end":{"line":174,"column":5}},"locations":[{"start":{"line":169,"column":34},"end":{"line":174,"column":5}}]},"22":{"type":"branch","line":174,"loc":{"start":{"line":174,"column":4},"end":{"line":181,"column":24}},"locations":[{"start":{"line":174,"column":4},"end":{"line":181,"column":24}}]},"23":{"type":"branch","line":181,"loc":{"start":{"line":181,"column":24},"end":{"line":183,"column":5}},"locations":[{"start":{"line":181,"column":24},"end":{"line":183,"column":5}}]},"24":{"type":"branch","line":183,"loc":{"start":{"line":183,"column":4},"end":{"line":185,"column":58}},"locations":[{"start":{"line":183,"column":4},"end":{"line":185,"column":58}}]},"25":{"type":"branch","line":188,"loc":{"start":{"line":188,"column":23},"end":{"line":194,"column":9}},"locations":[{"start":{"line":188,"column":23},"end":{"line":194,"column":9}}]},"26":{"type":"branch","line":194,"loc":{"start":{"line":194,"column":4},"end":{"line":194,"column":11}},"locations":[{"start":{"line":194,"column":4},"end":{"line":194,"column":11}}]},"27":{"type":"branch","line":239,"loc":{"start":{"line":239,"column":5},"end":{"line":242,"column":32}},"locations":[{"start":{"line":239,"column":5},"end":{"line":242,"column":32}}]},"28":{"type":"branch","line":242,"loc":{"start":{"line":242,"column":32},"end":{"line":242,"column":73}},"locations":[{"start":{"line":242,"column":32},"end":{"line":242,"column":73}}]},"29":{"type":"branch","line":242,"loc":{"start":{"line":242,"column":46},"end":{"line":243,"column":35}},"locations":[{"start":{"line":242,"column":46},"end":{"line":243,"column":35}}]},"30":{"type":"branch","line":243,"loc":{"start":{"line":243,"column":35},"end":{"line":243,"column":80}},"locations":[{"start":{"line":243,"column":35},"end":{"line":243,"column":80}}]},"31":{"type":"branch","line":243,"loc":{"start":{"line":243,"column":49},"end":{"line":244,"column":41}},"locations":[{"start":{"line":243,"column":49},"end":{"line":244,"column":41}}]},"32":{"type":"branch","line":244,"loc":{"start":{"line":244,"column":41},"end":{"line":244,"column":84}},"locations":[{"start":{"line":244,"column":41},"end":{"line":244,"column":84}}]},"33":{"type":"branch","line":244,"loc":{"start":{"line":244,"column":55},"end":{"line":255,"column":53}},"locations":[{"start":{"line":244,"column":55},"end":{"line":255,"column":53}}]},"34":{"type":"branch","line":248,"loc":{"start":{"line":248,"column":29},"end":{"line":248,"column":61}},"locations":[{"start":{"line":248,"column":29},"end":{"line":248,"column":61}}]},"35":{"type":"branch","line":248,"loc":{"start":{"line":248,"column":56},"end":{"line":248,"column":95}},"locations":[{"start":{"line":248,"column":56},"end":{"line":248,"column":95}}]},"36":{"type":"branch","line":248,"loc":{"start":{"line":248,"column":95},"end":{"line":252,"column":7}},"locations":[{"start":{"line":248,"column":95},"end":{"line":252,"column":7}}]},"37":{"type":"branch","line":255,"loc":{"start":{"line":255,"column":53},"end":{"line":257,"column":5}},"locations":[{"start":{"line":255,"column":53},"end":{"line":257,"column":5}}]},"38":{"type":"branch","line":257,"loc":{"start":{"line":257,"column":4},"end":{"line":259,"column":27}},"locations":[{"start":{"line":257,"column":4},"end":{"line":259,"column":27}}]},"39":{"type":"branch","line":259,"loc":{"start":{"line":259,"column":23},"end":{"line":259,"column":52}},"locations":[{"start":{"line":259,"column":23},"end":{"line":259,"column":52}}]},"40":{"type":"branch","line":259,"loc":{"start":{"line":259,"column":52},"end":{"line":259,"column":110}},"locations":[{"start":{"line":259,"column":52},"end":{"line":259,"column":110}}]},"41":{"type":"branch","line":259,"loc":{"start":{"line":259,"column":66},"end":{"line":262,"column":85}},"locations":[{"start":{"line":259,"column":66},"end":{"line":262,"column":85}}]},"42":{"type":"branch","line":262,"loc":{"start":{"line":262,"column":85},"end":{"line":262,"column":89}},"locations":[{"start":{"line":262,"column":85},"end":{"line":262,"column":89}}]},"43":{"type":"branch","line":264,"loc":{"start":{"line":264,"column":61},"end":{"line":268,"column":73}},"locations":[{"start":{"line":264,"column":61},"end":{"line":268,"column":73}}]},"44":{"type":"branch","line":268,"loc":{"start":{"line":268,"column":62},"end":{"line":268,"column":80}},"locations":[{"start":{"line":268,"column":62},"end":{"line":268,"column":80}}]},"45":{"type":"branch","line":271,"loc":{"start":{"line":271,"column":39},"end":{"line":284,"column":42}},"locations":[{"start":{"line":271,"column":39},"end":{"line":284,"column":42}}]},"46":{"type":"branch","line":277,"loc":{"start":{"line":277,"column":43},"end":{"line":277,"column":73}},"locations":[{"start":{"line":277,"column":43},"end":{"line":277,"column":73}}]},"47":{"type":"branch","line":301,"loc":{"start":{"line":301,"column":18},"end":{"line":301,"column":110}},"locations":[{"start":{"line":301,"column":18},"end":{"line":301,"column":110}}]},"48":{"type":"branch","line":301,"loc":{"start":{"line":301,"column":74},"end":{"line":301,"column":110}},"locations":[{"start":{"line":301,"column":74},"end":{"line":301,"column":110}}]},"49":{"type":"branch","line":301,"loc":{"start":{"line":301,"column":110},"end":{"line":301,"column":151}},"locations":[{"start":{"line":301,"column":110},"end":{"line":301,"column":151}}]},"50":{"type":"branch","line":302,"loc":{"start":{"line":302,"column":19},"end":{"line":302,"column":64}},"locations":[{"start":{"line":302,"column":19},"end":{"line":302,"column":64}}]},"51":{"type":"branch","line":302,"loc":{"start":{"line":302,"column":64},"end":{"line":302,"column":69}},"locations":[{"start":{"line":302,"column":64},"end":{"line":302,"column":69}}]},"52":{"type":"branch","line":327,"loc":{"start":{"line":327,"column":23},"end":{"line":327,"column":57}},"locations":[{"start":{"line":327,"column":23},"end":{"line":327,"column":57}}]},"53":{"type":"branch","line":327,"loc":{"start":{"line":327,"column":37},"end":{"line":327,"column":85}},"locations":[{"start":{"line":327,"column":37},"end":{"line":327,"column":85}}]},"54":{"type":"branch","line":332,"loc":{"start":{"line":332,"column":34},"end":{"line":332,"column":49}},"locations":[{"start":{"line":332,"column":34},"end":{"line":332,"column":49}}]},"55":{"type":"branch","line":332,"loc":{"start":{"line":332,"column":38},"end":{"line":332,"column":59}},"locations":[{"start":{"line":332,"column":38},"end":{"line":332,"column":59}}]},"56":{"type":"branch","line":337,"loc":{"start":{"line":337,"column":4},"end":{"line":343,"column":3}},"locations":[{"start":{"line":337,"column":4},"end":{"line":343,"column":3}}]},"57":{"type":"branch","line":151,"loc":{"start":{"line":151,"column":24},"end":{"line":151,"column":45}},"locations":[{"start":{"line":151,"column":24},"end":{"line":151,"column":45}}]},"58":{"type":"branch","line":198,"loc":{"start":{"line":198,"column":23},"end":{"line":200,"column":7}},"locations":[{"start":{"line":198,"column":23},"end":{"line":200,"column":7}}]},"59":{"type":"branch","line":261,"loc":{"start":{"line":261,"column":46},"end":{"line":261,"column":90}},"locations":[{"start":{"line":261,"column":46},"end":{"line":261,"column":90}}]},"60":{"type":"branch","line":289,"loc":{"start":{"line":289,"column":34},"end":{"line":297,"column":10}},"locations":[{"start":{"line":289,"column":34},"end":{"line":297,"column":10}}]},"61":{"type":"branch","line":293,"loc":{"start":{"line":293,"column":36},"end":{"line":293,"column":78}},"locations":[{"start":{"line":293,"column":36},"end":{"line":293,"column":78}}]},"62":{"type":"branch","line":293,"loc":{"start":{"line":293,"column":61},"end":{"line":293,"column":82}},"locations":[{"start":{"line":293,"column":61},"end":{"line":293,"column":82}}]},"63":{"type":"branch","line":295,"loc":{"start":{"line":295,"column":31},"end":{"line":295,"column":73}},"locations":[{"start":{"line":295,"column":31},"end":{"line":295,"column":73}}]},"64":{"type":"branch","line":303,"loc":{"start":{"line":303,"column":38},"end":{"line":313,"column":10}},"locations":[{"start":{"line":303,"column":38},"end":{"line":313,"column":10}}]},"65":{"type":"branch","line":308,"loc":{"start":{"line":308,"column":29},"end":{"line":308,"column":50}},"locations":[{"start":{"line":308,"column":29},"end":{"line":308,"column":50}}]},"66":{"type":"branch","line":308,"loc":{"start":{"line":308,"column":61},"end":{"line":308,"column":82}},"locations":[{"start":{"line":308,"column":61},"end":{"line":308,"column":82}}]},"67":{"type":"branch","line":309,"loc":{"start":{"line":309,"column":36},"end":{"line":309,"column":57}},"locations":[{"start":{"line":309,"column":36},"end":{"line":309,"column":57}}]},"68":{"type":"branch","line":310,"loc":{"start":{"line":310,"column":42},"end":{"line":310,"column":66}},"locations":[{"start":{"line":310,"column":42},"end":{"line":310,"column":66}}]},"69":{"type":"branch","line":315,"loc":{"start":{"line":315,"column":31},"end":{"line":320,"column":10}},"locations":[{"start":{"line":315,"column":31},"end":{"line":320,"column":10}}]},"70":{"type":"branch","line":348,"loc":{"start":{"line":348,"column":7},"end":{"line":419,"column":1}},"locations":[{"start":{"line":348,"column":7},"end":{"line":419,"column":1}}]},"71":{"type":"branch","line":365,"loc":{"start":{"line":365,"column":32},"end":{"line":365,"column":43}},"locations":[{"start":{"line":365,"column":32},"end":{"line":365,"column":43}}]},"72":{"type":"branch","line":375,"loc":{"start":{"line":375,"column":40},"end":{"line":375,"column":51}},"locations":[{"start":{"line":375,"column":40},"end":{"line":375,"column":51}}]},"73":{"type":"branch","line":402,"loc":{"start":{"line":402,"column":28},"end":{"line":402,"column":39}},"locations":[{"start":{"line":402,"column":28},"end":{"line":402,"column":39}}]},"74":{"type":"branch","line":415,"loc":{"start":{"line":415,"column":4},"end":{"line":418,"column":3}},"locations":[{"start":{"line":415,"column":4},"end":{"line":418,"column":3}}]},"75":{"type":"branch","line":357,"loc":{"start":{"line":357,"column":24},"end":{"line":357,"column":45}},"locations":[{"start":{"line":357,"column":24},"end":{"line":357,"column":45}}]},"76":{"type":"branch","line":389,"loc":{"start":{"line":389,"column":46},"end":{"line":396,"column":6}},"locations":[{"start":{"line":389,"column":46},"end":{"line":396,"column":6}}]},"77":{"type":"branch","line":394,"loc":{"start":{"line":394,"column":39},"end":{"line":394,"column":56}},"locations":[{"start":{"line":394,"column":39},"end":{"line":394,"column":56}}]},"78":{"type":"branch","line":390,"loc":{"start":{"line":390,"column":39},"end":{"line":390,"column":77}},"locations":[{"start":{"line":390,"column":39},"end":{"line":390,"column":77}}]},"79":{"type":"branch","line":401,"loc":{"start":{"line":401,"column":50},"end":{"line":401,"column":94}},"locations":[{"start":{"line":401,"column":50},"end":{"line":401,"column":94}}]},"80":{"type":"branch","line":421,"loc":{"start":{"line":421,"column":7},"end":{"line":449,"column":1}},"locations":[{"start":{"line":421,"column":7},"end":{"line":449,"column":1}}]},"81":{"type":"branch","line":422,"loc":{"start":{"line":422,"column":31},"end":{"line":422,"column":41}},"locations":[{"start":{"line":422,"column":31},"end":{"line":422,"column":41}}]},"82":{"type":"branch","line":436,"loc":{"start":{"line":436,"column":35},"end":{"line":436,"column":87}},"locations":[{"start":{"line":436,"column":35},"end":{"line":436,"column":87}}]},"83":{"type":"branch","line":439,"loc":{"start":{"line":439,"column":29},"end":{"line":442,"column":5}},"locations":[{"start":{"line":439,"column":29},"end":{"line":442,"column":5}}]},"84":{"type":"branch","line":445,"loc":{"start":{"line":445,"column":31},"end":{"line":449,"column":1}},"locations":[{"start":{"line":445,"column":31},"end":{"line":449,"column":1}}]},"85":{"type":"branch","line":451,"loc":{"start":{"line":451,"column":7},"end":{"line":460,"column":1}},"locations":[{"start":{"line":451,"column":7},"end":{"line":460,"column":1}}]},"86":{"type":"branch","line":452,"loc":{"start":{"line":452,"column":33},"end":{"line":452,"column":56}},"locations":[{"start":{"line":452,"column":33},"end":{"line":452,"column":56}}]},"87":{"type":"branch","line":457,"loc":{"start":{"line":457,"column":43},"end":{"line":460,"column":1}},"locations":[{"start":{"line":457,"column":43},"end":{"line":460,"column":1}}]},"88":{"type":"branch","line":454,"loc":{"start":{"line":454,"column":44},"end":{"line":454,"column":76}},"locations":[{"start":{"line":454,"column":44},"end":{"line":454,"column":76}}]},"89":{"type":"branch","line":462,"loc":{"start":{"line":462,"column":7},"end":{"line":468,"column":1}},"locations":[{"start":{"line":462,"column":7},"end":{"line":468,"column":1}}]},"90":{"type":"branch","line":463,"loc":{"start":{"line":463,"column":30},"end":{"line":468,"column":1}},"locations":[{"start":{"line":463,"column":30},"end":{"line":468,"column":1}}]},"91":{"type":"branch","line":465,"loc":{"start":{"line":465,"column":26},"end":{"line":467,"column":5}},"locations":[{"start":{"line":465,"column":26},"end":{"line":467,"column":5}}]},"92":{"type":"branch","line":466,"loc":{"start":{"line":466,"column":27},"end":{"line":466,"column":37}},"locations":[{"start":{"line":466,"column":27},"end":{"line":466,"column":37}}]},"93":{"type":"branch","line":466,"loc":{"start":{"line":466,"column":43},"end":{"line":466,"column":53}},"locations":[{"start":{"line":466,"column":43},"end":{"line":466,"column":53}}]},"94":{"type":"branch","line":470,"loc":{"start":{"line":470,"column":7},"end":{"line":477,"column":1}},"locations":[{"start":{"line":470,"column":7},"end":{"line":477,"column":1}}]},"95":{"type":"branch","line":471,"loc":{"start":{"line":471,"column":17},"end":{"line":471,"column":27}},"locations":[{"start":{"line":471,"column":17},"end":{"line":471,"column":27}}]},"96":{"type":"branch","line":473,"loc":{"start":{"line":473,"column":38},"end":{"line":477,"column":1}},"locations":[{"start":{"line":473,"column":38},"end":{"line":477,"column":1}}]},"97":{"type":"branch","line":479,"loc":{"start":{"line":479,"column":7},"end":{"line":514,"column":1}},"locations":[{"start":{"line":479,"column":7},"end":{"line":514,"column":1}}]},"98":{"type":"branch","line":486,"loc":{"start":{"line":486,"column":30},"end":{"line":504,"column":62}},"locations":[{"start":{"line":486,"column":30},"end":{"line":504,"column":62}}]},"99":{"type":"branch","line":504,"loc":{"start":{"line":504,"column":59},"end":{"line":505,"column":13}},"locations":[{"start":{"line":504,"column":59},"end":{"line":505,"column":13}}]},"100":{"type":"branch","line":496,"loc":{"start":{"line":496,"column":38},"end":{"line":496,"column":63}},"locations":[{"start":{"line":496,"column":38},"end":{"line":496,"column":63}}]},"101":{"type":"branch","line":497,"loc":{"start":{"line":497,"column":37},"end":{"line":497,"column":61}},"locations":[{"start":{"line":497,"column":37},"end":{"line":497,"column":61}}]},"102":{"type":"branch","line":498,"loc":{"start":{"line":498,"column":38},"end":{"line":498,"column":63}},"locations":[{"start":{"line":498,"column":38},"end":{"line":498,"column":63}}]}},"b":{"0":[2],"1":[0],"2":[0],"3":[0],"4":[0],"5":[6],"6":[0],"7":[0],"8":[0],"9":[3],"10":[5],"11":[3],"12":[0],"13":[2],"14":[1],"15":[0],"16":[1],"17":[0],"18":[4],"19":[1],"20":[3],"21":[1],"22":[2],"23":[0],"24":[2],"25":[2],"26":[0],"27":[2],"28":[1],"29":[2],"30":[0],"31":[2],"32":[0],"33":[2],"34":[1],"35":[1],"36":[1],"37":[0],"38":[2],"39":[0],"40":[0],"41":[2],"42":[0],"43":[2],"44":[0],"45":[2],"46":[0],"47":[2],"48":[0],"49":[0],"50":[2],"51":[0],"52":[2],"53":[0],"54":[1],"55":[1],"56":[0],"57":[4],"58":[4],"59":[2],"60":[2],"61":[0],"62":[0],"63":[0],"64":[2],"65":[0],"66":[0],"67":[0],"68":[0],"69":[1],"70":[2],"71":[0],"72":[0],"73":[0],"74":[0],"75":[2],"76":[2],"77":[0],"78":[2],"79":[2],"80":[2],"81":[0],"82":[0],"83":[0],"84":[0],"85":[2],"86":[0],"87":[0],"88":[2],"89":[2],"90":[1],"91":[1],"92":[0],"93":[0],"94":[2],"95":[0],"96":[0],"97":[2],"98":[1],"99":[0],"100":[1],"101":[1],"102":[1]},"fnMap":{"0":{"name":"getPredicate","decl":{"start":{"line":6,"column":21},"end":{"line":16,"column":1}},"loc":{"start":{"line":6,"column":21},"end":{"line":16,"column":1}},"line":6},"1":{"name":"getSikapPredicate","decl":{"start":{"line":18,"column":26},"end":{"line":28,"column":1}},"loc":{"start":{"line":18,"column":26},"end":{"line":28,"column":1}},"line":18},"2":{"name":"formatTanggal","decl":{"start":{"line":30,"column":22},"end":{"line":41,"column":1}},"loc":{"start":{"line":30,"column":22},"end":{"line":41,"column":1}},"line":30},"3":{"name":"calculateAverage","decl":{"start":{"line":43,"column":25},"end":{"line":51,"column":1}},"loc":{"start":{"line":43,"column":25},"end":{"line":51,"column":1}},"line":43},"4":{"name":"getFullRaportData","decl":{"start":{"line":65,"column":7},"end":{"line":127,"column":1}},"loc":{"start":{"line":65,"column":7},"end":{"line":127,"column":1}},"line":65},"5":{"name":"convertToHijriah","decl":{"start":{"line":132,"column":7},"end":{"line":135,"column":1}},"loc":{"start":{"line":132,"column":7},"end":{"line":135,"column":1}},"line":132},"6":{"name":"generateLaporanNilai","decl":{"start":{"line":140,"column":7},"end":{"line":344,"column":1}},"loc":{"start":{"line":140,"column":7},"end":{"line":344,"column":1}},"line":140},"7":{"name":"calculateClassRanking","decl":{"start":{"line":348,"column":7},"end":{"line":419,"column":1}},"loc":{"start":{"line":348,"column":7},"end":{"line":419,"column":1}},"line":348},"8":{"name":"calculateAveragePredikat","decl":{"start":{"line":421,"column":7},"end":{"line":449,"column":1}},"loc":{"start":{"line":421,"column":7},"end":{"line":449,"column":1}},"line":421},"9":{"name":"calculateHafalanStatus","decl":{"start":{"line":451,"column":7},"end":{"line":460,"column":1}},"loc":{"start":{"line":451,"column":7},"end":{"line":460,"column":1}},"line":451},"10":{"name":"calculateTotalKetidakhadiran","decl":{"start":{"line":462,"column":7},"end":{"line":468,"column":1}},"loc":{"start":{"line":462,"column":7},"end":{"line":468,"column":1}},"line":462},"11":{"name":"normalizeHafalanPredikat","decl":{"start":{"line":470,"column":7},"end":{"line":477,"column":1}},"loc":{"start":{"line":470,"column":7},"end":{"line":477,"column":1}},"line":470},"12":{"name":"calculateAttendanceSummary","decl":{"start":{"line":479,"column":7},"end":{"line":514,"column":1}},"loc":{"start":{"line":479,"column":7},"end":{"line":514,"column":1}},"line":479}},"f":{"0":2,"1":6,"2":2,"3":0,"4":0,"5":0,"6":4,"7":2,"8":2,"9":2,"10":2,"11":2,"12":2}}
}
