TN:
SF:app\api\rapot\generate\identitas\route.ts
FN:10,POST
FN:123,formatTanggal
FNF:2
FNH:2
FNDA:2,POST
FNDA:2,formatTanggal
DA:1,1
DA:2,1
DA:3,1
DA:4,1
DA:5,1
DA:6,1
DA:7,1
DA:8,1
DA:9,1
DA:10,1
DA:11,2
DA:12,2
DA:13,2
DA:14,2
DA:15,0
DA:16,0
DA:17,0
DA:18,0
DA:19,0
DA:20,2
DA:21,2
DA:22,2
DA:23,2
DA:24,2
DA:25,2
DA:26,2
DA:27,2
DA:28,2
DA:29,2
DA:30,1
DA:31,1
DA:32,1
DA:33,1
DA:34,1
DA:35,1
DA:36,1
DA:37,1
DA:38,1
DA:39,1
DA:40,1
DA:41,1
DA:42,1
DA:43,1
DA:44,1
DA:45,1
DA:46,1
DA:47,1
DA:48,1
DA:49,1
DA:50,1
DA:51,1
DA:52,1
DA:53,1
DA:54,1
DA:55,1
DA:56,1
DA:57,1
DA:58,1
DA:59,1
DA:60,1
DA:61,1
DA:62,1
DA:63,1
DA:64,1
DA:65,1
DA:66,1
DA:67,1
DA:68,1
DA:69,1
DA:70,1
DA:71,1
DA:72,1
DA:73,1
DA:74,1
DA:75,2
DA:76,0
DA:77,0
DA:78,0
DA:79,0
DA:80,0
DA:81,1
DA:82,1
DA:83,1
DA:84,1
DA:85,1
DA:86,1
DA:87,1
DA:88,1
DA:89,1
DA:90,1
DA:91,2
DA:92,0
DA:93,0
DA:94,0
DA:95,0
DA:96,0
DA:97,1
DA:98,1
DA:99,1
DA:100,1
DA:101,2
DA:102,0
DA:103,0
DA:104,0
DA:105,0
DA:106,0
DA:107,0
DA:108,0
DA:109,2
DA:110,1
DA:111,1
DA:112,1
DA:113,1
DA:114,1
DA:115,1
DA:116,1
DA:117,1
DA:118,1
DA:119,1
DA:120,1
DA:121,1
DA:122,1
DA:123,1
DA:124,2
DA:125,1
DA:126,1
DA:127,1
DA:128,1
DA:129,1
DA:130,2
DA:131,2
DA:132,2
DA:133,2
DA:134,2
DA:135,2
DA:136,2
DA:137,2
DA:138,2
DA:139,2
DA:140,2
DA:141,2
DA:142,2
DA:143,2
DA:144,2
DA:145,2
DA:146,2
DA:147,2
DA:148,2
DA:149,2
DA:150,2
DA:151,2
DA:152,2
DA:153,2
DA:154,2
DA:155,2
DA:156,2
DA:157,2
DA:158,2
DA:159,2
DA:160,2
DA:161,2
DA:162,2
DA:163,2
DA:164,0
DA:165,0
DA:166,0
DA:167,0
DA:168,0
DA:169,0
DA:170,1
DA:171,1
DA:172,1
DA:173,1
DA:174,1
DA:175,1
DA:176,1
DA:177,1
DA:178,1
DA:179,1
DA:180,2
DA:181,2
DA:182,2
DA:183,2
DA:184,2
DA:185,2
DA:186,2
DA:187,2
DA:188,0
DA:189,0
DA:190,0
DA:191,0
DA:192,0
DA:193,0
DA:194,2
LF:194
LH:160
BRDA:10,0,0,2
BRDA:14,1,0,0
BRDA:29,2,0,1
BRDA:75,3,0,0
BRDA:80,4,0,1
BRDA:91,5,0,0
BRDA:96,6,0,1
BRDA:101,7,0,0
BRDA:109,8,0,1
BRDA:130,9,0,0
BRDA:131,10,0,0
BRDA:132,11,0,1
BRDA:133,12,0,0
BRDA:133,13,0,1
BRDA:133,14,0,0
BRDA:134,15,0,1
BRDA:135,16,0,1
BRDA:136,17,0,1
BRDA:137,18,0,1
BRDA:138,19,0,1
BRDA:139,20,0,1
BRDA:140,21,0,1
BRDA:141,22,0,1
BRDA:142,23,0,1
BRDA:143,24,0,1
BRDA:144,25,0,1
BRDA:145,26,0,0
BRDA:145,27,0,1
BRDA:146,28,0,0
BRDA:146,29,0,1
BRDA:149,30,0,1
BRDA:149,31,0,0
BRDA:150,32,0,1
BRDA:150,33,0,1
BRDA:153,34,0,0
BRDA:153,35,0,1
BRDA:154,36,0,1
BRDA:163,37,0,0
BRDA:169,38,0,1
BRDA:180,39,0,0
BRDA:187,40,0,0
BRDA:123,41,0,2
BRDA:124,42,0,1
BRF:43
BRH:28
end_of_record
TN:
SF:app\api\rapot\generate\nilai\route.ts
FN:13,POST
FN:92,getImage
FN:98,getSize
FN:138,formatTanggal
FNF:4
FNH:2
FNDA:3,POST
FNDA:0,getImage
FNDA:0,getSize
FNDA:1,formatTanggal
DA:1,1
DA:2,1
DA:3,1
DA:4,1
DA:5,1
DA:6,1
DA:7,1
DA:8,1
DA:9,1
DA:10,1
DA:11,1
DA:12,1
DA:13,1
DA:14,3
DA:15,3
DA:16,3
DA:17,3
DA:18,0
DA:19,0
DA:20,0
DA:21,0
DA:22,0
DA:23,3
DA:24,3
DA:25,3
DA:26,3
DA:27,1
DA:28,1
DA:29,1
DA:30,1
DA:31,1
DA:32,2
DA:33,2
DA:34,2
DA:35,2
DA:36,2
DA:37,2
DA:38,2
DA:39,2
DA:40,2
DA:41,2
DA:42,2
DA:43,2
DA:44,2
DA:45,2
DA:46,2
DA:47,3
DA:48,0
DA:49,0
DA:50,0
DA:51,0
DA:52,0
DA:53,2
DA:54,2
DA:55,2
DA:56,3
DA:57,2
DA:58,0
DA:59,0
DA:60,0
DA:61,0
DA:62,0
DA:63,0
DA:64,0
DA:65,0
DA:66,0
DA:67,2
DA:68,2
DA:69,2
DA:70,2
DA:71,2
DA:72,0
DA:73,0
DA:74,2
DA:75,2
DA:76,2
DA:77,2
DA:78,2
DA:79,2
DA:80,2
DA:81,2
DA:82,2
DA:83,2
DA:84,3
DA:85,1
DA:86,1
DA:87,1
DA:88,1
DA:89,1
DA:90,1
DA:91,1
DA:92,1
DA:93,0
DA:94,0
DA:95,0
DA:96,0
DA:97,0
DA:98,1
DA:99,0
DA:100,0
DA:101,0
DA:102,0
DA:103,0
DA:104,0
DA:105,0
DA:106,0
DA:107,0
DA:108,0
DA:109,0
DA:110,0
DA:111,0
DA:112,0
DA:113,0
DA:114,0
DA:115,0
DA:116,1
DA:117,1
DA:118,1
DA:119,3
DA:120,0
DA:121,0
DA:122,0
DA:123,0
DA:124,0
DA:125,0
DA:126,3
DA:127,1
DA:128,1
DA:129,1
DA:130,1
DA:131,1
DA:132,1
DA:133,1
DA:134,1
DA:135,1
DA:136,1
DA:137,1
DA:138,1
DA:139,1
DA:140,1
DA:141,1
DA:142,1
DA:143,1
DA:144,1
DA:145,1
DA:146,1
DA:147,3
DA:148,3
DA:149,3
DA:150,3
DA:151,3
DA:152,3
DA:153,3
DA:154,3
DA:155,3
DA:156,3
DA:157,3
DA:158,3
DA:159,3
DA:160,3
DA:161,3
DA:162,0
DA:163,0
DA:164,0
DA:165,0
DA:166,0
DA:167,0
DA:168,3
DA:169,0
DA:170,0
DA:171,0
DA:172,0
DA:173,0
DA:174,0
DA:175,0
DA:176,3
DA:177,0
DA:178,0
DA:179,0
DA:180,0
DA:181,0
DA:182,0
DA:183,0
DA:184,3
DA:185,3
DA:186,3
DA:187,3
DA:188,3
DA:189,3
DA:190,3
DA:191,3
DA:192,3
DA:193,3
DA:194,3
DA:195,3
DA:196,3
DA:197,3
DA:198,3
DA:199,3
DA:200,3
DA:201,3
DA:202,3
DA:203,3
DA:204,3
DA:205,3
DA:206,3
DA:207,3
DA:208,3
DA:209,3
DA:210,3
DA:211,0
DA:212,0
DA:213,0
DA:214,0
DA:215,0
DA:216,0
DA:217,3
LF:217
LH:142
BRDA:13,0,0,3
BRDA:17,1,0,0
BRDA:26,2,0,1
BRDA:31,3,0,2
BRDA:47,4,0,0
BRDA:52,5,0,2
BRDA:56,6,0,2
BRDA:57,7,0,0
BRDA:71,8,0,0
BRDA:84,9,0,1
BRDA:119,10,0,0
BRDA:126,11,0,1
BRDA:147,12,0,1
BRDA:157,13,0,1
BRDA:158,14,0,1
BRDA:184,15,0,1
BRDA:184,16,0,0
BRDA:185,17,0,1
BRDA:185,18,0,0
BRDA:199,19,0,1
BRDA:199,20,0,0
BRDA:210,21,0,0
BRDA:138,22,0,1
BRDA:139,23,0,0
BRF:24
BRH:14
end_of_record
TN:
SF:app\api\rapot\generate\sikap\route.ts
FN:11,POST
FN:206,getImage
FN:212,getSize
FNF:3
FNH:1
FNDA:2,POST
FNDA:0,getImage
FNDA:0,getSize
DA:1,1
DA:2,1
DA:3,1
DA:4,1
DA:5,1
DA:6,1
DA:7,1
DA:8,1
DA:9,1
DA:10,1
DA:11,1
DA:12,2
DA:13,2
DA:14,2
DA:15,2
DA:16,0
DA:17,0
DA:18,0
DA:19,0
DA:20,0
DA:21,2
DA:22,2
DA:23,2
DA:24,2
DA:25,2
DA:26,2
DA:27,2
DA:28,2
DA:29,2
DA:30,2
DA:31,2
DA:32,2
DA:33,2
DA:34,2
DA:35,2
DA:36,2
DA:37,0
DA:38,0
DA:39,0
DA:40,0
DA:41,0
DA:42,2
DA:43,2
DA:44,2
DA:45,2
DA:46,2
DA:47,2
DA:48,2
DA:49,2
DA:50,2
DA:51,2
DA:52,2
DA:53,0
DA:54,0
DA:55,0
DA:56,0
DA:57,0
DA:58,2
DA:59,2
DA:60,2
DA:61,2
DA:62,2
DA:63,2
DA:64,2
DA:65,2
DA:66,2
DA:67,2
DA:68,2
DA:69,2
DA:70,2
DA:71,2
DA:72,2
DA:73,2
DA:74,2
DA:75,2
DA:76,2
DA:77,2
DA:78,2
DA:79,2
DA:80,2
DA:81,2
DA:82,2
DA:83,2
DA:84,2
DA:85,2
DA:86,2
DA:87,2
DA:88,2
DA:89,2
DA:90,2
DA:91,2
DA:92,2
DA:93,2
DA:94,2
DA:95,2
DA:96,2
DA:97,2
DA:98,2
DA:99,2
DA:100,2
DA:101,1
DA:102,1
DA:103,1
DA:104,1
DA:105,1
DA:106,2
DA:107,2
DA:108,2
DA:109,2
DA:110,2
DA:111,2
DA:112,1
DA:113,1
DA:114,1
DA:115,2
DA:116,2
DA:117,2
DA:118,2
DA:119,1
DA:120,0
DA:121,2
DA:122,2
DA:123,1
DA:124,0
DA:125,2
DA:126,2
DA:127,2
DA:128,2
DA:129,2
DA:130,2
DA:131,2
DA:132,2
DA:133,2
DA:134,2
DA:135,0
DA:136,1
DA:137,2
DA:138,2
DA:139,2
DA:140,2
DA:141,2
DA:142,2
DA:143,2
DA:144,2
DA:145,1
DA:146,1
DA:147,1
DA:148,1
DA:149,1
DA:150,2
DA:151,2
DA:152,2
DA:153,1
DA:154,1
DA:155,1
DA:156,1
DA:157,1
DA:158,2
DA:159,2
DA:160,2
DA:161,2
DA:162,2
DA:163,2
DA:164,2
DA:165,2
DA:166,2
DA:167,2
DA:168,2
DA:169,2
DA:170,2
DA:171,2
DA:172,2
DA:173,2
DA:174,2
DA:175,2
DA:176,2
DA:177,2
DA:178,2
DA:179,2
DA:180,2
DA:181,2
DA:182,2
DA:183,2
DA:184,2
DA:185,1
DA:186,0
DA:187,0
DA:188,0
DA:189,0
DA:190,0
DA:191,0
DA:192,0
DA:193,0
DA:194,0
DA:195,1
DA:196,1
DA:197,1
DA:198,1
DA:199,1
DA:200,0
DA:201,0
DA:202,1
DA:203,1
DA:204,1
DA:205,1
DA:206,1
DA:207,0
DA:208,0
DA:209,0
DA:210,0
DA:211,0
DA:212,1
DA:213,0
DA:214,0
DA:215,0
DA:216,0
DA:217,0
DA:218,0
DA:219,0
DA:220,0
DA:221,0
DA:222,0
DA:223,0
DA:224,0
DA:225,0
DA:226,0
DA:227,0
DA:228,0
DA:229,0
DA:230,1
DA:231,1
DA:232,1
DA:233,1
DA:234,1
DA:235,1
DA:236,1
DA:237,1
DA:238,1
DA:239,1
DA:240,1
DA:241,1
DA:242,1
DA:243,1
DA:244,1
DA:245,1
DA:246,1
DA:247,1
DA:248,1
DA:249,1
DA:250,1
DA:251,1
DA:252,1
DA:253,1
DA:254,1
DA:255,1
DA:256,2
DA:257,2
DA:258,2
DA:259,2
DA:260,2
DA:261,2
DA:262,2
DA:263,2
DA:264,1
DA:265,1
DA:266,1
DA:267,1
DA:268,1
DA:269,1
DA:270,2
LF:270
LH:219
BRDA:11,0,0,2
BRDA:15,1,0,0
BRDA:36,2,0,0
BRDA:52,3,0,0
BRDA:95,4,0,0
BRDA:100,5,0,1
BRDA:115,6,0,0
BRDA:116,7,0,0
BRDA:118,8,0,1
BRDA:120,9,0,0
BRDA:122,10,0,1
BRDA:124,11,0,0
BRDA:132,12,0,0
BRDA:133,13,0,0
BRDA:134,14,0,0
BRDA:135,15,0,0
BRDA:136,16,0,1
BRDA:136,17,0,0
BRDA:137,18,0,1
BRDA:137,19,0,0
BRDA:140,20,0,1
BRDA:140,21,0,0
BRDA:168,22,0,1
BRDA:168,23,0,0
BRDA:173,24,0,0
BRDA:184,25,0,1
BRDA:185,26,0,0
BRDA:199,27,0,0
BRDA:256,28,0,0
BRDA:263,29,0,1
BRDA:105,30,0,2
BRDA:106,31,0,0
BRDA:119,32,0,1
BRDA:123,33,0,1
BRDA:144,34,0,1
BRDA:146,35,0,0
BRDA:152,36,0,1
BRDA:154,37,0,0
BRF:38
BRH:15
end_of_record
TN:
SF:app\api\upload\excel\combined-template\route.ts
FN:17,POST
FN:163,validateNilaiUjianSheet
FN:233,validateNilaiHafalanSheet
FN:301,validateKehadiranSheet
FN:376,validatePenilaianSikapSheet
FN:446,validateCatatanSiswaSheet
FN:510,performImport
FN:624,processNilaiUjian
FN:692,processNilaiHafalan
FN:784,processKehadiran
FN:834,processPenilaianSikap
FN:901,processCatatanSiswa
FNF:12
FNH:12
FNDA:8,POST
FNDA:5,validateNilaiUjianSheet
FNDA:5,validateNilaiHafalanSheet
FNDA:5,validateKehadiranSheet
FNDA:5,validatePenilaianSikapSheet
FNDA:5,validateCatatanSiswaSheet
FNDA:1,performImport
FNDA:1,processNilaiUjian
FNDA:1,processNilaiHafalan
FNDA:1,processKehadiran
FNDA:1,processPenilaianSikap
FNDA:1,processCatatanSiswa
DA:1,1
DA:2,1
DA:3,1
DA:4,1
DA:5,1
DA:6,1
DA:7,1
DA:8,1
DA:9,1
DA:10,1
DA:11,1
DA:12,1
DA:13,1
DA:14,1
DA:15,1
DA:16,1
DA:17,1
DA:18,8
DA:19,8
DA:20,8
DA:21,8
DA:22,8
DA:23,8
DA:24,8
DA:25,8
DA:26,8
DA:27,1
DA:28,1
DA:29,7
DA:30,8
DA:31,0
DA:32,0
DA:33,7
DA:34,7
DA:35,8
DA:36,1
DA:37,1
DA:38,6
DA:39,6
DA:40,6
DA:41,6
DA:42,6
DA:43,6
DA:44,6
DA:45,6
DA:46,6
DA:47,6
DA:48,6
DA:49,6
DA:50,6
DA:51,6
DA:52,6
DA:53,8
DA:54,30
DA:55,5
DA:56,5
DA:57,5
DA:58,5
DA:59,5
DA:60,5
DA:61,30
DA:62,30
DA:63,6
DA:64,6
DA:65,8
DA:66,1
DA:67,1
DA:68,1
DA:69,1
DA:70,1
DA:71,1
DA:72,1
DA:73,1
DA:74,5
DA:75,5
DA:76,5
DA:77,5
DA:78,5
DA:79,5
DA:80,5
DA:81,5
DA:82,5
DA:83,5
DA:84,5
DA:85,5
DA:86,8
DA:87,8
DA:88,8
DA:89,8
DA:90,8
DA:91,8
DA:92,8
DA:93,8
DA:94,8
DA:95,8
DA:96,8
DA:97,8
DA:98,8
DA:99,8
DA:100,8
DA:101,8
DA:102,8
DA:103,8
DA:104,8
DA:105,8
DA:106,8
DA:107,8
DA:108,8
DA:109,8
DA:110,8
DA:111,8
DA:112,8
DA:113,8
DA:114,1
DA:115,1
DA:116,1
DA:117,1
DA:118,1
DA:119,1
DA:120,1
DA:121,1
DA:122,4
DA:123,4
DA:124,4
DA:125,4
DA:126,4
DA:127,4
DA:128,4
DA:129,4
DA:130,4
DA:131,4
DA:132,4
DA:133,4
DA:134,4
DA:135,4
DA:136,4
DA:137,4
DA:138,4
DA:139,8
DA:140,1
DA:141,1
DA:142,1
DA:143,1
DA:144,1
DA:145,4
DA:146,4
DA:147,4
DA:148,4
DA:149,4
DA:150,8
DA:151,8
DA:152,8
DA:153,8
DA:154,8
DA:155,8
DA:156,8
DA:157,0
DA:158,0
DA:159,0
DA:160,8
DA:161,1
DA:162,1
DA:163,5
DA:164,5
DA:165,0
DA:166,0
DA:167,5
DA:168,5
DA:169,5
DA:170,5
DA:171,5
DA:172,5
DA:173,5
DA:174,1
DA:175,1
DA:176,4
DA:177,4
DA:178,4
DA:179,4
DA:180,4
DA:181,4
DA:182,4
DA:183,4
DA:184,1
DA:185,1
DA:186,1
DA:187,3
DA:188,3
DA:189,3
DA:190,3
DA:191,3
DA:192,3
DA:193,4
DA:194,0
DA:195,0
DA:196,0
DA:197,3
DA:198,4
DA:199,3
DA:200,3
DA:201,3
DA:202,1
DA:203,3
DA:204,2
DA:205,2
DA:206,2
DA:207,2
DA:208,2
DA:209,2
DA:210,2
DA:211,2
DA:212,4
DA:213,0
DA:214,0
DA:215,4
DA:216,4
DA:217,5
DA:218,5
DA:219,5
DA:220,5
DA:221,5
DA:222,5
DA:223,5
DA:224,5
DA:225,5
DA:226,5
DA:227,5
DA:228,0
DA:229,0
DA:230,0
DA:231,5
DA:232,1
DA:233,5
DA:234,5
DA:235,0
DA:236,0
DA:237,5
DA:238,5
DA:239,5
DA:240,5
DA:241,5
DA:242,5
DA:243,5
DA:244,1
DA:245,1
DA:246,4
DA:247,4
DA:248,4
DA:249,4
DA:250,4
DA:251,4
DA:252,4
DA:253,4
DA:254,0
DA:255,0
DA:256,0
DA:257,4
DA:258,4
DA:259,4
DA:260,4
DA:261,4
DA:262,4
DA:263,4
DA:264,4
DA:265,4
DA:266,0
DA:267,0
DA:268,0
DA:269,4
DA:270,4
DA:271,0
DA:272,4
DA:273,4
DA:274,4
DA:275,4
DA:276,4
DA:277,4
DA:278,4
DA:279,4
DA:280,4
DA:281,4
DA:282,4
DA:283,4
DA:284,4
DA:285,5
DA:286,5
DA:287,5
DA:288,5
DA:289,5
DA:290,5
DA:291,5
DA:292,5
DA:293,5
DA:294,5
DA:295,5
DA:296,0
DA:297,0
DA:298,0
DA:299,5
DA:300,1
DA:301,5
DA:302,5
DA:303,0
DA:304,0
DA:305,5
DA:306,5
DA:307,5
DA:308,5
DA:309,5
DA:310,5
DA:311,5
DA:312,1
DA:313,1
DA:314,4
DA:315,4
DA:316,4
DA:317,4
DA:318,4
DA:319,4
DA:320,4
DA:321,0
DA:322,0
DA:323,0
DA:324,4
DA:325,4
DA:326,4
DA:327,4
DA:328,4
DA:329,4
DA:330,4
DA:331,4
DA:332,4
DA:333,0
DA:334,0
DA:335,0
DA:336,4
DA:337,4
DA:338,4
DA:339,4
DA:340,4
DA:341,4
DA:342,0
DA:343,4
DA:344,0
DA:345,4
DA:346,0
DA:347,4
DA:348,4
DA:349,4
DA:350,4
DA:351,4
DA:352,4
DA:353,4
DA:354,4
DA:355,4
DA:356,4
DA:357,4
DA:358,4
DA:359,4
DA:360,5
DA:361,5
DA:362,5
DA:363,5
DA:364,5
DA:365,5
DA:366,5
DA:367,5
DA:368,5
DA:369,5
DA:370,5
DA:371,0
DA:372,0
DA:373,0
DA:374,5
DA:375,1
DA:376,5
DA:377,5
DA:378,0
DA:379,0
DA:380,5
DA:381,5
DA:382,5
DA:383,5
DA:384,5
DA:385,5
DA:386,5
DA:387,1
DA:388,1
DA:389,4
DA:390,4
DA:391,4
DA:392,4
DA:393,4
DA:394,4
DA:395,4
DA:396,0
DA:397,0
DA:398,0
DA:399,4
DA:400,4
DA:401,4
DA:402,4
DA:403,4
DA:404,4
DA:405,4
DA:406,4
DA:407,0
DA:408,0
DA:409,0
DA:410,4
DA:411,4
DA:412,4
DA:413,4
DA:414,0
DA:415,4
DA:416,4
DA:417,4
DA:418,4
DA:419,4
DA:420,4
DA:421,4
DA:422,4
DA:423,4
DA:424,4
DA:425,4
DA:426,0
DA:427,0
DA:428,4
DA:429,4
DA:430,5
DA:431,5
DA:432,5
DA:433,5
DA:434,5
DA:435,5
DA:436,5
DA:437,5
DA:438,5
DA:439,5
DA:440,5
DA:441,0
DA:442,0
DA:443,0
DA:444,5
DA:445,1
DA:446,5
DA:447,5
DA:448,0
DA:449,0
DA:450,5
DA:451,5
DA:452,5
DA:453,5
DA:454,5
DA:455,5
DA:456,5
DA:457,1
DA:458,1
DA:459,4
DA:460,4
DA:461,4
DA:462,4
DA:463,4
DA:464,4
DA:465,4
DA:466,0
DA:467,0
DA:468,0
DA:469,4
DA:470,4
DA:471,4
DA:472,4
DA:473,4
DA:474,4
DA:475,4
DA:476,0
DA:477,0
DA:478,0
DA:479,4
DA:480,4
DA:481,4
DA:482,4
DA:483,4
DA:484,4
DA:485,4
DA:486,4
DA:487,4
DA:488,4
DA:489,5
DA:490,5
DA:491,5
DA:492,5
DA:493,5
DA:494,5
DA:495,5
DA:496,5
DA:497,5
DA:498,5
DA:499,5
DA:500,0
DA:501,0
DA:502,0
DA:503,5
DA:504,1
DA:505,1
DA:506,1
DA:507,1
DA:508,1
DA:509,1
DA:510,1
DA:511,1
DA:512,1
DA:513,1
DA:514,1
DA:515,1
DA:516,1
DA:517,1
DA:518,1
DA:519,1
DA:520,1
DA:521,1
DA:522,1
DA:523,1
DA:524,1
DA:525,1
DA:526,1
DA:527,1
DA:528,1
DA:529,1
DA:530,1
DA:531,1
DA:532,1
DA:533,1
DA:534,1
DA:535,1
DA:536,1
DA:537,1
DA:538,1
DA:539,1
DA:540,1
DA:541,1
DA:542,1
DA:543,1
DA:544,1
DA:545,1
DA:546,1
DA:547,1
DA:548,1
DA:549,1
DA:550,1
DA:551,1
DA:552,1
DA:553,1
DA:554,1
DA:555,1
DA:556,1
DA:557,1
DA:558,2
DA:559,2
DA:560,2
DA:561,1
DA:562,1
DA:563,1
DA:564,1
DA:565,1
DA:566,1
DA:567,1
DA:568,1
DA:569,1
DA:570,1
DA:571,1
DA:572,1
DA:573,1
DA:574,1
DA:575,1
DA:576,1
DA:577,1
DA:578,1
DA:579,1
DA:580,1
DA:581,1
DA:582,1
DA:583,1
DA:584,1
DA:585,1
DA:586,1
DA:587,1
DA:588,1
DA:589,1
DA:590,1
DA:591,1
DA:592,1
DA:593,1
DA:594,1
DA:595,1
DA:596,1
DA:597,1
DA:598,1
DA:599,1
DA:600,1
DA:601,1
DA:602,1
DA:603,1
DA:604,1
DA:605,1
DA:606,1
DA:607,1
DA:608,1
DA:609,1
DA:610,1
DA:611,1
DA:612,1
DA:613,1
DA:614,1
DA:615,1
DA:616,1
DA:617,1
DA:618,1
DA:619,0
DA:620,0
DA:621,0
DA:622,1
DA:623,1
DA:624,1
DA:625,1
DA:626,1
DA:627,1
DA:628,1
DA:629,1
DA:630,1
DA:631,1
DA:632,1
DA:633,1
DA:634,1
DA:635,0
DA:636,0
DA:637,0
DA:638,0
DA:639,1
DA:640,1
DA:641,1
DA:642,1
DA:643,1
DA:644,1
DA:645,1
DA:646,1
DA:647,1
DA:648,1
DA:649,0
DA:650,0
DA:651,0
DA:652,0
DA:653,1
DA:654,1
DA:655,1
DA:656,1
DA:657,1
DA:658,1
DA:659,1
DA:660,1
DA:661,1
DA:662,1
DA:663,1
DA:664,1
DA:665,1
DA:666,1
DA:667,1
DA:668,1
DA:669,1
DA:670,1
DA:671,1
DA:672,1
DA:673,0
DA:674,0
DA:675,0
DA:676,0
DA:677,1
DA:678,1
DA:679,1
DA:680,0
DA:681,0
DA:682,1
DA:683,1
DA:684,1
DA:685,1
DA:686,1
DA:687,1
DA:688,1
DA:689,1
DA:690,1
DA:691,1
DA:692,1
DA:693,1
DA:694,1
DA:695,1
DA:696,1
DA:697,1
DA:698,1
DA:699,1
DA:700,1
DA:701,1
DA:702,1
DA:703,1
DA:704,1
DA:705,1
DA:706,1
DA:707,1
DA:708,1
DA:709,1
DA:710,0
DA:711,0
DA:712,0
DA:713,0
DA:714,1
DA:715,1
DA:716,1
DA:717,1
DA:718,1
DA:719,1
DA:720,1
DA:721,1
DA:722,1
DA:723,1
DA:724,1
DA:725,1
DA:726,1
DA:727,0
DA:728,0
DA:729,0
DA:730,0
DA:731,1
DA:732,1
DA:733,1
DA:734,1
DA:735,1
DA:736,1
DA:737,1
DA:738,1
DA:739,0
DA:740,0
DA:741,0
DA:742,0
DA:743,0
DA:744,1
DA:745,1
DA:746,1
DA:747,1
DA:748,1
DA:749,1
DA:750,1
DA:751,1
DA:752,1
DA:753,1
DA:754,1
DA:755,1
DA:756,1
DA:757,1
DA:758,1
DA:759,1
DA:760,1
DA:761,1
DA:762,1
DA:763,1
DA:764,1
DA:765,0
DA:766,0
DA:767,0
DA:768,0
DA:769,1
DA:770,1
DA:771,1
DA:772,0
DA:773,0
DA:774,1
DA:775,1
DA:776,1
DA:777,1
DA:778,1
DA:779,1
DA:780,1
DA:781,1
DA:782,1
DA:783,1
DA:784,1
DA:785,1
DA:786,1
DA:787,1
DA:788,1
DA:789,1
DA:790,1
DA:791,1
DA:792,1
DA:793,1
DA:794,1
DA:795,1
DA:796,1
DA:797,1
DA:798,1
DA:799,1
DA:800,1
DA:801,1
DA:802,1
DA:803,1
DA:804,1
DA:805,1
DA:806,1
DA:807,1
DA:808,1
DA:809,1
DA:810,1
DA:811,1
DA:812,1
DA:813,1
DA:814,1
DA:815,0
DA:816,0
DA:817,0
DA:818,0
DA:819,1
DA:820,1
DA:821,1
DA:822,0
DA:823,0
DA:824,1
DA:825,1
DA:826,1
DA:827,1
DA:828,1
DA:829,1
DA:830,1
DA:831,1
DA:832,1
DA:833,1
DA:834,1
DA:835,1
DA:836,1
DA:837,1
DA:838,1
DA:839,1
DA:840,1
DA:841,1
DA:842,1
DA:843,1
DA:844,1
DA:845,1
DA:846,1
DA:847,1
DA:848,1
DA:849,1
DA:850,1
DA:851,1
DA:852,1
DA:853,1
DA:854,1
DA:855,1
DA:856,1
DA:857,1
DA:858,1
DA:859,1
DA:860,1
DA:861,1
DA:862,1
DA:863,1
DA:864,1
DA:865,1
DA:866,1
DA:867,1
DA:868,1
DA:869,1
DA:870,1
DA:871,1
DA:872,1
DA:873,1
DA:874,1
DA:875,1
DA:876,1
DA:877,0
DA:878,0
DA:879,0
DA:880,0
DA:881,1
DA:882,1
DA:883,1
DA:884,0
DA:885,0
DA:886,0
DA:887,1
DA:888,1
DA:889,1
DA:890,1
DA:891,1
DA:892,1
DA:893,1
DA:894,1
DA:895,1
DA:896,1
DA:897,1
DA:898,1
DA:899,1
DA:900,1
DA:901,1
DA:902,1
DA:903,1
DA:904,1
DA:905,1
DA:906,1
DA:907,1
DA:908,1
DA:909,1
DA:910,1
DA:911,1
DA:912,1
DA:913,1
DA:914,1
DA:915,1
DA:916,1
DA:917,1
DA:918,1
DA:919,1
DA:920,1
DA:921,1
DA:922,1
DA:923,1
DA:924,1
DA:925,1
DA:926,1
DA:927,1
DA:928,1
DA:929,1
DA:930,1
DA:931,1
DA:932,1
DA:933,1
DA:934,1
DA:935,1
DA:936,1
DA:937,1
DA:938,0
DA:939,0
DA:940,0
DA:941,0
DA:942,1
DA:943,1
DA:944,1
DA:945,0
DA:946,0
DA:947,0
DA:948,1
DA:949,1
DA:950,1
DA:951,1
DA:952,1
DA:953,1
DA:954,1
DA:955,1
DA:956,1
DA:957,1
DA:958,1
DA:959,1
DA:960,1
LF:960
LH:838
BRDA:17,0,0,8
BRDA:26,1,0,1
BRDA:28,2,0,7
BRDA:30,3,0,0
BRDA:32,4,0,7
BRDA:35,5,0,1
BRDA:35,6,0,1
BRDA:37,7,0,6
BRDA:53,8,0,30
BRDA:54,9,0,5
BRDA:62,10,0,6
BRDA:65,11,0,1
BRDA:73,12,0,5
BRDA:86,13,0,0
BRDA:87,14,0,0
BRDA:88,15,0,0
BRDA:89,16,0,0
BRDA:90,17,0,0
BRDA:94,18,0,5
BRDA:94,19,0,3
BRDA:95,20,0,5
BRDA:95,21,0,1
BRDA:96,22,0,5
BRDA:96,23,0,1
BRDA:97,24,0,5
BRDA:97,25,0,1
BRDA:98,26,0,5
BRDA:98,27,0,1
BRDA:113,28,0,3
BRDA:113,29,0,2
BRDA:113,30,0,1
BRDA:121,31,0,4
BRDA:139,32,0,2
BRDA:139,33,0,1
BRDA:144,34,0,4
BRDA:150,35,0,2
BRDA:150,36,0,2
BRDA:150,37,0,1
BRDA:150,38,0,1
BRDA:152,39,0,3
BRDA:156,40,0,0
BRDA:48,41,0,26
BRDA:65,42,0,1
BRDA:110,43,0,17
BRDA:163,44,0,5
BRDA:164,45,0,0
BRDA:173,46,0,1
BRDA:175,47,0,4
BRDA:183,48,0,1
BRDA:184,49,0,0
BRDA:186,50,0,3
BRDA:193,51,0,0
BRDA:196,52,0,3
BRDA:198,53,0,3
BRDA:198,54,0,3
BRDA:201,55,0,1
BRDA:203,56,0,2
BRDA:212,57,0,0
BRDA:217,58,0,2
BRDA:217,59,0,2
BRDA:223,60,0,2
BRDA:223,61,0,2
BRDA:227,62,0,0
BRDA:233,63,0,5
BRDA:234,64,0,0
BRDA:243,65,0,1
BRDA:245,66,0,4
BRDA:253,67,0,0
BRDA:265,68,0,0
BRDA:270,69,0,0
BRDA:285,70,0,0
BRDA:285,71,0,4
BRDA:291,72,0,0
BRDA:291,73,0,4
BRDA:295,74,0,0
BRDA:301,75,0,5
BRDA:302,76,0,0
BRDA:311,77,0,1
BRDA:313,78,0,4
BRDA:320,79,0,0
BRDA:332,80,0,0
BRDA:337,81,0,0
BRDA:338,82,0,0
BRDA:341,83,0,0
BRDA:343,84,0,0
BRDA:345,85,0,0
BRDA:360,86,0,0
BRDA:360,87,0,4
BRDA:366,88,0,0
BRDA:366,89,0,4
BRDA:370,90,0,0
BRDA:376,91,0,5
BRDA:377,92,0,0
BRDA:386,93,0,1
BRDA:388,94,0,4
BRDA:395,95,0,0
BRDA:406,96,0,0
BRDA:413,97,0,0
BRDA:425,98,0,0
BRDA:430,99,0,0
BRDA:430,100,0,4
BRDA:436,101,0,0
BRDA:436,102,0,4
BRDA:440,103,0,0
BRDA:446,104,0,5
BRDA:447,105,0,0
BRDA:456,106,0,1
BRDA:458,107,0,4
BRDA:465,108,0,0
BRDA:475,109,0,0
BRDA:484,110,0,0
BRDA:485,111,0,0
BRDA:489,112,0,0
BRDA:489,113,0,4
BRDA:495,114,0,0
BRDA:495,115,0,4
BRDA:499,116,0,0
BRDA:510,117,0,1
BRDA:530,118,0,0
BRDA:531,119,0,0
BRDA:532,120,0,0
BRDA:533,121,0,0
BRDA:534,122,0,0
BRDA:551,123,0,0
BRDA:552,124,0,0
BRDA:566,125,0,0
BRDA:569,126,0,0
BRDA:588,127,0,0
BRDA:592,128,0,0
BRDA:596,129,0,0
BRDA:600,130,0,0
BRDA:604,131,0,0
BRDA:618,132,0,0
BRDA:530,133,0,1
BRDA:531,134,0,1
BRDA:532,135,0,1
BRDA:533,136,0,1
BRDA:534,137,0,1
BRDA:541,138,0,1
BRDA:544,139,0,1
BRDA:551,140,0,1
BRDA:552,141,0,1
BRDA:557,142,0,2
BRDA:563,143,0,2
BRDA:566,144,0,1
BRDA:569,145,0,1
BRDA:575,146,0,1
BRDA:580,147,0,1
BRDA:624,148,0,1
BRDA:634,149,0,0
BRDA:648,150,0,0
BRDA:679,151,0,0
BRDA:686,152,0,1
BRDA:692,153,0,1
BRDA:709,154,0,0
BRDA:726,155,0,0
BRDA:732,156,0,0
BRDA:738,157,0,0
BRDA:771,158,0,0
BRDA:778,159,0,1
BRDA:784,160,0,1
BRDA:802,161,0,0
BRDA:803,162,0,0
BRDA:810,163,0,0
BRDA:811,164,0,0
BRDA:821,165,0,0
BRDA:828,166,0,1
BRDA:834,167,0,1
BRDA:883,168,0,0
BRDA:893,169,0,1
BRDA:901,170,0,1
BRDA:944,171,0,0
BRDA:954,172,0,1
BRF:173
BRH:97
end_of_record
TN:
SF:lib\raport-utils.ts
FN:6,getPredicate
FN:18,getSikapPredicate
FN:30,formatTanggal
FN:43,calculateAverage
FN:65,getFullRaportData
FN:132,convertToHijriah
FN:140,generateLaporanNilai
FN:348,calculateClassRanking
FN:421,calculateAveragePredikat
FN:451,calculateHafalanStatus
FN:462,calculateTotalKetidakhadiran
FN:470,normalizeHafalanPredikat
FN:479,calculateAttendanceSummary
FNF:13
FNH:10
FNDA:2,getPredicate
FNDA:6,getSikapPredicate
FNDA:2,formatTanggal
FNDA:0,calculateAverage
FNDA:0,getFullRaportData
FNDA:0,convertToHijriah
FNDA:4,generateLaporanNilai
FNDA:2,calculateClassRanking
FNDA:2,calculateAveragePredikat
FNDA:2,calculateHafalanStatus
FNDA:2,calculateTotalKetidakhadiran
FNDA:2,normalizeHafalanPredikat
FNDA:2,calculateAttendanceSummary
DA:1,1
DA:2,1
DA:3,1
DA:4,1
DA:5,1
DA:6,1
DA:7,2
DA:8,2
DA:9,2
DA:10,2
DA:11,2
DA:12,0
DA:13,0
DA:14,0
DA:15,0
DA:16,0
DA:17,1
DA:18,1
DA:19,6
DA:20,6
DA:21,6
DA:22,6
DA:23,6
DA:24,3
DA:25,0
DA:26,0
DA:27,0
DA:28,0
DA:29,1
DA:30,1
DA:31,2
DA:32,1
DA:33,1
DA:34,2
DA:35,1
DA:36,1
DA:37,2
DA:38,0
DA:39,0
DA:40,0
DA:41,2
DA:42,1
DA:43,1
DA:44,0
DA:45,0
DA:46,0
DA:47,0
DA:48,0
DA:49,0
DA:50,0
DA:51,0
DA:52,1
DA:53,1
DA:54,1
DA:55,1
DA:56,1
DA:57,1
DA:58,1
DA:59,1
DA:60,1
DA:61,1
DA:62,1
DA:63,1
DA:64,1
DA:65,1
DA:66,0
DA:67,0
DA:68,0
DA:69,0
DA:70,0
DA:71,0
DA:72,0
DA:73,0
DA:74,0
DA:75,0
DA:76,0
DA:77,0
DA:78,0
DA:79,0
DA:80,0
DA:81,0
DA:82,0
DA:83,0
DA:84,0
DA:85,0
DA:86,0
DA:87,0
DA:88,0
DA:89,0
DA:90,0
DA:91,0
DA:92,0
DA:93,0
DA:94,0
DA:95,0
DA:96,0
DA:97,0
DA:98,0
DA:99,0
DA:100,0
DA:101,0
DA:102,0
DA:103,0
DA:104,0
DA:105,0
DA:106,0
DA:107,0
DA:108,0
DA:109,0
DA:110,0
DA:111,0
DA:112,0
DA:113,0
DA:114,0
DA:115,0
DA:116,0
DA:117,0
DA:118,0
DA:119,0
DA:120,0
DA:121,0
DA:122,0
DA:123,0
DA:124,0
DA:125,0
DA:126,0
DA:127,0
DA:128,1
DA:129,1
DA:130,1
DA:131,1
DA:132,1
DA:133,0
DA:134,0
DA:135,0
DA:136,1
DA:137,1
DA:138,1
DA:139,1
DA:140,1
DA:141,4
DA:142,4
DA:143,4
DA:144,4
DA:145,4
DA:146,4
DA:147,4
DA:148,4
DA:149,4
DA:150,4
DA:151,4
DA:152,4
DA:153,4
DA:154,4
DA:155,4
DA:156,4
DA:157,4
DA:158,4
DA:159,4
DA:160,4
DA:161,4
DA:162,4
DA:163,4
DA:164,4
DA:165,4
DA:166,1
DA:167,1
DA:168,3
DA:169,4
DA:170,1
DA:171,1
DA:172,1
DA:173,1
DA:174,1
DA:175,2
DA:176,2
DA:177,2
DA:178,2
DA:179,2
DA:180,2
DA:181,4
DA:182,0
DA:183,0
DA:184,2
DA:185,2
DA:186,4
DA:187,4
DA:188,4
DA:189,2
DA:190,2
DA:191,2
DA:192,2
DA:193,2
DA:194,4
DA:195,4
DA:196,4
DA:197,4
DA:198,4
DA:199,4
DA:200,4
DA:201,4
DA:202,4
DA:203,4
DA:204,4
DA:205,4
DA:206,4
DA:207,4
DA:208,4
DA:209,4
DA:210,4
DA:211,4
DA:212,4
DA:213,4
DA:214,4
DA:215,4
DA:216,4
DA:217,4
DA:218,4
DA:219,4
DA:220,4
DA:221,4
DA:222,4
DA:223,4
DA:224,4
DA:225,4
DA:226,4
DA:227,4
DA:228,4
DA:229,4
DA:230,4
DA:231,4
DA:232,4
DA:233,4
DA:234,4
DA:235,4
DA:236,4
DA:237,4
DA:238,4
DA:239,4
DA:240,2
DA:241,2
DA:242,4
DA:243,4
DA:244,4
DA:245,2
DA:246,2
DA:247,2
DA:248,2
DA:249,1
DA:250,1
DA:251,1
DA:252,1
DA:253,2
DA:254,2
DA:255,4
DA:256,0
DA:257,0
DA:258,2
DA:259,4
DA:260,2
DA:261,2
DA:262,4
DA:263,4
DA:264,4
DA:265,2
DA:266,2
DA:267,2
DA:268,4
DA:269,4
DA:270,4
DA:271,4
DA:272,2
DA:273,2
DA:274,2
DA:275,2
DA:276,2
DA:277,2
DA:278,2
DA:279,2
DA:280,2
DA:281,2
DA:282,2
DA:283,2
DA:284,2
DA:285,4
DA:286,4
DA:287,4
DA:288,4
DA:289,4
DA:290,2
DA:291,2
DA:292,2
DA:293,2
DA:294,2
DA:295,2
DA:296,2
DA:297,2
DA:298,4
DA:299,4
DA:300,4
DA:301,4
DA:302,4
DA:303,4
DA:304,2
DA:305,2
DA:306,2
DA:307,2
DA:308,2
DA:309,2
DA:310,2
DA:311,2
DA:312,2
DA:313,2
DA:314,4
DA:315,4
DA:316,1
DA:317,1
DA:318,1
DA:319,1
DA:320,1
DA:321,4
DA:322,4
DA:323,4
DA:324,4
DA:325,4
DA:326,4
DA:327,4
DA:328,4
DA:329,4
DA:330,4
DA:331,4
DA:332,4
DA:333,4
DA:334,4
DA:335,4
DA:336,4
DA:337,4
DA:338,0
DA:339,0
DA:340,0
DA:341,0
DA:342,0
DA:343,0
DA:344,4
DA:345,1
DA:346,1
DA:347,1
DA:348,1
DA:349,2
DA:350,2
DA:351,2
DA:352,2
DA:353,2
DA:354,2
DA:355,2
DA:356,2
DA:357,2
DA:358,2
DA:359,2
DA:360,2
DA:361,2
DA:362,2
DA:363,2
DA:364,2
DA:365,2
DA:366,2
DA:367,2
DA:368,2
DA:369,2
DA:370,2
DA:371,2
DA:372,2
DA:373,2
DA:374,2
DA:375,2
DA:376,2
DA:377,2
DA:378,2
DA:379,2
DA:380,2
DA:381,2
DA:382,2
DA:383,2
DA:384,2
DA:385,2
DA:386,2
DA:387,2
DA:388,2
DA:389,2
DA:390,2
DA:391,2
DA:392,2
DA:393,2
DA:394,2
DA:395,2
DA:396,2
DA:397,2
DA:398,2
DA:399,2
DA:400,2
DA:401,2
DA:402,2
DA:403,2
DA:404,2
DA:405,2
DA:406,2
DA:407,2
DA:408,2
DA:409,2
DA:410,2
DA:411,2
DA:412,2
DA:413,2
DA:414,2
DA:415,2
DA:416,0
DA:417,0
DA:418,0
DA:419,2
DA:420,1
DA:421,1
DA:422,2
DA:423,2
DA:424,2
DA:425,2
DA:426,2
DA:427,2
DA:428,2
DA:429,2
DA:430,2
DA:431,2
DA:432,2
DA:433,2
DA:434,2
DA:435,2
DA:436,2
DA:437,2
DA:438,2
DA:439,2
DA:440,0
DA:441,0
DA:442,0
DA:443,2
DA:444,2
DA:445,2
DA:446,0
DA:447,0
DA:448,0
DA:449,0
DA:450,1
DA:451,1
DA:452,2
DA:453,2
DA:454,2
DA:455,2
DA:456,2
DA:457,2
DA:458,0
DA:459,0
DA:460,0
DA:461,1
DA:462,1
DA:463,2
DA:464,1
DA:465,1
DA:466,1
DA:467,1
DA:468,1
DA:469,1
DA:470,1
DA:471,2
DA:472,2
DA:473,2
DA:474,0
DA:475,0
DA:476,0
DA:477,0
DA:478,1
DA:479,1
DA:480,2
DA:481,2
DA:482,2
DA:483,2
DA:484,2
DA:485,2
DA:486,2
DA:487,1
DA:488,1
DA:489,1
DA:490,1
DA:491,1
DA:492,1
DA:493,1
DA:494,1
DA:495,1
DA:496,1
DA:497,1
DA:498,1
DA:499,1
DA:500,1
DA:501,1
DA:502,1
DA:503,1
DA:504,1
DA:505,0
DA:506,2
DA:507,2
DA:508,2
DA:509,2
DA:510,2
DA:511,2
DA:512,2
DA:513,2
DA:514,2
LF:514
LH:401
BRDA:6,0,0,2
BRDA:7,1,0,0
BRDA:9,2,0,0
BRDA:10,3,0,0
BRDA:11,4,0,0
BRDA:18,5,0,6
BRDA:19,6,0,0
BRDA:21,7,0,0
BRDA:22,8,0,0
BRDA:23,9,0,3
BRDA:23,10,0,5
BRDA:23,11,0,3
BRDA:24,12,0,0
BRDA:30,13,0,2
BRDA:31,14,0,1
BRDA:34,15,0,0
BRDA:34,16,0,1
BRDA:37,17,0,0
BRDA:140,18,0,4
BRDA:165,19,0,1
BRDA:167,20,0,3
BRDA:169,21,0,1
BRDA:174,22,0,2
BRDA:181,23,0,0
BRDA:183,24,0,2
BRDA:188,25,0,2
BRDA:194,26,0,0
BRDA:239,27,0,2
BRDA:242,28,0,1
BRDA:242,29,0,2
BRDA:243,30,0,0
BRDA:243,31,0,2
BRDA:244,32,0,0
BRDA:244,33,0,2
BRDA:248,34,0,1
BRDA:248,35,0,1
BRDA:248,36,0,1
BRDA:255,37,0,0
BRDA:257,38,0,2
BRDA:259,39,0,0
BRDA:259,40,0,0
BRDA:259,41,0,2
BRDA:262,42,0,0
BRDA:264,43,0,2
BRDA:268,44,0,0
BRDA:271,45,0,2
BRDA:277,46,0,0
BRDA:301,47,0,2
BRDA:301,48,0,0
BRDA:301,49,0,0
BRDA:302,50,0,2
BRDA:302,51,0,0
BRDA:327,52,0,2
BRDA:327,53,0,0
BRDA:332,54,0,1
BRDA:332,55,0,1
BRDA:337,56,0,0
BRDA:151,57,0,4
BRDA:198,58,0,4
BRDA:261,59,0,2
BRDA:289,60,0,2
BRDA:293,61,0,0
BRDA:293,62,0,0
BRDA:295,63,0,0
BRDA:303,64,0,2
BRDA:308,65,0,0
BRDA:308,66,0,0
BRDA:309,67,0,0
BRDA:310,68,0,0
BRDA:315,69,0,1
BRDA:348,70,0,2
BRDA:365,71,0,0
BRDA:375,72,0,0
BRDA:402,73,0,0
BRDA:415,74,0,0
BRDA:357,75,0,2
BRDA:389,76,0,2
BRDA:394,77,0,0
BRDA:390,78,0,2
BRDA:401,79,0,2
BRDA:421,80,0,2
BRDA:422,81,0,0
BRDA:436,82,0,0
BRDA:439,83,0,0
BRDA:445,84,0,0
BRDA:451,85,0,2
BRDA:452,86,0,0
BRDA:457,87,0,0
BRDA:454,88,0,2
BRDA:462,89,0,2
BRDA:463,90,0,1
BRDA:465,91,0,1
BRDA:466,92,0,0
BRDA:466,93,0,0
BRDA:470,94,0,2
BRDA:471,95,0,0
BRDA:473,96,0,0
BRDA:479,97,0,2
BRDA:486,98,0,1
BRDA:504,99,0,0
BRDA:496,100,0,1
BRDA:497,101,0,1
BRDA:498,102,0,1
BRF:103
BRH:55
end_of_record
