TN:
SF:app\api\rapot\generate\identitas\route.ts
FN:10,POST
FN:123,formatTanggal
FNF:2
FNH:2
FNDA:2,POST
FNDA:2,formatTanggal
DA:1,1
DA:2,1
DA:3,1
DA:4,1
DA:5,1
DA:6,1
DA:7,1
DA:8,1
DA:9,1
DA:10,1
DA:11,2
DA:12,2
DA:13,2
DA:14,2
DA:15,0
DA:16,0
DA:17,0
DA:18,0
DA:19,0
DA:20,2
DA:21,2
DA:22,2
DA:23,2
DA:24,2
DA:25,2
DA:26,2
DA:27,2
DA:28,2
DA:29,2
DA:30,1
DA:31,1
DA:32,1
DA:33,1
DA:34,1
DA:35,1
DA:36,1
DA:37,1
DA:38,1
DA:39,1
DA:40,1
DA:41,1
DA:42,1
DA:43,1
DA:44,1
DA:45,1
DA:46,1
DA:47,1
DA:48,1
DA:49,1
DA:50,1
DA:51,1
DA:52,1
DA:53,1
DA:54,1
DA:55,1
DA:56,1
DA:57,1
DA:58,1
DA:59,1
DA:60,1
DA:61,1
DA:62,1
DA:63,1
DA:64,1
DA:65,1
DA:66,1
DA:67,1
DA:68,1
DA:69,1
DA:70,1
DA:71,1
DA:72,1
DA:73,1
DA:74,1
DA:75,2
DA:76,0
DA:77,0
DA:78,0
DA:79,0
DA:80,0
DA:81,1
DA:82,1
DA:83,1
DA:84,1
DA:85,1
DA:86,1
DA:87,1
DA:88,1
DA:89,1
DA:90,1
DA:91,2
DA:92,0
DA:93,0
DA:94,0
DA:95,0
DA:96,0
DA:97,1
DA:98,1
DA:99,1
DA:100,1
DA:101,2
DA:102,0
DA:103,0
DA:104,0
DA:105,0
DA:106,0
DA:107,0
DA:108,0
DA:109,2
DA:110,1
DA:111,1
DA:112,1
DA:113,1
DA:114,1
DA:115,1
DA:116,1
DA:117,1
DA:118,1
DA:119,1
DA:120,1
DA:121,1
DA:122,1
DA:123,1
DA:124,2
DA:125,1
DA:126,1
DA:127,1
DA:128,1
DA:129,1
DA:130,2
DA:131,2
DA:132,2
DA:133,2
DA:134,2
DA:135,2
DA:136,2
DA:137,2
DA:138,2
DA:139,2
DA:140,2
DA:141,2
DA:142,2
DA:143,2
DA:144,2
DA:145,2
DA:146,2
DA:147,2
DA:148,2
DA:149,2
DA:150,2
DA:151,2
DA:152,2
DA:153,2
DA:154,2
DA:155,2
DA:156,2
DA:157,2
DA:158,2
DA:159,2
DA:160,2
DA:161,2
DA:162,2
DA:163,2
DA:164,0
DA:165,0
DA:166,0
DA:167,0
DA:168,0
DA:169,0
DA:170,1
DA:171,1
DA:172,1
DA:173,1
DA:174,1
DA:175,1
DA:176,1
DA:177,1
DA:178,1
DA:179,1
DA:180,2
DA:181,2
DA:182,2
DA:183,2
DA:184,2
DA:185,2
DA:186,2
DA:187,2
DA:188,0
DA:189,0
DA:190,0
DA:191,0
DA:192,0
DA:193,0
DA:194,2
LF:194
LH:160
BRDA:10,0,0,2
BRDA:14,1,0,0
BRDA:29,2,0,1
BRDA:75,3,0,0
BRDA:80,4,0,1
BRDA:91,5,0,0
BRDA:96,6,0,1
BRDA:101,7,0,0
BRDA:109,8,0,1
BRDA:130,9,0,0
BRDA:131,10,0,0
BRDA:132,11,0,1
BRDA:133,12,0,0
BRDA:133,13,0,1
BRDA:133,14,0,0
BRDA:134,15,0,1
BRDA:135,16,0,1
BRDA:136,17,0,1
BRDA:137,18,0,1
BRDA:138,19,0,1
BRDA:139,20,0,1
BRDA:140,21,0,1
BRDA:141,22,0,1
BRDA:142,23,0,1
BRDA:143,24,0,1
BRDA:144,25,0,1
BRDA:145,26,0,0
BRDA:145,27,0,1
BRDA:146,28,0,0
BRDA:146,29,0,1
BRDA:149,30,0,1
BRDA:149,31,0,0
BRDA:150,32,0,1
BRDA:150,33,0,1
BRDA:153,34,0,0
BRDA:153,35,0,1
BRDA:154,36,0,1
BRDA:163,37,0,0
BRDA:169,38,0,1
BRDA:180,39,0,0
BRDA:187,40,0,0
BRDA:123,41,0,2
BRDA:124,42,0,1
BRF:43
BRH:28
end_of_record
TN:
SF:app\api\rapot\generate\nilai\route.ts
FN:13,POST
FN:92,getImage
FN:98,getSize
FN:138,formatTanggal
FNF:4
FNH:2
FNDA:3,POST
FNDA:0,getImage
FNDA:0,getSize
FNDA:1,formatTanggal
DA:1,1
DA:2,1
DA:3,1
DA:4,1
DA:5,1
DA:6,1
DA:7,1
DA:8,1
DA:9,1
DA:10,1
DA:11,1
DA:12,1
DA:13,1
DA:14,3
DA:15,3
DA:16,3
DA:17,3
DA:18,0
DA:19,0
DA:20,0
DA:21,0
DA:22,0
DA:23,3
DA:24,3
DA:25,3
DA:26,3
DA:27,1
DA:28,1
DA:29,1
DA:30,1
DA:31,1
DA:32,2
DA:33,2
DA:34,2
DA:35,2
DA:36,2
DA:37,2
DA:38,2
DA:39,2
DA:40,2
DA:41,2
DA:42,2
DA:43,2
DA:44,2
DA:45,2
DA:46,2
DA:47,3
DA:48,0
DA:49,0
DA:50,0
DA:51,0
DA:52,0
DA:53,2
DA:54,2
DA:55,2
DA:56,3
DA:57,2
DA:58,0
DA:59,0
DA:60,0
DA:61,0
DA:62,0
DA:63,0
DA:64,0
DA:65,0
DA:66,0
DA:67,2
DA:68,2
DA:69,2
DA:70,2
DA:71,2
DA:72,0
DA:73,0
DA:74,2
DA:75,2
DA:76,2
DA:77,2
DA:78,2
DA:79,2
DA:80,2
DA:81,2
DA:82,2
DA:83,2
DA:84,3
DA:85,1
DA:86,1
DA:87,1
DA:88,1
DA:89,1
DA:90,1
DA:91,1
DA:92,1
DA:93,0
DA:94,0
DA:95,0
DA:96,0
DA:97,0
DA:98,1
DA:99,0
DA:100,0
DA:101,0
DA:102,0
DA:103,0
DA:104,0
DA:105,0
DA:106,0
DA:107,0
DA:108,0
DA:109,0
DA:110,0
DA:111,0
DA:112,0
DA:113,0
DA:114,0
DA:115,0
DA:116,1
DA:117,1
DA:118,1
DA:119,3
DA:120,0
DA:121,0
DA:122,0
DA:123,0
DA:124,0
DA:125,0
DA:126,3
DA:127,1
DA:128,1
DA:129,1
DA:130,1
DA:131,1
DA:132,1
DA:133,1
DA:134,1
DA:135,1
DA:136,1
DA:137,1
DA:138,1
DA:139,1
DA:140,1
DA:141,1
DA:142,1
DA:143,1
DA:144,1
DA:145,1
DA:146,1
DA:147,3
DA:148,3
DA:149,3
DA:150,3
DA:151,3
DA:152,3
DA:153,3
DA:154,3
DA:155,3
DA:156,3
DA:157,3
DA:158,3
DA:159,3
DA:160,3
DA:161,3
DA:162,0
DA:163,0
DA:164,0
DA:165,0
DA:166,0
DA:167,0
DA:168,3
DA:169,0
DA:170,0
DA:171,0
DA:172,0
DA:173,0
DA:174,0
DA:175,0
DA:176,3
DA:177,0
DA:178,0
DA:179,0
DA:180,0
DA:181,0
DA:182,0
DA:183,0
DA:184,3
DA:185,3
DA:186,3
DA:187,3
DA:188,3
DA:189,3
DA:190,3
DA:191,3
DA:192,3
DA:193,3
DA:194,3
DA:195,3
DA:196,3
DA:197,3
DA:198,3
DA:199,3
DA:200,3
DA:201,3
DA:202,3
DA:203,3
DA:204,3
DA:205,3
DA:206,3
DA:207,3
DA:208,3
DA:209,3
DA:210,3
DA:211,0
DA:212,0
DA:213,0
DA:214,0
DA:215,0
DA:216,0
DA:217,3
LF:217
LH:142
BRDA:13,0,0,3
BRDA:17,1,0,0
BRDA:26,2,0,1
BRDA:31,3,0,2
BRDA:47,4,0,0
BRDA:52,5,0,2
BRDA:56,6,0,2
BRDA:57,7,0,0
BRDA:71,8,0,0
BRDA:84,9,0,1
BRDA:119,10,0,0
BRDA:126,11,0,1
BRDA:147,12,0,1
BRDA:157,13,0,1
BRDA:158,14,0,1
BRDA:184,15,0,1
BRDA:184,16,0,0
BRDA:185,17,0,1
BRDA:185,18,0,0
BRDA:199,19,0,1
BRDA:199,20,0,0
BRDA:210,21,0,0
BRDA:138,22,0,1
BRDA:139,23,0,0
BRF:24
BRH:14
end_of_record
TN:
SF:app\api\rapot\generate\sikap\route.ts
FN:11,POST
FN:206,getImage
FN:212,getSize
FNF:3
FNH:1
FNDA:2,POST
FNDA:0,getImage
FNDA:0,getSize
DA:1,1
DA:2,1
DA:3,1
DA:4,1
DA:5,1
DA:6,1
DA:7,1
DA:8,1
DA:9,1
DA:10,1
DA:11,1
DA:12,2
DA:13,2
DA:14,2
DA:15,2
DA:16,0
DA:17,0
DA:18,0
DA:19,0
DA:20,0
DA:21,2
DA:22,2
DA:23,2
DA:24,2
DA:25,2
DA:26,2
DA:27,2
DA:28,2
DA:29,2
DA:30,2
DA:31,2
DA:32,2
DA:33,2
DA:34,2
DA:35,2
DA:36,2
DA:37,0
DA:38,0
DA:39,0
DA:40,0
DA:41,0
DA:42,2
DA:43,2
DA:44,2
DA:45,2
DA:46,2
DA:47,2
DA:48,2
DA:49,2
DA:50,2
DA:51,2
DA:52,2
DA:53,0
DA:54,0
DA:55,0
DA:56,0
DA:57,0
DA:58,2
DA:59,2
DA:60,2
DA:61,2
DA:62,2
DA:63,2
DA:64,2
DA:65,2
DA:66,2
DA:67,2
DA:68,2
DA:69,2
DA:70,2
DA:71,2
DA:72,2
DA:73,2
DA:74,2
DA:75,2
DA:76,2
DA:77,2
DA:78,2
DA:79,2
DA:80,2
DA:81,2
DA:82,2
DA:83,2
DA:84,2
DA:85,2
DA:86,2
DA:87,2
DA:88,2
DA:89,2
DA:90,2
DA:91,2
DA:92,2
DA:93,2
DA:94,2
DA:95,2
DA:96,2
DA:97,2
DA:98,2
DA:99,2
DA:100,2
DA:101,1
DA:102,1
DA:103,1
DA:104,1
DA:105,1
DA:106,2
DA:107,2
DA:108,2
DA:109,2
DA:110,2
DA:111,2
DA:112,1
DA:113,1
DA:114,1
DA:115,2
DA:116,2
DA:117,2
DA:118,2
DA:119,1
DA:120,0
DA:121,2
DA:122,2
DA:123,1
DA:124,0
DA:125,2
DA:126,2
DA:127,2
DA:128,2
DA:129,2
DA:130,2
DA:131,2
DA:132,2
DA:133,2
DA:134,2
DA:135,0
DA:136,1
DA:137,2
DA:138,2
DA:139,2
DA:140,2
DA:141,2
DA:142,2
DA:143,2
DA:144,2
DA:145,1
DA:146,1
DA:147,1
DA:148,1
DA:149,1
DA:150,2
DA:151,2
DA:152,2
DA:153,1
DA:154,1
DA:155,1
DA:156,1
DA:157,1
DA:158,2
DA:159,2
DA:160,2
DA:161,2
DA:162,2
DA:163,2
DA:164,2
DA:165,2
DA:166,2
DA:167,2
DA:168,2
DA:169,2
DA:170,2
DA:171,2
DA:172,2
DA:173,2
DA:174,2
DA:175,2
DA:176,2
DA:177,2
DA:178,2
DA:179,2
DA:180,2
DA:181,2
DA:182,2
DA:183,2
DA:184,2
DA:185,1
DA:186,0
DA:187,0
DA:188,0
DA:189,0
DA:190,0
DA:191,0
DA:192,0
DA:193,0
DA:194,0
DA:195,1
DA:196,1
DA:197,1
DA:198,1
DA:199,1
DA:200,0
DA:201,0
DA:202,1
DA:203,1
DA:204,1
DA:205,1
DA:206,1
DA:207,0
DA:208,0
DA:209,0
DA:210,0
DA:211,0
DA:212,1
DA:213,0
DA:214,0
DA:215,0
DA:216,0
DA:217,0
DA:218,0
DA:219,0
DA:220,0
DA:221,0
DA:222,0
DA:223,0
DA:224,0
DA:225,0
DA:226,0
DA:227,0
DA:228,0
DA:229,0
DA:230,1
DA:231,1
DA:232,1
DA:233,1
DA:234,1
DA:235,1
DA:236,1
DA:237,1
DA:238,1
DA:239,1
DA:240,1
DA:241,1
DA:242,1
DA:243,1
DA:244,1
DA:245,1
DA:246,1
DA:247,1
DA:248,1
DA:249,1
DA:250,1
DA:251,1
DA:252,1
DA:253,1
DA:254,1
DA:255,1
DA:256,2
DA:257,2
DA:258,2
DA:259,2
DA:260,2
DA:261,2
DA:262,2
DA:263,2
DA:264,1
DA:265,1
DA:266,1
DA:267,1
DA:268,1
DA:269,1
DA:270,2
LF:270
LH:219
BRDA:11,0,0,2
BRDA:15,1,0,0
BRDA:36,2,0,0
BRDA:52,3,0,0
BRDA:95,4,0,0
BRDA:100,5,0,1
BRDA:115,6,0,0
BRDA:116,7,0,0
BRDA:118,8,0,1
BRDA:120,9,0,0
BRDA:122,10,0,1
BRDA:124,11,0,0
BRDA:132,12,0,0
BRDA:133,13,0,0
BRDA:134,14,0,0
BRDA:135,15,0,0
BRDA:136,16,0,1
BRDA:136,17,0,0
BRDA:137,18,0,1
BRDA:137,19,0,0
BRDA:140,20,0,1
BRDA:140,21,0,0
BRDA:168,22,0,1
BRDA:168,23,0,0
BRDA:173,24,0,0
BRDA:184,25,0,1
BRDA:185,26,0,0
BRDA:199,27,0,0
BRDA:256,28,0,0
BRDA:263,29,0,1
BRDA:105,30,0,2
BRDA:106,31,0,0
BRDA:119,32,0,1
BRDA:123,33,0,1
BRDA:144,34,0,1
BRDA:146,35,0,0
BRDA:152,36,0,1
BRDA:154,37,0,0
BRF:38
BRH:15
end_of_record
TN:
SF:app\api\upload\excel\combined-template\route.ts
FN:17,POST
FN:148,validateNilaiUjianSheet
FN:209,performImport
FN:332,processTableInChunks
FN:357,processNilaiUjian
FN:440,processNilaiHafalan
FN:541,processKehadiran
FN:600,processPenilaianSikap
FN:674,processCatatanSiswa
FN:742,validateNilaiHafalanSheet
FN:802,validateKehadiranSheet
FN:869,validatePenilaianSikapSheet
FN:931,validateCatatanSiswaSheet
FNF:13
FNH:12
FNDA:5,POST
FNDA:2,validateNilaiUjianSheet
FNDA:1,performImport
FNDA:0,processTableInChunks
FNDA:1,processNilaiUjian
FNDA:1,processNilaiHafalan
FNDA:1,processKehadiran
FNDA:1,processPenilaianSikap
FNDA:1,processCatatanSiswa
FNDA:2,validateNilaiHafalanSheet
FNDA:2,validateKehadiranSheet
FNDA:2,validatePenilaianSikapSheet
FNDA:2,validateCatatanSiswaSheet
DA:1,1
DA:2,1
DA:3,1
DA:4,1
DA:5,1
DA:6,1
DA:7,1
DA:8,1
DA:9,1
DA:10,1
DA:11,1
DA:12,1
DA:13,1
DA:14,1
DA:15,1
DA:16,1
DA:17,1
DA:18,5
DA:19,5
DA:20,5
DA:21,5
DA:22,5
DA:23,5
DA:24,5
DA:25,5
DA:26,5
DA:27,1
DA:28,1
DA:29,4
DA:30,5
DA:31,0
DA:32,0
DA:33,4
DA:34,4
DA:35,5
DA:36,1
DA:37,1
DA:38,3
DA:39,3
DA:40,3
DA:41,3
DA:42,3
DA:43,3
DA:44,3
DA:45,3
DA:46,3
DA:47,3
DA:48,3
DA:49,3
DA:50,3
DA:51,3
DA:52,3
DA:53,5
DA:54,15
DA:55,5
DA:56,5
DA:57,5
DA:58,5
DA:59,5
DA:60,15
DA:61,10
DA:62,10
DA:63,10
DA:64,10
DA:65,10
DA:66,10
DA:67,15
DA:68,3
DA:69,3
DA:70,5
DA:71,1
DA:72,1
DA:73,1
DA:74,1
DA:75,1
DA:76,1
DA:77,2
DA:78,2
DA:79,2
DA:80,2
DA:81,2
DA:82,2
DA:83,2
DA:84,2
DA:85,2
DA:86,2
DA:87,2
DA:88,2
DA:89,5
DA:90,5
DA:91,5
DA:92,5
DA:93,5
DA:94,5
DA:95,5
DA:96,5
DA:97,5
DA:98,5
DA:99,5
DA:100,5
DA:101,5
DA:102,5
DA:103,5
DA:104,5
DA:105,5
DA:106,5
DA:107,2
DA:108,2
DA:109,2
DA:110,2
DA:111,2
DA:112,2
DA:113,2
DA:114,2
DA:115,2
DA:116,2
DA:117,2
DA:118,2
DA:119,2
DA:120,2
DA:121,2
DA:122,2
DA:123,2
DA:124,5
DA:125,1
DA:126,1
DA:127,1
DA:128,1
DA:129,1
DA:130,2
DA:131,2
DA:132,2
DA:133,2
DA:134,2
DA:135,5
DA:136,5
DA:137,5
DA:138,5
DA:139,5
DA:140,5
DA:141,5
DA:142,0
DA:143,0
DA:144,0
DA:145,5
DA:146,1
DA:147,1
DA:148,2
DA:149,2
DA:150,0
DA:151,0
DA:152,2
DA:153,2
DA:154,2
DA:155,2
DA:156,2
DA:157,2
DA:158,2
DA:159,0
DA:160,0
DA:161,2
DA:162,2
DA:163,2
DA:164,2
DA:165,2
DA:166,2
DA:167,2
DA:168,2
DA:169,2
DA:170,2
DA:171,2
DA:172,2
DA:173,2
DA:174,2
DA:175,2
DA:176,2
DA:177,2
DA:178,2
DA:179,2
DA:180,2
DA:181,0
DA:182,0
DA:183,2
DA:184,2
DA:185,2
DA:186,2
DA:187,2
DA:188,2
DA:189,2
DA:190,2
DA:191,2
DA:192,2
DA:193,2
DA:194,2
DA:195,2
DA:196,2
DA:197,2
DA:198,2
DA:199,2
DA:200,2
DA:201,2
DA:202,2
DA:203,2
DA:204,0
DA:205,0
DA:206,2
DA:207,1
DA:208,1
DA:209,1
DA:210,1
DA:211,1
DA:212,1
DA:213,1
DA:214,1
DA:215,1
DA:216,1
DA:217,1
DA:218,1
DA:219,1
DA:220,1
DA:221,1
DA:222,1
DA:223,1
DA:224,1
DA:225,1
DA:226,1
DA:227,1
DA:228,1
DA:229,1
DA:230,1
DA:231,1
DA:232,1
DA:233,1
DA:234,1
DA:235,1
DA:236,1
DA:237,1
DA:238,1
DA:239,1
DA:240,1
DA:241,1
DA:242,1
DA:243,1
DA:244,1
DA:245,1
DA:246,1
DA:247,1
DA:248,1
DA:249,1
DA:250,1
DA:251,1
DA:252,1
DA:253,1
DA:254,1
DA:255,1
DA:256,1
DA:257,1
DA:258,1
DA:259,1
DA:260,1
DA:261,1
DA:262,2
DA:263,2
DA:264,2
DA:265,1
DA:266,1
DA:267,1
DA:268,1
DA:269,1
DA:270,1
DA:271,1
DA:272,1
DA:273,1
DA:274,1
DA:275,1
DA:276,1
DA:277,1
DA:278,1
DA:279,1
DA:280,1
DA:281,1
DA:282,1
DA:283,1
DA:284,1
DA:285,1
DA:286,1
DA:287,1
DA:288,1
DA:289,1
DA:290,1
DA:291,1
DA:292,1
DA:293,1
DA:294,1
DA:295,1
DA:296,1
DA:297,1
DA:298,1
DA:299,1
DA:300,1
DA:301,1
DA:302,1
DA:303,1
DA:304,1
DA:305,1
DA:306,1
DA:307,1
DA:308,1
DA:309,1
DA:310,1
DA:311,1
DA:312,1
DA:313,1
DA:314,1
DA:315,1
DA:316,1
DA:317,1
DA:318,1
DA:319,1
DA:320,1
DA:321,1
DA:322,1
DA:323,1
DA:324,1
DA:325,1
DA:326,0
DA:327,0
DA:328,0
DA:329,1
DA:330,1
DA:331,1
DA:332,0
DA:333,0
DA:334,0
DA:335,0
DA:336,0
DA:337,0
DA:338,0
DA:339,0
DA:340,0
DA:341,0
DA:342,0
DA:343,0
DA:344,0
DA:345,0
DA:346,0
DA:347,0
DA:348,0
DA:349,0
DA:350,0
DA:351,0
DA:352,0
DA:353,0
DA:354,0
DA:355,1
DA:356,1
DA:357,1
DA:358,1
DA:359,1
DA:360,1
DA:361,1
DA:362,1
DA:363,1
DA:364,1
DA:365,1
DA:366,1
DA:367,1
DA:368,1
DA:369,1
DA:370,1
DA:371,1
DA:372,1
DA:373,1
DA:374,0
DA:375,0
DA:376,0
DA:377,0
DA:378,1
DA:379,1
DA:380,1
DA:381,1
DA:382,1
DA:383,1
DA:384,1
DA:385,1
DA:386,1
DA:387,1
DA:388,1
DA:389,0
DA:390,0
DA:391,0
DA:392,0
DA:393,1
DA:394,1
DA:395,1
DA:396,1
DA:397,1
DA:398,1
DA:399,1
DA:400,1
DA:401,1
DA:402,1
DA:403,1
DA:404,1
DA:405,1
DA:406,1
DA:407,1
DA:408,1
DA:409,1
DA:410,1
DA:411,1
DA:412,1
DA:413,1
DA:414,0
DA:415,0
DA:416,0
DA:417,0
DA:418,1
DA:419,1
DA:420,1
DA:421,0
DA:422,0
DA:423,1
DA:424,1
DA:425,1
DA:426,1
DA:427,1
DA:428,1
DA:429,1
DA:430,1
DA:431,1
DA:432,1
DA:433,0
DA:434,0
DA:435,1
DA:436,1
DA:437,1
DA:438,1
DA:439,1
DA:440,1
DA:441,1
DA:442,1
DA:443,1
DA:444,1
DA:445,1
DA:446,1
DA:447,1
DA:448,1
DA:449,1
DA:450,1
DA:451,1
DA:452,1
DA:453,1
DA:454,1
DA:455,1
DA:456,1
DA:457,1
DA:458,1
DA:459,1
DA:460,1
DA:461,1
DA:462,0
DA:463,0
DA:464,0
DA:465,0
DA:466,1
DA:467,1
DA:468,1
DA:469,1
DA:470,1
DA:471,1
DA:472,1
DA:473,1
DA:474,1
DA:475,1
DA:476,1
DA:477,1
DA:478,1
DA:479,0
DA:480,0
DA:481,0
DA:482,0
DA:483,1
DA:484,1
DA:485,1
DA:486,1
DA:487,1
DA:488,1
DA:489,1
DA:490,1
DA:491,0
DA:492,0
DA:493,0
DA:494,0
DA:495,0
DA:496,1
DA:497,1
DA:498,1
DA:499,1
DA:500,1
DA:501,1
DA:502,1
DA:503,1
DA:504,1
DA:505,1
DA:506,1
DA:507,1
DA:508,1
DA:509,1
DA:510,1
DA:511,1
DA:512,1
DA:513,1
DA:514,1
DA:515,1
DA:516,1
DA:517,0
DA:518,0
DA:519,0
DA:520,0
DA:521,1
DA:522,1
DA:523,1
DA:524,0
DA:525,0
DA:526,1
DA:527,1
DA:528,1
DA:529,1
DA:530,1
DA:531,1
DA:532,1
DA:533,1
DA:534,0
DA:535,0
DA:536,1
DA:537,1
DA:538,1
DA:539,1
DA:540,1
DA:541,1
DA:542,1
DA:543,1
DA:544,1
DA:545,1
DA:546,1
DA:547,1
DA:548,1
DA:549,1
DA:550,1
DA:551,1
DA:552,1
DA:553,1
DA:554,1
DA:555,1
DA:556,1
DA:557,1
DA:558,1
DA:559,1
DA:560,1
DA:561,1
DA:562,1
DA:563,1
DA:564,1
DA:565,1
DA:566,1
DA:567,1
DA:568,1
DA:569,1
DA:570,1
DA:571,1
DA:572,1
DA:573,1
DA:574,1
DA:575,1
DA:576,0
DA:577,0
DA:578,0
DA:579,0
DA:580,1
DA:581,1
DA:582,1
DA:583,0
DA:584,0
DA:585,1
DA:586,1
DA:587,1
DA:588,1
DA:589,1
DA:590,1
DA:591,1
DA:592,1
DA:593,0
DA:594,0
DA:595,1
DA:596,1
DA:597,1
DA:598,1
DA:599,1
DA:600,1
DA:601,1
DA:602,1
DA:603,1
DA:604,1
DA:605,1
DA:606,1
DA:607,1
DA:608,1
DA:609,1
DA:610,1
DA:611,1
DA:612,1
DA:613,1
DA:614,1
DA:615,1
DA:616,1
DA:617,1
DA:618,1
DA:619,1
DA:620,1
DA:621,1
DA:622,1
DA:623,1
DA:624,1
DA:625,1
DA:626,1
DA:627,1
DA:628,1
DA:629,1
DA:630,1
DA:631,1
DA:632,1
DA:633,1
DA:634,1
DA:635,1
DA:636,1
DA:637,1
DA:638,1
DA:639,1
DA:640,1
DA:641,1
DA:642,1
DA:643,1
DA:644,1
DA:645,1
DA:646,1
DA:647,0
DA:648,0
DA:649,0
DA:650,0
DA:651,1
DA:652,1
DA:653,1
DA:654,0
DA:655,0
DA:656,0
DA:657,1
DA:658,1
DA:659,1
DA:660,1
DA:661,1
DA:662,1
DA:663,1
DA:664,1
DA:665,1
DA:666,0
DA:667,0
DA:668,1
DA:669,1
DA:670,1
DA:671,1
DA:672,1
DA:673,1
DA:674,1
DA:675,1
DA:676,1
DA:677,1
DA:678,1
DA:679,1
DA:680,1
DA:681,1
DA:682,1
DA:683,1
DA:684,1
DA:685,1
DA:686,1
DA:687,1
DA:688,1
DA:689,1
DA:690,1
DA:691,1
DA:692,1
DA:693,1
DA:694,1
DA:695,1
DA:696,1
DA:697,1
DA:698,1
DA:699,1
DA:700,1
DA:701,1
DA:702,1
DA:703,1
DA:704,1
DA:705,1
DA:706,1
DA:707,1
DA:708,1
DA:709,1
DA:710,1
DA:711,1
DA:712,1
DA:713,1
DA:714,1
DA:715,0
DA:716,0
DA:717,0
DA:718,0
DA:719,1
DA:720,1
DA:721,1
DA:722,0
DA:723,0
DA:724,0
DA:725,1
DA:726,1
DA:727,1
DA:728,1
DA:729,1
DA:730,1
DA:731,1
DA:732,1
DA:733,1
DA:734,0
DA:735,0
DA:736,1
DA:737,1
DA:738,1
DA:739,1
DA:740,1
DA:741,1
DA:742,2
DA:743,2
DA:744,0
DA:745,0
DA:746,2
DA:747,2
DA:748,2
DA:749,2
DA:750,2
DA:751,2
DA:752,2
DA:753,0
DA:754,0
DA:755,2
DA:756,2
DA:757,2
DA:758,2
DA:759,2
DA:760,2
DA:761,2
DA:762,2
DA:763,2
DA:764,2
DA:765,2
DA:766,2
DA:767,2
DA:768,2
DA:769,2
DA:770,2
DA:771,2
DA:772,2
DA:773,2
DA:774,2
DA:775,0
DA:776,2
DA:777,2
DA:778,2
DA:779,2
DA:780,2
DA:781,2
DA:782,2
DA:783,2
DA:784,2
DA:785,2
DA:786,2
DA:787,2
DA:788,2
DA:789,2
DA:790,2
DA:791,2
DA:792,2
DA:793,2
DA:794,2
DA:795,2
DA:796,2
DA:797,2
DA:798,0
DA:799,0
DA:800,2
DA:801,1
DA:802,2
DA:803,2
DA:804,0
DA:805,0
DA:806,2
DA:807,2
DA:808,2
DA:809,2
DA:810,2
DA:811,2
DA:812,2
DA:813,0
DA:814,0
DA:815,2
DA:816,2
DA:817,2
DA:818,2
DA:819,2
DA:820,2
DA:821,2
DA:822,2
DA:823,2
DA:824,2
DA:825,2
DA:826,2
DA:827,2
DA:828,2
DA:829,2
DA:830,2
DA:831,2
DA:832,2
DA:833,2
DA:834,2
DA:835,2
DA:836,2
DA:837,2
DA:838,0
DA:839,2
DA:840,0
DA:841,2
DA:842,0
DA:843,2
DA:844,2
DA:845,2
DA:846,2
DA:847,2
DA:848,2
DA:849,2
DA:850,2
DA:851,2
DA:852,2
DA:853,2
DA:854,2
DA:855,2
DA:856,2
DA:857,2
DA:858,2
DA:859,2
DA:860,2
DA:861,2
DA:862,2
DA:863,2
DA:864,2
DA:865,0
DA:866,0
DA:867,2
DA:868,1
DA:869,2
DA:870,2
DA:871,0
DA:872,0
DA:873,2
DA:874,2
DA:875,2
DA:876,2
DA:877,2
DA:878,2
DA:879,2
DA:880,0
DA:881,0
DA:882,2
DA:883,2
DA:884,2
DA:885,2
DA:886,2
DA:887,2
DA:888,2
DA:889,2
DA:890,2
DA:891,2
DA:892,2
DA:893,2
DA:894,2
DA:895,2
DA:896,2
DA:897,2
DA:898,2
DA:899,2
DA:900,2
DA:901,2
DA:902,2
DA:903,0
DA:904,0
DA:905,2
DA:906,2
DA:907,2
DA:908,2
DA:909,2
DA:910,2
DA:911,2
DA:912,2
DA:913,2
DA:914,2
DA:915,2
DA:916,2
DA:917,2
DA:918,2
DA:919,2
DA:920,2
DA:921,2
DA:922,2
DA:923,2
DA:924,2
DA:925,2
DA:926,2
DA:927,0
DA:928,0
DA:929,2
DA:930,1
DA:931,2
DA:932,2
DA:933,0
DA:934,0
DA:935,2
DA:936,2
DA:937,2
DA:938,2
DA:939,2
DA:940,2
DA:941,2
DA:942,0
DA:943,0
DA:944,2
DA:945,2
DA:946,2
DA:947,2
DA:948,2
DA:949,2
DA:950,2
DA:951,2
DA:952,2
DA:953,2
DA:954,2
DA:955,2
DA:956,2
DA:957,2
DA:958,2
DA:959,2
DA:960,2
DA:961,2
DA:962,2
DA:963,2
DA:964,2
DA:965,2
DA:966,2
DA:967,2
DA:968,2
DA:969,2
DA:970,2
DA:971,2
DA:972,2
DA:973,2
DA:974,2
DA:975,2
DA:976,2
DA:977,2
DA:978,0
DA:979,0
DA:980,2
LF:980
LH:848
BRDA:17,0,0,5
BRDA:26,1,0,1
BRDA:28,2,0,4
BRDA:30,3,0,0
BRDA:32,4,0,4
BRDA:35,5,0,1
BRDA:35,6,0,1
BRDA:37,7,0,3
BRDA:53,8,0,15
BRDA:54,9,0,5
BRDA:60,10,0,10
BRDA:67,11,0,3
BRDA:70,12,0,1
BRDA:76,13,0,2
BRDA:89,14,0,0
BRDA:90,15,0,0
BRDA:91,16,0,0
BRDA:92,17,0,0
BRDA:93,18,0,0
BRDA:106,19,0,2
BRDA:124,20,0,1
BRDA:129,21,0,2
BRDA:135,22,0,0
BRDA:135,23,0,2
BRDA:135,24,0,1
BRDA:135,25,0,1
BRDA:137,26,0,1
BRDA:141,27,0,0
BRDA:48,28,0,11
BRDA:70,29,0,11
BRDA:121,30,0,20
BRDA:148,31,0,2
BRDA:149,32,0,0
BRDA:158,33,0,0
BRDA:167,34,0,0
BRDA:174,35,0,0
BRDA:180,36,0,0
BRDA:197,37,0,0
BRDA:199,38,0,0
BRDA:203,39,0,0
BRDA:209,40,0,1
BRDA:230,41,0,0
BRDA:231,42,0,0
BRDA:232,43,0,0
BRDA:233,44,0,0
BRDA:234,45,0,0
BRDA:254,46,0,0
BRDA:255,47,0,0
BRDA:271,48,0,0
BRDA:274,49,0,0
BRDA:295,50,0,0
BRDA:299,51,0,0
BRDA:303,52,0,0
BRDA:307,53,0,0
BRDA:311,54,0,0
BRDA:325,55,0,0
BRDA:230,56,0,1
BRDA:231,57,0,1
BRDA:232,58,0,1
BRDA:233,59,0,1
BRDA:234,60,0,1
BRDA:242,61,0,1
BRDA:246,62,0,1
BRDA:254,63,0,1
BRDA:255,64,0,1
BRDA:261,65,0,2
BRDA:267,66,0,2
BRDA:271,67,0,1
BRDA:274,68,0,1
BRDA:281,69,0,1
BRDA:286,70,0,1
BRDA:357,71,0,1
BRDA:373,72,0,0
BRDA:388,73,0,0
BRDA:420,74,0,0
BRDA:432,75,0,0
BRDA:428,76,0,1
BRDA:440,77,0,1
BRDA:461,78,0,0
BRDA:478,79,0,0
BRDA:484,80,0,0
BRDA:490,81,0,0
BRDA:523,82,0,0
BRDA:533,83,0,0
BRDA:530,84,0,1
BRDA:541,85,0,1
BRDA:563,86,0,0
BRDA:564,87,0,0
BRDA:571,88,0,0
BRDA:572,89,0,0
BRDA:582,90,0,0
BRDA:592,91,0,0
BRDA:589,92,0,1
BRDA:600,93,0,1
BRDA:653,94,0,0
BRDA:665,95,0,0
BRDA:661,96,0,1
BRDA:674,97,0,1
BRDA:721,98,0,0
BRDA:733,99,0,0
BRDA:729,100,0,1
BRDA:742,101,0,2
BRDA:743,102,0,0
BRDA:752,103,0,0
BRDA:762,104,0,0
BRDA:771,105,0,0
BRDA:774,106,0,0
BRDA:791,107,0,0
BRDA:793,108,0,0
BRDA:797,109,0,0
BRDA:802,110,0,2
BRDA:803,111,0,0
BRDA:812,112,0,0
BRDA:821,113,0,0
BRDA:830,114,0,0
BRDA:833,115,0,0
BRDA:834,116,0,0
BRDA:837,117,0,0
BRDA:839,118,0,0
BRDA:841,119,0,0
BRDA:858,120,0,0
BRDA:860,121,0,0
BRDA:864,122,0,0
BRDA:869,123,0,2
BRDA:870,124,0,0
BRDA:879,125,0,0
BRDA:888,126,0,0
BRDA:896,127,0,0
BRDA:902,128,0,0
BRDA:920,129,0,0
BRDA:922,130,0,0
BRDA:926,131,0,0
BRDA:931,132,0,2
BRDA:932,133,0,0
BRDA:941,134,0,0
BRDA:950,135,0,0
BRDA:957,136,0,0
BRDA:964,137,0,0
BRDA:965,138,0,0
BRDA:977,139,0,0
BRF:140
BRH:54
end_of_record
TN:
SF:lib\raport-utils.ts
FN:6,getPredicate
FN:18,getSikapPredicate
FN:30,formatTanggal
FN:43,calculateAverage
FN:65,getFullRaportData
FN:132,convertToHijriah
FN:140,generateLaporanNilai
FN:348,calculateClassRanking
FN:421,calculateAveragePredikat
FN:451,calculateHafalanStatus
FN:462,calculateTotalKetidakhadiran
FN:470,normalizeHafalanPredikat
FN:479,calculateAttendanceSummary
FNF:13
FNH:10
FNDA:2,getPredicate
FNDA:6,getSikapPredicate
FNDA:2,formatTanggal
FNDA:0,calculateAverage
FNDA:0,getFullRaportData
FNDA:0,convertToHijriah
FNDA:4,generateLaporanNilai
FNDA:2,calculateClassRanking
FNDA:2,calculateAveragePredikat
FNDA:2,calculateHafalanStatus
FNDA:2,calculateTotalKetidakhadiran
FNDA:2,normalizeHafalanPredikat
FNDA:2,calculateAttendanceSummary
DA:1,1
DA:2,1
DA:3,1
DA:4,1
DA:5,1
DA:6,1
DA:7,2
DA:8,2
DA:9,2
DA:10,2
DA:11,2
DA:12,0
DA:13,0
DA:14,0
DA:15,0
DA:16,0
DA:17,1
DA:18,1
DA:19,6
DA:20,6
DA:21,6
DA:22,6
DA:23,6
DA:24,3
DA:25,0
DA:26,0
DA:27,0
DA:28,0
DA:29,1
DA:30,1
DA:31,2
DA:32,1
DA:33,1
DA:34,2
DA:35,1
DA:36,1
DA:37,2
DA:38,0
DA:39,0
DA:40,0
DA:41,2
DA:42,1
DA:43,1
DA:44,0
DA:45,0
DA:46,0
DA:47,0
DA:48,0
DA:49,0
DA:50,0
DA:51,0
DA:52,1
DA:53,1
DA:54,1
DA:55,1
DA:56,1
DA:57,1
DA:58,1
DA:59,1
DA:60,1
DA:61,1
DA:62,1
DA:63,1
DA:64,1
DA:65,1
DA:66,0
DA:67,0
DA:68,0
DA:69,0
DA:70,0
DA:71,0
DA:72,0
DA:73,0
DA:74,0
DA:75,0
DA:76,0
DA:77,0
DA:78,0
DA:79,0
DA:80,0
DA:81,0
DA:82,0
DA:83,0
DA:84,0
DA:85,0
DA:86,0
DA:87,0
DA:88,0
DA:89,0
DA:90,0
DA:91,0
DA:92,0
DA:93,0
DA:94,0
DA:95,0
DA:96,0
DA:97,0
DA:98,0
DA:99,0
DA:100,0
DA:101,0
DA:102,0
DA:103,0
DA:104,0
DA:105,0
DA:106,0
DA:107,0
DA:108,0
DA:109,0
DA:110,0
DA:111,0
DA:112,0
DA:113,0
DA:114,0
DA:115,0
DA:116,0
DA:117,0
DA:118,0
DA:119,0
DA:120,0
DA:121,0
DA:122,0
DA:123,0
DA:124,0
DA:125,0
DA:126,0
DA:127,0
DA:128,1
DA:129,1
DA:130,1
DA:131,1
DA:132,1
DA:133,0
DA:134,0
DA:135,0
DA:136,1
DA:137,1
DA:138,1
DA:139,1
DA:140,1
DA:141,4
DA:142,4
DA:143,4
DA:144,4
DA:145,4
DA:146,4
DA:147,4
DA:148,4
DA:149,4
DA:150,4
DA:151,4
DA:152,4
DA:153,4
DA:154,4
DA:155,4
DA:156,4
DA:157,4
DA:158,4
DA:159,4
DA:160,4
DA:161,4
DA:162,4
DA:163,4
DA:164,4
DA:165,4
DA:166,1
DA:167,1
DA:168,3
DA:169,4
DA:170,1
DA:171,1
DA:172,1
DA:173,1
DA:174,1
DA:175,2
DA:176,2
DA:177,2
DA:178,2
DA:179,2
DA:180,2
DA:181,4
DA:182,0
DA:183,0
DA:184,2
DA:185,2
DA:186,4
DA:187,4
DA:188,4
DA:189,2
DA:190,2
DA:191,2
DA:192,2
DA:193,2
DA:194,4
DA:195,4
DA:196,4
DA:197,4
DA:198,4
DA:199,4
DA:200,4
DA:201,4
DA:202,4
DA:203,4
DA:204,4
DA:205,4
DA:206,4
DA:207,4
DA:208,4
DA:209,4
DA:210,4
DA:211,4
DA:212,4
DA:213,4
DA:214,4
DA:215,4
DA:216,4
DA:217,4
DA:218,4
DA:219,4
DA:220,4
DA:221,4
DA:222,4
DA:223,4
DA:224,4
DA:225,4
DA:226,4
DA:227,4
DA:228,4
DA:229,4
DA:230,4
DA:231,4
DA:232,4
DA:233,4
DA:234,4
DA:235,4
DA:236,4
DA:237,4
DA:238,4
DA:239,4
DA:240,2
DA:241,2
DA:242,4
DA:243,4
DA:244,4
DA:245,2
DA:246,2
DA:247,2
DA:248,2
DA:249,1
DA:250,1
DA:251,1
DA:252,1
DA:253,2
DA:254,2
DA:255,4
DA:256,0
DA:257,0
DA:258,2
DA:259,4
DA:260,2
DA:261,2
DA:262,4
DA:263,4
DA:264,4
DA:265,2
DA:266,2
DA:267,2
DA:268,4
DA:269,4
DA:270,4
DA:271,4
DA:272,2
DA:273,2
DA:274,2
DA:275,2
DA:276,2
DA:277,2
DA:278,2
DA:279,2
DA:280,2
DA:281,2
DA:282,2
DA:283,2
DA:284,2
DA:285,4
DA:286,4
DA:287,4
DA:288,4
DA:289,4
DA:290,2
DA:291,2
DA:292,2
DA:293,2
DA:294,2
DA:295,2
DA:296,2
DA:297,2
DA:298,4
DA:299,4
DA:300,4
DA:301,4
DA:302,4
DA:303,4
DA:304,2
DA:305,2
DA:306,2
DA:307,2
DA:308,2
DA:309,2
DA:310,2
DA:311,2
DA:312,2
DA:313,2
DA:314,4
DA:315,4
DA:316,1
DA:317,1
DA:318,1
DA:319,1
DA:320,1
DA:321,4
DA:322,4
DA:323,4
DA:324,4
DA:325,4
DA:326,4
DA:327,4
DA:328,4
DA:329,4
DA:330,4
DA:331,4
DA:332,4
DA:333,4
DA:334,4
DA:335,4
DA:336,4
DA:337,4
DA:338,0
DA:339,0
DA:340,0
DA:341,0
DA:342,0
DA:343,0
DA:344,4
DA:345,1
DA:346,1
DA:347,1
DA:348,1
DA:349,2
DA:350,2
DA:351,2
DA:352,2
DA:353,2
DA:354,2
DA:355,2
DA:356,2
DA:357,2
DA:358,2
DA:359,2
DA:360,2
DA:361,2
DA:362,2
DA:363,2
DA:364,2
DA:365,2
DA:366,2
DA:367,2
DA:368,2
DA:369,2
DA:370,2
DA:371,2
DA:372,2
DA:373,2
DA:374,2
DA:375,2
DA:376,2
DA:377,2
DA:378,2
DA:379,2
DA:380,2
DA:381,2
DA:382,2
DA:383,2
DA:384,2
DA:385,2
DA:386,2
DA:387,2
DA:388,2
DA:389,2
DA:390,2
DA:391,2
DA:392,2
DA:393,2
DA:394,2
DA:395,2
DA:396,2
DA:397,2
DA:398,2
DA:399,2
DA:400,2
DA:401,2
DA:402,2
DA:403,2
DA:404,2
DA:405,2
DA:406,2
DA:407,2
DA:408,2
DA:409,2
DA:410,2
DA:411,2
DA:412,2
DA:413,2
DA:414,2
DA:415,2
DA:416,0
DA:417,0
DA:418,0
DA:419,2
DA:420,1
DA:421,1
DA:422,2
DA:423,2
DA:424,2
DA:425,2
DA:426,2
DA:427,2
DA:428,2
DA:429,2
DA:430,2
DA:431,2
DA:432,2
DA:433,2
DA:434,2
DA:435,2
DA:436,2
DA:437,2
DA:438,2
DA:439,2
DA:440,0
DA:441,0
DA:442,0
DA:443,2
DA:444,2
DA:445,2
DA:446,0
DA:447,0
DA:448,0
DA:449,0
DA:450,1
DA:451,1
DA:452,2
DA:453,2
DA:454,2
DA:455,2
DA:456,2
DA:457,2
DA:458,0
DA:459,0
DA:460,0
DA:461,1
DA:462,1
DA:463,2
DA:464,1
DA:465,1
DA:466,1
DA:467,1
DA:468,1
DA:469,1
DA:470,1
DA:471,2
DA:472,2
DA:473,2
DA:474,0
DA:475,0
DA:476,0
DA:477,0
DA:478,1
DA:479,1
DA:480,2
DA:481,2
DA:482,2
DA:483,2
DA:484,2
DA:485,2
DA:486,2
DA:487,1
DA:488,1
DA:489,1
DA:490,1
DA:491,1
DA:492,1
DA:493,1
DA:494,1
DA:495,1
DA:496,1
DA:497,1
DA:498,1
DA:499,1
DA:500,1
DA:501,1
DA:502,1
DA:503,1
DA:504,1
DA:505,0
DA:506,2
DA:507,2
DA:508,2
DA:509,2
DA:510,2
DA:511,2
DA:512,2
DA:513,2
DA:514,2
LF:514
LH:401
BRDA:6,0,0,2
BRDA:7,1,0,0
BRDA:9,2,0,0
BRDA:10,3,0,0
BRDA:11,4,0,0
BRDA:18,5,0,6
BRDA:19,6,0,0
BRDA:21,7,0,0
BRDA:22,8,0,0
BRDA:23,9,0,3
BRDA:23,10,0,5
BRDA:23,11,0,3
BRDA:24,12,0,0
BRDA:30,13,0,2
BRDA:31,14,0,1
BRDA:34,15,0,0
BRDA:34,16,0,1
BRDA:37,17,0,0
BRDA:140,18,0,4
BRDA:165,19,0,1
BRDA:167,20,0,3
BRDA:169,21,0,1
BRDA:174,22,0,2
BRDA:181,23,0,0
BRDA:183,24,0,2
BRDA:188,25,0,2
BRDA:194,26,0,0
BRDA:239,27,0,2
BRDA:242,28,0,1
BRDA:242,29,0,2
BRDA:243,30,0,0
BRDA:243,31,0,2
BRDA:244,32,0,0
BRDA:244,33,0,2
BRDA:248,34,0,1
BRDA:248,35,0,1
BRDA:248,36,0,1
BRDA:255,37,0,0
BRDA:257,38,0,2
BRDA:259,39,0,0
BRDA:259,40,0,0
BRDA:259,41,0,2
BRDA:262,42,0,0
BRDA:264,43,0,2
BRDA:268,44,0,0
BRDA:271,45,0,2
BRDA:277,46,0,0
BRDA:301,47,0,2
BRDA:301,48,0,0
BRDA:301,49,0,0
BRDA:302,50,0,2
BRDA:302,51,0,0
BRDA:327,52,0,2
BRDA:327,53,0,0
BRDA:332,54,0,1
BRDA:332,55,0,1
BRDA:337,56,0,0
BRDA:151,57,0,4
BRDA:198,58,0,4
BRDA:261,59,0,2
BRDA:289,60,0,2
BRDA:293,61,0,0
BRDA:293,62,0,0
BRDA:295,63,0,0
BRDA:303,64,0,2
BRDA:308,65,0,0
BRDA:308,66,0,0
BRDA:309,67,0,0
BRDA:310,68,0,0
BRDA:315,69,0,1
BRDA:348,70,0,2
BRDA:365,71,0,0
BRDA:375,72,0,0
BRDA:402,73,0,0
BRDA:415,74,0,0
BRDA:357,75,0,2
BRDA:389,76,0,2
BRDA:394,77,0,0
BRDA:390,78,0,2
BRDA:401,79,0,2
BRDA:421,80,0,2
BRDA:422,81,0,0
BRDA:436,82,0,0
BRDA:439,83,0,0
BRDA:445,84,0,0
BRDA:451,85,0,2
BRDA:452,86,0,0
BRDA:457,87,0,0
BRDA:454,88,0,2
BRDA:462,89,0,2
BRDA:463,90,0,1
BRDA:465,91,0,1
BRDA:466,92,0,0
BRDA:466,93,0,0
BRDA:470,94,0,2
BRDA:471,95,0,0
BRDA:473,96,0,0
BRDA:479,97,0,2
BRDA:486,98,0,1
BRDA:504,99,0,0
BRDA:496,100,0,1
BRDA:497,101,0,1
BRDA:498,102,0,1
BRF:103
BRH:55
end_of_record
